[ERROR]_2014-07-06 00:55:48 :Could not find action or result
/summer/login.jspx
  There is no Action mapped for namespace [/] and action name [login] associated with context path [/summer]. - [unknown location]
	at com.opensymphony.xwork2.DefaultActionProxy.prepare(DefaultActionProxy.java:185)
	at org.apache.struts2.impl.StrutsActionProxy.prepare(StrutsActionProxy.java:63)
	at org.apache.struts2.impl.StrutsActionProxyFactory.createActionProxy(StrutsActionProxyFactory.java:39)
	at com.opensymphony.xwork2.DefaultActionProxyFactory.createActionProxy(DefaultActionProxyFactory.java:58)
	at org.apache.struts2.dispatcher.Dispatcher.serviceAction(Dispatcher.java:534)
	at org.apache.struts2.dispatcher.ng.ExecuteOperations.executeAction(ExecuteOperations.java:77)
	at org.apache.struts2.dispatcher.ng.filter.StrutsPrepareAndExecuteFilter.doFilter(StrutsPrepareAndExecuteFilter.java:91)
	at org.apache.catalina.core.ApplicationFilterChain.internalDoFilter(ApplicationFilterChain.java:235)
	at org.apache.catalina.core.ApplicationFilterChain.doFilter(ApplicationFilterChain.java:206)
	at org.apache.catalina.core.StandardWrapperValve.invoke(StandardWrapperValve.java:233)
	at org.apache.catalina.core.StandardContextValve.invoke(StandardContextValve.java:191)
	at org.apache.catalina.core.StandardHostValve.invoke(StandardHostValve.java:127)
	at org.apache.catalina.valves.ErrorReportValve.invoke(ErrorReportValve.java:102)
	at org.apache.catalina.core.StandardEngineValve.invoke(StandardEngineValve.java:109)
	at org.apache.catalina.connector.CoyoteAdapter.service(CoyoteAdapter.java:298)
	at org.apache.coyote.http11.Http11AprProcessor.process(Http11AprProcessor.java:864)
	at org.apache.coyote.http11.Http11AprProtocol$Http11ConnectionHandler.process(Http11AprProtocol.java:579)
	at org.apache.tomcat.util.net.AprEndpoint$Worker.run(AprEndpoint.java:1665)
	at java.lang.Thread.run(Thread.java:662)
[ERROR]_2014-07-06 00:56:10 :Could not find action or result
/summer/login.jspx
  There is no Action mapped for namespace [/] and action name [login] associated with context path [/summer]. - [unknown location]
	at com.opensymphony.xwork2.DefaultActionProxy.prepare(DefaultActionProxy.java:185)
	at org.apache.struts2.impl.StrutsActionProxy.prepare(StrutsActionProxy.java:63)
	at org.apache.struts2.impl.StrutsActionProxyFactory.createActionProxy(StrutsActionProxyFactory.java:39)
	at com.opensymphony.xwork2.DefaultActionProxyFactory.createActionProxy(DefaultActionProxyFactory.java:58)
	at org.apache.struts2.dispatcher.Dispatcher.serviceAction(Dispatcher.java:534)
	at org.apache.struts2.dispatcher.ng.ExecuteOperations.executeAction(ExecuteOperations.java:77)
	at org.apache.struts2.dispatcher.ng.filter.StrutsPrepareAndExecuteFilter.doFilter(StrutsPrepareAndExecuteFilter.java:91)
	at org.apache.catalina.core.ApplicationFilterChain.internalDoFilter(ApplicationFilterChain.java:235)
	at org.apache.catalina.core.ApplicationFilterChain.doFilter(ApplicationFilterChain.java:206)
	at org.apache.catalina.core.StandardWrapperValve.invoke(StandardWrapperValve.java:233)
	at org.apache.catalina.core.StandardContextValve.invoke(StandardContextValve.java:191)
	at org.apache.catalina.core.StandardHostValve.invoke(StandardHostValve.java:127)
	at org.apache.catalina.valves.ErrorReportValve.invoke(ErrorReportValve.java:102)
	at org.apache.catalina.core.StandardEngineValve.invoke(StandardEngineValve.java:109)
	at org.apache.catalina.connector.CoyoteAdapter.service(CoyoteAdapter.java:298)
	at org.apache.coyote.http11.Http11AprProcessor.process(Http11AprProcessor.java:864)
	at org.apache.coyote.http11.Http11AprProtocol$Http11ConnectionHandler.process(Http11AprProtocol.java:579)
	at org.apache.tomcat.util.net.AprEndpoint$Worker.run(AprEndpoint.java:1665)
	at java.lang.Thread.run(Thread.java:662)
[ERROR]_2014-07-06 01:00:05 :Could not find action or result
/summer/login.jspx
  There is no Action mapped for namespace [/] and action name [login] associated with context path [/summer]. - [unknown location]
	at com.opensymphony.xwork2.DefaultActionProxy.prepare(DefaultActionProxy.java:185)
	at org.apache.struts2.impl.StrutsActionProxy.prepare(StrutsActionProxy.java:63)
	at org.apache.struts2.impl.StrutsActionProxyFactory.createActionProxy(StrutsActionProxyFactory.java:39)
	at com.opensymphony.xwork2.DefaultActionProxyFactory.createActionProxy(DefaultActionProxyFactory.java:58)
	at org.apache.struts2.dispatcher.Dispatcher.serviceAction(Dispatcher.java:534)
	at org.apache.struts2.dispatcher.ng.ExecuteOperations.executeAction(ExecuteOperations.java:77)
	at org.apache.struts2.dispatcher.ng.filter.StrutsPrepareAndExecuteFilter.doFilter(StrutsPrepareAndExecuteFilter.java:91)
	at org.apache.catalina.core.ApplicationFilterChain.internalDoFilter(ApplicationFilterChain.java:235)
	at org.apache.catalina.core.ApplicationFilterChain.doFilter(ApplicationFilterChain.java:206)
	at org.apache.catalina.core.StandardWrapperValve.invoke(StandardWrapperValve.java:233)
	at org.apache.catalina.core.StandardContextValve.invoke(StandardContextValve.java:191)
	at org.apache.catalina.core.StandardHostValve.invoke(StandardHostValve.java:127)
	at org.apache.catalina.valves.ErrorReportValve.invoke(ErrorReportValve.java:102)
	at org.apache.catalina.core.StandardEngineValve.invoke(StandardEngineValve.java:109)
	at org.apache.catalina.connector.CoyoteAdapter.service(CoyoteAdapter.java:298)
	at org.apache.coyote.http11.Http11AprProcessor.process(Http11AprProcessor.java:864)
	at org.apache.coyote.http11.Http11AprProtocol$Http11ConnectionHandler.process(Http11AprProtocol.java:579)
	at org.apache.tomcat.util.net.AprEndpoint$Worker.run(AprEndpoint.java:1665)
	at java.lang.Thread.run(Thread.java:662)
[ERROR]_2014-07-06 01:05:19 :Context initialization failed
  org.springframework.beans.factory.BeanCreationException: Error creating bean with name 'sysuserDao': Injection of autowired dependencies failed; nested exception is org.springframework.beans.factory.BeanCreationException: Could not autowire method: public final void org.mybatis.spring.support.SqlSessionDaoSupport.setSqlSessionTemplate(org.mybatis.spring.SqlSessionTemplate); nested exception is org.springframework.beans.factory.BeanCreationException: Error creating bean with name 'sqlSession' defined in file [E:\WorkProject\summer\WebRoot\WEB-INF\classes\com\sx\config\applicationContext-common.xml]: Cannot resolve reference to bean 'sqlSessionFactory' while setting constructor argument; nested exception is org.springframework.beans.factory.BeanCreationException: Error creating bean with name 'sqlSessionFactory' defined in file [E:\WorkProject\summer\WebRoot\WEB-INF\classes\com\sx\config\applicationContext-common.xml]: Invocation of init method failed; nested exception is org.springframework.core.NestedIOException: Failed to parse config resource: class path resource [com/sx/config/mybatis-config.xml]; nested exception is org.apache.ibatis.builder.BuilderException: Error parsing SQL Mapper Configuration. Cause: java.lang.RuntimeException: Error parsing Mapper XML. Cause: org.apache.ibatis.builder.BuilderException: Error resolving class . Cause: org.apache.ibatis.type.TypeException: Could not resolve type alias 'cityinfo'.  Cause: java.lang.ClassNotFoundException: Cannot find class: cityinfo
	at org.springframework.beans.factory.annotation.AutowiredAnnotationBeanPostProcessor.postProcessPropertyValues(AutowiredAnnotationBeanPostProcessor.java:283)
	at org.springframework.beans.factory.support.AbstractAutowireCapableBeanFactory.populateBean(AbstractAutowireCapableBeanFactory.java:1055)
	at org.springframework.beans.factory.support.AbstractAutowireCapableBeanFactory.doCreateBean(AbstractAutowireCapableBeanFactory.java:511)
	at org.springframework.beans.factory.support.AbstractAutowireCapableBeanFactory.createBean(AbstractAutowireCapableBeanFactory.java:450)
	at org.springframework.beans.factory.support.AbstractBeanFactory$1.getObject(AbstractBeanFactory.java:290)
	at org.springframework.beans.factory.support.DefaultSingletonBeanRegistry.getSingleton(DefaultSingletonBeanRegistry.java:222)
	at org.springframework.beans.factory.support.AbstractBeanFactory.doGetBean(AbstractBeanFactory.java:287)
	at org.springframework.beans.factory.support.AbstractBeanFactory.getBean(AbstractBeanFactory.java:189)
	at org.springframework.beans.factory.support.DefaultListableBeanFactory.preInstantiateSingletons(DefaultListableBeanFactory.java:540)
	at org.springframework.context.support.AbstractApplicationContext.finishBeanFactoryInitialization(AbstractApplicationContext.java:842)
	at org.springframework.context.support.AbstractApplicationContext.refresh(AbstractApplicationContext.java:416)
	at org.springframework.web.context.ContextLoader.createWebApplicationContext(ContextLoader.java:261)
	at org.springframework.web.context.ContextLoader.initWebApplicationContext(ContextLoader.java:192)
	at org.springframework.web.context.ContextLoaderListener.contextInitialized(ContextLoaderListener.java:47)
	at org.apache.catalina.core.StandardContext.listenerStart(StandardContext.java:4205)
	at org.apache.catalina.core.StandardContext.start(StandardContext.java:4704)
	at org.apache.catalina.core.ContainerBase.start(ContainerBase.java:1053)
	at org.apache.catalina.core.StandardHost.start(StandardHost.java:840)
	at org.apache.catalina.core.ContainerBase.start(ContainerBase.java:1053)
	at org.apache.catalina.core.StandardEngine.start(StandardEngine.java:463)
	at org.apache.catalina.core.StandardService.start(StandardService.java:525)
	at org.apache.catalina.core.StandardServer.start(StandardServer.java:754)
	at org.apache.catalina.startup.Catalina.start(Catalina.java:595)
	at sun.reflect.NativeMethodAccessorImpl.invoke0(Native Method)
	at sun.reflect.NativeMethodAccessorImpl.invoke(NativeMethodAccessorImpl.java:39)
	at sun.reflect.DelegatingMethodAccessorImpl.invoke(DelegatingMethodAccessorImpl.java:25)
	at java.lang.reflect.Method.invoke(Method.java:597)
	at org.apache.catalina.startup.Bootstrap.start(Bootstrap.java:289)
	at org.apache.catalina.startup.Bootstrap.main(Bootstrap.java:414)
Caused by: org.springframework.beans.factory.BeanCreationException: Could not autowire method: public final void org.mybatis.spring.support.SqlSessionDaoSupport.setSqlSessionTemplate(org.mybatis.spring.SqlSessionTemplate); nested exception is org.springframework.beans.factory.BeanCreationException: Error creating bean with name 'sqlSession' defined in file [E:\WorkProject\summer\WebRoot\WEB-INF\classes\com\sx\config\applicationContext-common.xml]: Cannot resolve reference to bean 'sqlSessionFactory' while setting constructor argument; nested exception is org.springframework.beans.factory.BeanCreationException: Error creating bean with name 'sqlSessionFactory' defined in file [E:\WorkProject\summer\WebRoot\WEB-INF\classes\com\sx\config\applicationContext-common.xml]: Invocation of init method failed; nested exception is org.springframework.core.NestedIOException: Failed to parse config resource: class path resource [com/sx/config/mybatis-config.xml]; nested exception is org.apache.ibatis.builder.BuilderException: Error parsing SQL Mapper Configuration. Cause: java.lang.RuntimeException: Error parsing Mapper XML. Cause: org.apache.ibatis.builder.BuilderException: Error resolving class . Cause: org.apache.ibatis.type.TypeException: Could not resolve type alias 'cityinfo'.  Cause: java.lang.ClassNotFoundException: Cannot find class: cityinfo
	at org.springframework.beans.factory.annotation.AutowiredAnnotationBeanPostProcessor$AutowiredMethodElement.inject(AutowiredAnnotationBeanPostProcessor.java:605)
	at org.springframework.beans.factory.annotation.InjectionMetadata.inject(InjectionMetadata.java:84)
	at org.springframework.beans.factory.annotation.AutowiredAnnotationBeanPostProcessor.postProcessPropertyValues(AutowiredAnnotationBeanPostProcessor.java:280)
	... 28 more
Caused by: org.springframework.beans.factory.BeanCreationException: Error creating bean with name 'sqlSession' defined in file [E:\WorkProject\summer\WebRoot\WEB-INF\classes\com\sx\config\applicationContext-common.xml]: Cannot resolve reference to bean 'sqlSessionFactory' while setting constructor argument; nested exception is org.springframework.beans.factory.BeanCreationException: Error creating bean with name 'sqlSessionFactory' defined in file [E:\WorkProject\summer\WebRoot\WEB-INF\classes\com\sx\config\applicationContext-common.xml]: Invocation of init method failed; nested exception is org.springframework.core.NestedIOException: Failed to parse config resource: class path resource [com/sx/config/mybatis-config.xml]; nested exception is org.apache.ibatis.builder.BuilderException: Error parsing SQL Mapper Configuration. Cause: java.lang.RuntimeException: Error parsing Mapper XML. Cause: org.apache.ibatis.builder.BuilderException: Error resolving class . Cause: org.apache.ibatis.type.TypeException: Could not resolve type alias 'cityinfo'.  Cause: java.lang.ClassNotFoundException: Cannot find class: cityinfo
	at org.springframework.beans.factory.support.BeanDefinitionValueResolver.resolveReference(BeanDefinitionValueResolver.java:328)
	at org.springframework.beans.factory.support.BeanDefinitionValueResolver.resolveValueIfNecessary(BeanDefinitionValueResolver.java:106)
	at org.springframework.beans.factory.support.ConstructorResolver.resolveConstructorArguments(ConstructorResolver.java:586)
	at org.springframework.beans.factory.support.ConstructorResolver.autowireConstructor(ConstructorResolver.java:140)
	at org.springframework.beans.factory.support.AbstractAutowireCapableBeanFactory.autowireConstructor(AbstractAutowireCapableBeanFactory.java:984)
	at org.springframework.beans.factory.support.AbstractAutowireCapableBeanFactory.createBeanInstance(AbstractAutowireCapableBeanFactory.java:886)
	at org.springframework.beans.factory.support.AbstractAutowireCapableBeanFactory.doCreateBean(AbstractAutowireCapableBeanFactory.java:479)
	at org.springframework.beans.factory.support.AbstractAutowireCapableBeanFactory.createBean(AbstractAutowireCapableBeanFactory.java:450)
	at org.springframework.beans.factory.support.AbstractBeanFactory$1.getObject(AbstractBeanFactory.java:290)
	at org.springframework.beans.factory.support.DefaultSingletonBeanRegistry.getSingleton(DefaultSingletonBeanRegistry.java:222)
	at org.springframework.beans.factory.support.AbstractBeanFactory.doGetBean(AbstractBeanFactory.java:287)
	at org.springframework.beans.factory.support.AbstractBeanFactory.getBean(AbstractBeanFactory.java:189)
	at org.springframework.beans.factory.support.DefaultListableBeanFactory.findAutowireCandidates(DefaultListableBeanFactory.java:820)
	at org.springframework.beans.factory.support.DefaultListableBeanFactory.doResolveDependency(DefaultListableBeanFactory.java:762)
	at org.springframework.beans.factory.support.DefaultListableBeanFactory.resolveDependency(DefaultListableBeanFactory.java:680)
	at org.springframework.beans.factory.annotation.AutowiredAnnotationBeanPostProcessor$AutowiredMethodElement.inject(AutowiredAnnotationBeanPostProcessor.java:556)
	... 30 more
Caused by: org.springframework.beans.factory.BeanCreationException: Error creating bean with name 'sqlSessionFactory' defined in file [E:\WorkProject\summer\WebRoot\WEB-INF\classes\com\sx\config\applicationContext-common.xml]: Invocation of init method failed; nested exception is org.springframework.core.NestedIOException: Failed to parse config resource: class path resource [com/sx/config/mybatis-config.xml]; nested exception is org.apache.ibatis.builder.BuilderException: Error parsing SQL Mapper Configuration. Cause: java.lang.RuntimeException: Error parsing Mapper XML. Cause: org.apache.ibatis.builder.BuilderException: Error resolving class . Cause: org.apache.ibatis.type.TypeException: Could not resolve type alias 'cityinfo'.  Cause: java.lang.ClassNotFoundException: Cannot find class: cityinfo
	at org.springframework.beans.factory.support.AbstractAutowireCapableBeanFactory.initializeBean(AbstractAutowireCapableBeanFactory.java:1401)
	at org.springframework.beans.factory.support.AbstractAutowireCapableBeanFactory.doCreateBean(AbstractAutowireCapableBeanFactory.java:512)
	at org.springframework.beans.factory.support.AbstractAutowireCapableBeanFactory.createBean(AbstractAutowireCapableBeanFactory.java:450)
	at org.springframework.beans.factory.support.AbstractBeanFactory$1.getObject(AbstractBeanFactory.java:290)
	at org.springframework.beans.factory.support.DefaultSingletonBeanRegistry.getSingleton(DefaultSingletonBeanRegistry.java:222)
	at org.springframework.beans.factory.support.AbstractBeanFactory.doGetBean(AbstractBeanFactory.java:287)
	at org.springframework.beans.factory.support.AbstractBeanFactory.getBean(AbstractBeanFactory.java:189)
	at org.springframework.beans.factory.support.BeanDefinitionValueResolver.resolveReference(BeanDefinitionValueResolver.java:322)
	... 45 more
Caused by: org.springframework.core.NestedIOException: Failed to parse config resource: class path resource [com/sx/config/mybatis-config.xml]; nested exception is org.apache.ibatis.builder.BuilderException: Error parsing SQL Mapper Configuration. Cause: java.lang.RuntimeException: Error parsing Mapper XML. Cause: org.apache.ibatis.builder.BuilderException: Error resolving class . Cause: org.apache.ibatis.type.TypeException: Could not resolve type alias 'cityinfo'.  Cause: java.lang.ClassNotFoundException: Cannot find class: cityinfo
	at org.mybatis.spring.SqlSessionFactoryBean.buildSqlSessionFactory(SqlSessionFactoryBean.java:353)
	at org.mybatis.spring.SqlSessionFactoryBean.afterPropertiesSet(SqlSessionFactoryBean.java:269)
	at org.springframework.beans.factory.support.AbstractAutowireCapableBeanFactory.invokeInitMethods(AbstractAutowireCapableBeanFactory.java:1460)
	at org.springframework.beans.factory.support.AbstractAutowireCapableBeanFactory.initializeBean(AbstractAutowireCapableBeanFactory.java:1398)
	... 52 more
Caused by: org.apache.ibatis.builder.BuilderException: Error parsing SQL Mapper Configuration. Cause: java.lang.RuntimeException: Error parsing Mapper XML. Cause: org.apache.ibatis.builder.BuilderException: Error resolving class . Cause: org.apache.ibatis.type.TypeException: Could not resolve type alias 'cityinfo'.  Cause: java.lang.ClassNotFoundException: Cannot find class: cityinfo
	at org.apache.ibatis.builder.xml.XMLConfigBuilder.parseConfiguration(XMLConfigBuilder.java:85)
	at org.apache.ibatis.builder.xml.XMLConfigBuilder.parse(XMLConfigBuilder.java:69)
	at org.mybatis.spring.SqlSessionFactoryBean.buildSqlSessionFactory(SqlSessionFactoryBean.java:347)
	... 55 more
Caused by: java.lang.RuntimeException: Error parsing Mapper XML. Cause: org.apache.ibatis.builder.BuilderException: Error resolving class . Cause: org.apache.ibatis.type.TypeException: Could not resolve type alias 'cityinfo'.  Cause: java.lang.ClassNotFoundException: Cannot find class: cityinfo
	at org.apache.ibatis.builder.xml.XMLMapperBuilder.configurationElement(XMLMapperBuilder.java:97)
	at org.apache.ibatis.builder.xml.XMLMapperBuilder.parse(XMLMapperBuilder.java:73)
	at org.apache.ibatis.builder.xml.XMLConfigBuilder.mapperElement(XMLConfigBuilder.java:255)
	at org.apache.ibatis.builder.xml.XMLConfigBuilder.parseConfiguration(XMLConfigBuilder.java:83)
	... 57 more
Caused by: org.apache.ibatis.builder.BuilderException: Error resolving class . Cause: org.apache.ibatis.type.TypeException: Could not resolve type alias 'cityinfo'.  Cause: java.lang.ClassNotFoundException: Cannot find class: cityinfo
	at org.apache.ibatis.builder.BaseBuilder.resolveClass(BaseBuilder.java:69)
	at org.apache.ibatis.builder.xml.XMLMapperBuilder.resultMapElement(XMLMapperBuilder.java:213)
	at org.apache.ibatis.builder.xml.XMLMapperBuilder.resultMapElement(XMLMapperBuilder.java:201)
	at org.apache.ibatis.builder.xml.XMLMapperBuilder.resultMapElements(XMLMapperBuilder.java:196)
	at org.apache.ibatis.builder.xml.XMLMapperBuilder.configurationElement(XMLMapperBuilder.java:93)
	... 60 more
Caused by: org.apache.ibatis.type.TypeException: Could not resolve type alias 'cityinfo'.  Cause: java.lang.ClassNotFoundException: Cannot find class: cityinfo
	at org.apache.ibatis.type.TypeAliasRegistry.resolveAlias(TypeAliasRegistry.java:92)
	at org.apache.ibatis.builder.BaseBuilder.resolveAlias(BaseBuilder.java:93)
	at org.apache.ibatis.builder.BaseBuilder.resolveClass(BaseBuilder.java:67)
	... 64 more
Caused by: java.lang.ClassNotFoundException: Cannot find class: cityinfo
	at org.apache.ibatis.io.ClassLoaderWrapper.classForName(ClassLoaderWrapper.java:173)
	at org.apache.ibatis.io.ClassLoaderWrapper.classForName(ClassLoaderWrapper.java:72)
	at org.apache.ibatis.io.Resources.classForName(Resources.java:235)
	at org.apache.ibatis.type.TypeAliasRegistry.resolveAlias(TypeAliasRegistry.java:88)
	... 66 more
[ERROR]_2014-07-06 01:15:27 :获取用户信息
  org.apache.ibatis.builder.xml.IncompleteStatementException: Could not find result map com.sx.rbac.dao.ISysUserDao.rolesandgroupsresult
	at org.apache.ibatis.builder.MapperBuilderAssistant.setStatementResultMap(MapperBuilderAssistant.java:283)
	at org.apache.ibatis.builder.MapperBuilderAssistant.addMappedStatement(MapperBuilderAssistant.java:221)
	at org.apache.ibatis.builder.xml.XMLStatementBuilder.parseStatementNode(XMLStatementBuilder.java:66)
	at org.apache.ibatis.session.Configuration.buildAllStatements(Configuration.java:497)
	at org.apache.ibatis.session.Configuration.getMappedStatement(Configuration.java:434)
	at org.apache.ibatis.session.Configuration.getMappedStatement(Configuration.java:428)
	at org.apache.ibatis.binding.MapperMethod.setupCommandType(MapperMethod.java:188)
	at org.apache.ibatis.binding.MapperMethod.<init>(MapperMethod.java:51)
	at org.apache.ibatis.binding.MapperProxy.invoke(MapperProxy.java:37)
	at $Proxy20.findSysUserOnlyOne(Unknown Source)
	at com.sx.rbac.biz.impl.SysUserBiz.findSysUserOnlyOne(SysUserBiz.java:83)
	at com.sx.rbac.action.LoginAction.checkUser(LoginAction.java:88)
	at sun.reflect.NativeMethodAccessorImpl.invoke0(Native Method)
	at sun.reflect.NativeMethodAccessorImpl.invoke(NativeMethodAccessorImpl.java:39)
	at sun.reflect.DelegatingMethodAccessorImpl.invoke(DelegatingMethodAccessorImpl.java:25)
	at java.lang.reflect.Method.invoke(Method.java:597)
	at com.opensymphony.xwork2.DefaultActionInvocation.invokeAction(DefaultActionInvocation.java:446)
	at com.opensymphony.xwork2.DefaultActionInvocation.invokeActionOnly(DefaultActionInvocation.java:285)
	at com.opensymphony.xwork2.DefaultActionInvocation.invoke(DefaultActionInvocation.java:248)
	at com.sx.core.interceptor.LoginfoForHTTPInterceptor.doIntercept(LoginfoForHTTPInterceptor.java:62)
	at com.opensymphony.xwork2.interceptor.MethodFilterInterceptor.intercept(MethodFilterInterceptor.java:98)
	at com.opensymphony.xwork2.DefaultActionInvocation.invoke(DefaultActionInvocation.java:242)
	at org.apache.struts2.interceptor.debugging.DebuggingInterceptor.intercept(DebuggingInterceptor.java:256)
	at com.opensymphony.xwork2.DefaultActionInvocation.invoke(DefaultActionInvocation.java:242)
	at com.opensymphony.xwork2.interceptor.DefaultWorkflowInterceptor.doIntercept(DefaultWorkflowInterceptor.java:176)
	at com.opensymphony.xwork2.interceptor.MethodFilterInterceptor.intercept(MethodFilterInterceptor.java:98)
	at com.opensymphony.xwork2.DefaultActionInvocation.invoke(DefaultActionInvocation.java:242)
	at com.opensymphony.xwork2.validator.ValidationInterceptor.doIntercept(ValidationInterceptor.java:265)
	at org.apache.struts2.interceptor.validation.AnnotationValidationInterceptor.doIntercept(AnnotationValidationInterceptor.java:68)
	at com.opensymphony.xwork2.interceptor.MethodFilterInterceptor.intercept(MethodFilterInterceptor.java:98)
	at com.opensymphony.xwork2.DefaultActionInvocation.invoke(DefaultActionInvocation.java:242)
	at com.opensymphony.xwork2.interceptor.ConversionErrorInterceptor.intercept(ConversionErrorInterceptor.java:138)
	at com.opensymphony.xwork2.DefaultActionInvocation.invoke(DefaultActionInvocation.java:242)
	at com.opensymphony.xwork2.interceptor.ParametersInterceptor.doIntercept(ParametersInterceptor.java:238)
	at com.opensymphony.xwork2.interceptor.MethodFilterInterceptor.intercept(MethodFilterInterceptor.java:98)
	at com.opensymphony.xwork2.DefaultActionInvocation.invoke(DefaultActionInvocation.java:242)
	at com.opensymphony.xwork2.interceptor.ParametersInterceptor.doIntercept(ParametersInterceptor.java:238)
	at com.opensymphony.xwork2.interceptor.MethodFilterInterceptor.intercept(MethodFilterInterceptor.java:98)
	at com.opensymphony.xwork2.DefaultActionInvocation.invoke(DefaultActionInvocation.java:242)
	at com.opensymphony.xwork2.interceptor.StaticParametersInterceptor.intercept(StaticParametersInterceptor.java:191)
	at com.opensymphony.xwork2.DefaultActionInvocation.invoke(DefaultActionInvocation.java:242)
	at org.apache.struts2.interceptor.MultiselectInterceptor.intercept(MultiselectInterceptor.java:73)
	at com.opensymphony.xwork2.DefaultActionInvocation.invoke(DefaultActionInvocation.java:242)
	at org.apache.struts2.interceptor.CheckboxInterceptor.intercept(CheckboxInterceptor.java:91)
	at com.opensymphony.xwork2.DefaultActionInvocation.invoke(DefaultActionInvocation.java:242)
	at org.apache.struts2.interceptor.FileUploadInterceptor.intercept(FileUploadInterceptor.java:252)
	at com.opensymphony.xwork2.DefaultActionInvocation.invoke(DefaultActionInvocation.java:242)
	at com.opensymphony.xwork2.interceptor.ModelDrivenInterceptor.intercept(ModelDrivenInterceptor.java:100)
	at com.opensymphony.xwork2.DefaultActionInvocation.invoke(DefaultActionInvocation.java:242)
	at com.opensymphony.xwork2.interceptor.ScopedModelDrivenInterceptor.intercept(ScopedModelDrivenInterceptor.java:141)
	at com.opensymphony.xwork2.DefaultActionInvocation.invoke(DefaultActionInvocation.java:242)
	at com.opensymphony.xwork2.interceptor.ChainingInterceptor.intercept(ChainingInterceptor.java:145)
	at com.opensymphony.xwork2.DefaultActionInvocation.invoke(DefaultActionInvocation.java:242)
	at com.opensymphony.xwork2.interceptor.PrepareInterceptor.doIntercept(PrepareInterceptor.java:171)
	at com.opensymphony.xwork2.interceptor.MethodFilterInterceptor.intercept(MethodFilterInterceptor.java:98)
	at com.opensymphony.xwork2.DefaultActionInvocation.invoke(DefaultActionInvocation.java:242)
	at com.opensymphony.xwork2.interceptor.I18nInterceptor.intercept(I18nInterceptor.java:176)
	at com.opensymphony.xwork2.DefaultActionInvocation.invoke(DefaultActionInvocation.java:242)
	at org.apache.struts2.interceptor.ServletConfigInterceptor.intercept(ServletConfigInterceptor.java:164)
	at com.opensymphony.xwork2.DefaultActionInvocation.invoke(DefaultActionInvocation.java:242)
	at com.opensymphony.xwork2.interceptor.AliasInterceptor.intercept(AliasInterceptor.java:193)
	at com.opensymphony.xwork2.DefaultActionInvocation.invoke(DefaultActionInvocation.java:242)
	at com.opensymphony.xwork2.interceptor.ExceptionMappingInterceptor.intercept(ExceptionMappingInterceptor.java:187)
	at com.opensymphony.xwork2.DefaultActionInvocation.invoke(DefaultActionInvocation.java:242)
	at org.apache.struts2.impl.StrutsActionProxy.execute(StrutsActionProxy.java:54)
	at org.apache.struts2.dispatcher.Dispatcher.serviceAction(Dispatcher.java:544)
	at org.apache.struts2.dispatcher.ng.ExecuteOperations.executeAction(ExecuteOperations.java:77)
	at org.apache.struts2.dispatcher.ng.filter.StrutsPrepareAndExecuteFilter.doFilter(StrutsPrepareAndExecuteFilter.java:91)
	at org.apache.catalina.core.ApplicationFilterChain.internalDoFilter(ApplicationFilterChain.java:235)
	at org.apache.catalina.core.ApplicationFilterChain.doFilter(ApplicationFilterChain.java:206)
	at org.apache.catalina.core.StandardWrapperValve.invoke(StandardWrapperValve.java:233)
	at org.apache.catalina.core.StandardContextValve.invoke(StandardContextValve.java:191)
	at org.apache.catalina.core.StandardHostValve.invoke(StandardHostValve.java:127)
	at org.apache.catalina.valves.ErrorReportValve.invoke(ErrorReportValve.java:102)
	at org.apache.catalina.core.StandardEngineValve.invoke(StandardEngineValve.java:109)
	at org.apache.catalina.connector.CoyoteAdapter.service(CoyoteAdapter.java:298)
	at org.apache.coyote.http11.Http11AprProcessor.process(Http11AprProcessor.java:864)
	at org.apache.coyote.http11.Http11AprProtocol$Http11ConnectionHandler.process(Http11AprProtocol.java:579)
	at org.apache.tomcat.util.net.AprEndpoint$Worker.run(AprEndpoint.java:1665)
	at java.lang.Thread.run(Thread.java:662)
Caused by: java.lang.IllegalArgumentException: Result Maps collection does not contain value for com.sx.rbac.dao.ISysUserDao.rolesandgroupsresult
	at org.apache.ibatis.session.Configuration$StrictMap.get(Configuration.java:594)
	at org.apache.ibatis.session.Configuration.getResultMap(Configuration.java:370)
	at org.apache.ibatis.builder.MapperBuilderAssistant.setStatementResultMap(MapperBuilderAssistant.java:281)
	... 79 more
[ERROR]_2014-07-06 01:15:27 :登录失败请查明原因
  com.sx.util.exception.SXException: 
	at com.sx.rbac.biz.impl.SysUserBiz.findSysUserOnlyOne(SysUserBiz.java:86)
	at com.sx.rbac.action.LoginAction.checkUser(LoginAction.java:88)
	at sun.reflect.NativeMethodAccessorImpl.invoke0(Native Method)
	at sun.reflect.NativeMethodAccessorImpl.invoke(NativeMethodAccessorImpl.java:39)
	at sun.reflect.DelegatingMethodAccessorImpl.invoke(DelegatingMethodAccessorImpl.java:25)
	at java.lang.reflect.Method.invoke(Method.java:597)
	at com.opensymphony.xwork2.DefaultActionInvocation.invokeAction(DefaultActionInvocation.java:446)
	at com.opensymphony.xwork2.DefaultActionInvocation.invokeActionOnly(DefaultActionInvocation.java:285)
	at com.opensymphony.xwork2.DefaultActionInvocation.invoke(DefaultActionInvocation.java:248)
	at com.sx.core.interceptor.LoginfoForHTTPInterceptor.doIntercept(LoginfoForHTTPInterceptor.java:62)
	at com.opensymphony.xwork2.interceptor.MethodFilterInterceptor.intercept(MethodFilterInterceptor.java:98)
	at com.opensymphony.xwork2.DefaultActionInvocation.invoke(DefaultActionInvocation.java:242)
	at org.apache.struts2.interceptor.debugging.DebuggingInterceptor.intercept(DebuggingInterceptor.java:256)
	at com.opensymphony.xwork2.DefaultActionInvocation.invoke(DefaultActionInvocation.java:242)
	at com.opensymphony.xwork2.interceptor.DefaultWorkflowInterceptor.doIntercept(DefaultWorkflowInterceptor.java:176)
	at com.opensymphony.xwork2.interceptor.MethodFilterInterceptor.intercept(MethodFilterInterceptor.java:98)
	at com.opensymphony.xwork2.DefaultActionInvocation.invoke(DefaultActionInvocation.java:242)
	at com.opensymphony.xwork2.validator.ValidationInterceptor.doIntercept(ValidationInterceptor.java:265)
	at org.apache.struts2.interceptor.validation.AnnotationValidationInterceptor.doIntercept(AnnotationValidationInterceptor.java:68)
	at com.opensymphony.xwork2.interceptor.MethodFilterInterceptor.intercept(MethodFilterInterceptor.java:98)
	at com.opensymphony.xwork2.DefaultActionInvocation.invoke(DefaultActionInvocation.java:242)
	at com.opensymphony.xwork2.interceptor.ConversionErrorInterceptor.intercept(ConversionErrorInterceptor.java:138)
	at com.opensymphony.xwork2.DefaultActionInvocation.invoke(DefaultActionInvocation.java:242)
	at com.opensymphony.xwork2.interceptor.ParametersInterceptor.doIntercept(ParametersInterceptor.java:238)
	at com.opensymphony.xwork2.interceptor.MethodFilterInterceptor.intercept(MethodFilterInterceptor.java:98)
	at com.opensymphony.xwork2.DefaultActionInvocation.invoke(DefaultActionInvocation.java:242)
	at com.opensymphony.xwork2.interceptor.ParametersInterceptor.doIntercept(ParametersInterceptor.java:238)
	at com.opensymphony.xwork2.interceptor.MethodFilterInterceptor.intercept(MethodFilterInterceptor.java:98)
	at com.opensymphony.xwork2.DefaultActionInvocation.invoke(DefaultActionInvocation.java:242)
	at com.opensymphony.xwork2.interceptor.StaticParametersInterceptor.intercept(StaticParametersInterceptor.java:191)
	at com.opensymphony.xwork2.DefaultActionInvocation.invoke(DefaultActionInvocation.java:242)
	at org.apache.struts2.interceptor.MultiselectInterceptor.intercept(MultiselectInterceptor.java:73)
	at com.opensymphony.xwork2.DefaultActionInvocation.invoke(DefaultActionInvocation.java:242)
	at org.apache.struts2.interceptor.CheckboxInterceptor.intercept(CheckboxInterceptor.java:91)
	at com.opensymphony.xwork2.DefaultActionInvocation.invoke(DefaultActionInvocation.java:242)
	at org.apache.struts2.interceptor.FileUploadInterceptor.intercept(FileUploadInterceptor.java:252)
	at com.opensymphony.xwork2.DefaultActionInvocation.invoke(DefaultActionInvocation.java:242)
	at com.opensymphony.xwork2.interceptor.ModelDrivenInterceptor.intercept(ModelDrivenInterceptor.java:100)
	at com.opensymphony.xwork2.DefaultActionInvocation.invoke(DefaultActionInvocation.java:242)
	at com.opensymphony.xwork2.interceptor.ScopedModelDrivenInterceptor.intercept(ScopedModelDrivenInterceptor.java:141)
	at com.opensymphony.xwork2.DefaultActionInvocation.invoke(DefaultActionInvocation.java:242)
	at com.opensymphony.xwork2.interceptor.ChainingInterceptor.intercept(ChainingInterceptor.java:145)
	at com.opensymphony.xwork2.DefaultActionInvocation.invoke(DefaultActionInvocation.java:242)
	at com.opensymphony.xwork2.interceptor.PrepareInterceptor.doIntercept(PrepareInterceptor.java:171)
	at com.opensymphony.xwork2.interceptor.MethodFilterInterceptor.intercept(MethodFilterInterceptor.java:98)
	at com.opensymphony.xwork2.DefaultActionInvocation.invoke(DefaultActionInvocation.java:242)
	at com.opensymphony.xwork2.interceptor.I18nInterceptor.intercept(I18nInterceptor.java:176)
	at com.opensymphony.xwork2.DefaultActionInvocation.invoke(DefaultActionInvocation.java:242)
	at org.apache.struts2.interceptor.ServletConfigInterceptor.intercept(ServletConfigInterceptor.java:164)
	at com.opensymphony.xwork2.DefaultActionInvocation.invoke(DefaultActionInvocation.java:242)
	at com.opensymphony.xwork2.interceptor.AliasInterceptor.intercept(AliasInterceptor.java:193)
	at com.opensymphony.xwork2.DefaultActionInvocation.invoke(DefaultActionInvocation.java:242)
	at com.opensymphony.xwork2.interceptor.ExceptionMappingInterceptor.intercept(ExceptionMappingInterceptor.java:187)
	at com.opensymphony.xwork2.DefaultActionInvocation.invoke(DefaultActionInvocation.java:242)
	at org.apache.struts2.impl.StrutsActionProxy.execute(StrutsActionProxy.java:54)
	at org.apache.struts2.dispatcher.Dispatcher.serviceAction(Dispatcher.java:544)
	at org.apache.struts2.dispatcher.ng.ExecuteOperations.executeAction(ExecuteOperations.java:77)
	at org.apache.struts2.dispatcher.ng.filter.StrutsPrepareAndExecuteFilter.doFilter(StrutsPrepareAndExecuteFilter.java:91)
	at org.apache.catalina.core.ApplicationFilterChain.internalDoFilter(ApplicationFilterChain.java:235)
	at org.apache.catalina.core.ApplicationFilterChain.doFilter(ApplicationFilterChain.java:206)
	at org.apache.catalina.core.StandardWrapperValve.invoke(StandardWrapperValve.java:233)
	at org.apache.catalina.core.StandardContextValve.invoke(StandardContextValve.java:191)
	at org.apache.catalina.core.StandardHostValve.invoke(StandardHostValve.java:127)
	at org.apache.catalina.valves.ErrorReportValve.invoke(ErrorReportValve.java:102)
	at org.apache.catalina.core.StandardEngineValve.invoke(StandardEngineValve.java:109)
	at org.apache.catalina.connector.CoyoteAdapter.service(CoyoteAdapter.java:298)
	at org.apache.coyote.http11.Http11AprProcessor.process(Http11AprProcessor.java:864)
	at org.apache.coyote.http11.Http11AprProtocol$Http11ConnectionHandler.process(Http11AprProtocol.java:579)
	at org.apache.tomcat.util.net.AprEndpoint$Worker.run(AprEndpoint.java:1665)
	at java.lang.Thread.run(Thread.java:662)
[ERROR]_2014-07-06 01:16:55 :Context initialization failed
  org.springframework.beans.factory.BeanCreationException: Error creating bean with name 'sysuserDao': Injection of autowired dependencies failed; nested exception is org.springframework.beans.factory.BeanCreationException: Could not autowire method: public final void org.mybatis.spring.support.SqlSessionDaoSupport.setSqlSessionTemplate(org.mybatis.spring.SqlSessionTemplate); nested exception is org.springframework.beans.factory.BeanCreationException: Error creating bean with name 'sqlSession' defined in file [E:\WorkProject\summer\WebRoot\WEB-INF\classes\com\sx\config\applicationContext-common.xml]: Cannot resolve reference to bean 'sqlSessionFactory' while setting constructor argument; nested exception is org.springframework.beans.factory.BeanCreationException: Error creating bean with name 'sqlSessionFactory' defined in file [E:\WorkProject\summer\WebRoot\WEB-INF\classes\com\sx\config\applicationContext-common.xml]: Invocation of init method failed; nested exception is org.springframework.core.NestedIOException: Failed to parse config resource: class path resource [com/sx/config/mybatis-config.xml]; nested exception is org.apache.ibatis.builder.BuilderException: Error parsing SQL Mapper Configuration. Cause: java.lang.RuntimeException: Error parsing Mapper XML. Cause: org.apache.ibatis.builder.BuilderException: Error resolving class . Cause: org.apache.ibatis.type.TypeException: Could not resolve type alias 'rolesandusergroupsentity'.  Cause: java.lang.ClassNotFoundException: Cannot find class: rolesandusergroupsentity
	at org.springframework.beans.factory.annotation.AutowiredAnnotationBeanPostProcessor.postProcessPropertyValues(AutowiredAnnotationBeanPostProcessor.java:283)
	at org.springframework.beans.factory.support.AbstractAutowireCapableBeanFactory.populateBean(AbstractAutowireCapableBeanFactory.java:1055)
	at org.springframework.beans.factory.support.AbstractAutowireCapableBeanFactory.doCreateBean(AbstractAutowireCapableBeanFactory.java:511)
	at org.springframework.beans.factory.support.AbstractAutowireCapableBeanFactory.createBean(AbstractAutowireCapableBeanFactory.java:450)
	at org.springframework.beans.factory.support.AbstractBeanFactory$1.getObject(AbstractBeanFactory.java:290)
	at org.springframework.beans.factory.support.DefaultSingletonBeanRegistry.getSingleton(DefaultSingletonBeanRegistry.java:222)
	at org.springframework.beans.factory.support.AbstractBeanFactory.doGetBean(AbstractBeanFactory.java:287)
	at org.springframework.beans.factory.support.AbstractBeanFactory.getBean(AbstractBeanFactory.java:189)
	at org.springframework.beans.factory.support.DefaultListableBeanFactory.preInstantiateSingletons(DefaultListableBeanFactory.java:540)
	at org.springframework.context.support.AbstractApplicationContext.finishBeanFactoryInitialization(AbstractApplicationContext.java:842)
	at org.springframework.context.support.AbstractApplicationContext.refresh(AbstractApplicationContext.java:416)
	at org.springframework.web.context.ContextLoader.createWebApplicationContext(ContextLoader.java:261)
	at org.springframework.web.context.ContextLoader.initWebApplicationContext(ContextLoader.java:192)
	at org.springframework.web.context.ContextLoaderListener.contextInitialized(ContextLoaderListener.java:47)
	at org.apache.catalina.core.StandardContext.listenerStart(StandardContext.java:4205)
	at org.apache.catalina.core.StandardContext.start(StandardContext.java:4704)
	at org.apache.catalina.core.StandardContext.reload(StandardContext.java:3460)
	at org.apache.catalina.loader.WebappLoader.backgroundProcess(WebappLoader.java:426)
	at org.apache.catalina.core.ContainerBase.backgroundProcess(ContainerBase.java:1357)
	at org.apache.catalina.core.ContainerBase$ContainerBackgroundProcessor.processChildren(ContainerBase.java:1649)
	at org.apache.catalina.core.ContainerBase$ContainerBackgroundProcessor.processChildren(ContainerBase.java:1658)
	at org.apache.catalina.core.ContainerBase$ContainerBackgroundProcessor.processChildren(ContainerBase.java:1658)
	at org.apache.catalina.core.ContainerBase$ContainerBackgroundProcessor.run(ContainerBase.java:1638)
	at java.lang.Thread.run(Thread.java:662)
Caused by: org.springframework.beans.factory.BeanCreationException: Could not autowire method: public final void org.mybatis.spring.support.SqlSessionDaoSupport.setSqlSessionTemplate(org.mybatis.spring.SqlSessionTemplate); nested exception is org.springframework.beans.factory.BeanCreationException: Error creating bean with name 'sqlSession' defined in file [E:\WorkProject\summer\WebRoot\WEB-INF\classes\com\sx\config\applicationContext-common.xml]: Cannot resolve reference to bean 'sqlSessionFactory' while setting constructor argument; nested exception is org.springframework.beans.factory.BeanCreationException: Error creating bean with name 'sqlSessionFactory' defined in file [E:\WorkProject\summer\WebRoot\WEB-INF\classes\com\sx\config\applicationContext-common.xml]: Invocation of init method failed; nested exception is org.springframework.core.NestedIOException: Failed to parse config resource: class path resource [com/sx/config/mybatis-config.xml]; nested exception is org.apache.ibatis.builder.BuilderException: Error parsing SQL Mapper Configuration. Cause: java.lang.RuntimeException: Error parsing Mapper XML. Cause: org.apache.ibatis.builder.BuilderException: Error resolving class . Cause: org.apache.ibatis.type.TypeException: Could not resolve type alias 'rolesandusergroupsentity'.  Cause: java.lang.ClassNotFoundException: Cannot find class: rolesandusergroupsentity
	at org.springframework.beans.factory.annotation.AutowiredAnnotationBeanPostProcessor$AutowiredMethodElement.inject(AutowiredAnnotationBeanPostProcessor.java:605)
	at org.springframework.beans.factory.annotation.InjectionMetadata.inject(InjectionMetadata.java:84)
	at org.springframework.beans.factory.annotation.AutowiredAnnotationBeanPostProcessor.postProcessPropertyValues(AutowiredAnnotationBeanPostProcessor.java:280)
	... 23 more
Caused by: org.springframework.beans.factory.BeanCreationException: Error creating bean with name 'sqlSession' defined in file [E:\WorkProject\summer\WebRoot\WEB-INF\classes\com\sx\config\applicationContext-common.xml]: Cannot resolve reference to bean 'sqlSessionFactory' while setting constructor argument; nested exception is org.springframework.beans.factory.BeanCreationException: Error creating bean with name 'sqlSessionFactory' defined in file [E:\WorkProject\summer\WebRoot\WEB-INF\classes\com\sx\config\applicationContext-common.xml]: Invocation of init method failed; nested exception is org.springframework.core.NestedIOException: Failed to parse config resource: class path resource [com/sx/config/mybatis-config.xml]; nested exception is org.apache.ibatis.builder.BuilderException: Error parsing SQL Mapper Configuration. Cause: java.lang.RuntimeException: Error parsing Mapper XML. Cause: org.apache.ibatis.builder.BuilderException: Error resolving class . Cause: org.apache.ibatis.type.TypeException: Could not resolve type alias 'rolesandusergroupsentity'.  Cause: java.lang.ClassNotFoundException: Cannot find class: rolesandusergroupsentity
	at org.springframework.beans.factory.support.BeanDefinitionValueResolver.resolveReference(BeanDefinitionValueResolver.java:328)
	at org.springframework.beans.factory.support.BeanDefinitionValueResolver.resolveValueIfNecessary(BeanDefinitionValueResolver.java:106)
	at org.springframework.beans.factory.support.ConstructorResolver.resolveConstructorArguments(ConstructorResolver.java:586)
	at org.springframework.beans.factory.support.ConstructorResolver.autowireConstructor(ConstructorResolver.java:140)
	at org.springframework.beans.factory.support.AbstractAutowireCapableBeanFactory.autowireConstructor(AbstractAutowireCapableBeanFactory.java:984)
	at org.springframework.beans.factory.support.AbstractAutowireCapableBeanFactory.createBeanInstance(AbstractAutowireCapableBeanFactory.java:886)
	at org.springframework.beans.factory.support.AbstractAutowireCapableBeanFactory.doCreateBean(AbstractAutowireCapableBeanFactory.java:479)
	at org.springframework.beans.factory.support.AbstractAutowireCapableBeanFactory.createBean(AbstractAutowireCapableBeanFactory.java:450)
	at org.springframework.beans.factory.support.AbstractBeanFactory$1.getObject(AbstractBeanFactory.java:290)
	at org.springframework.beans.factory.support.DefaultSingletonBeanRegistry.getSingleton(DefaultSingletonBeanRegistry.java:222)
	at org.springframework.beans.factory.support.AbstractBeanFactory.doGetBean(AbstractBeanFactory.java:287)
	at org.springframework.beans.factory.support.AbstractBeanFactory.getBean(AbstractBeanFactory.java:189)
	at org.springframework.beans.factory.support.DefaultListableBeanFactory.findAutowireCandidates(DefaultListableBeanFactory.java:820)
	at org.springframework.beans.factory.support.DefaultListableBeanFactory.doResolveDependency(DefaultListableBeanFactory.java:762)
	at org.springframework.beans.factory.support.DefaultListableBeanFactory.resolveDependency(DefaultListableBeanFactory.java:680)
	at org.springframework.beans.factory.annotation.AutowiredAnnotationBeanPostProcessor$AutowiredMethodElement.inject(AutowiredAnnotationBeanPostProcessor.java:556)
	... 25 more
Caused by: org.springframework.beans.factory.BeanCreationException: Error creating bean with name 'sqlSessionFactory' defined in file [E:\WorkProject\summer\WebRoot\WEB-INF\classes\com\sx\config\applicationContext-common.xml]: Invocation of init method failed; nested exception is org.springframework.core.NestedIOException: Failed to parse config resource: class path resource [com/sx/config/mybatis-config.xml]; nested exception is org.apache.ibatis.builder.BuilderException: Error parsing SQL Mapper Configuration. Cause: java.lang.RuntimeException: Error parsing Mapper XML. Cause: org.apache.ibatis.builder.BuilderException: Error resolving class . Cause: org.apache.ibatis.type.TypeException: Could not resolve type alias 'rolesandusergroupsentity'.  Cause: java.lang.ClassNotFoundException: Cannot find class: rolesandusergroupsentity
	at org.springframework.beans.factory.support.AbstractAutowireCapableBeanFactory.initializeBean(AbstractAutowireCapableBeanFactory.java:1401)
	at org.springframework.beans.factory.support.AbstractAutowireCapableBeanFactory.doCreateBean(AbstractAutowireCapableBeanFactory.java:512)
	at org.springframework.beans.factory.support.AbstractAutowireCapableBeanFactory.createBean(AbstractAutowireCapableBeanFactory.java:450)
	at org.springframework.beans.factory.support.AbstractBeanFactory$1.getObject(AbstractBeanFactory.java:290)
	at org.springframework.beans.factory.support.DefaultSingletonBeanRegistry.getSingleton(DefaultSingletonBeanRegistry.java:222)
	at org.springframework.beans.factory.support.AbstractBeanFactory.doGetBean(AbstractBeanFactory.java:287)
	at org.springframework.beans.factory.support.AbstractBeanFactory.getBean(AbstractBeanFactory.java:189)
	at org.springframework.beans.factory.support.BeanDefinitionValueResolver.resolveReference(BeanDefinitionValueResolver.java:322)
	... 40 more
Caused by: org.springframework.core.NestedIOException: Failed to parse config resource: class path resource [com/sx/config/mybatis-config.xml]; nested exception is org.apache.ibatis.builder.BuilderException: Error parsing SQL Mapper Configuration. Cause: java.lang.RuntimeException: Error parsing Mapper XML. Cause: org.apache.ibatis.builder.BuilderException: Error resolving class . Cause: org.apache.ibatis.type.TypeException: Could not resolve type alias 'rolesandusergroupsentity'.  Cause: java.lang.ClassNotFoundException: Cannot find class: rolesandusergroupsentity
	at org.mybatis.spring.SqlSessionFactoryBean.buildSqlSessionFactory(SqlSessionFactoryBean.java:353)
	at org.mybatis.spring.SqlSessionFactoryBean.afterPropertiesSet(SqlSessionFactoryBean.java:269)
	at org.springframework.beans.factory.support.AbstractAutowireCapableBeanFactory.invokeInitMethods(AbstractAutowireCapableBeanFactory.java:1460)
	at org.springframework.beans.factory.support.AbstractAutowireCapableBeanFactory.initializeBean(AbstractAutowireCapableBeanFactory.java:1398)
	... 47 more
Caused by: org.apache.ibatis.builder.BuilderException: Error parsing SQL Mapper Configuration. Cause: java.lang.RuntimeException: Error parsing Mapper XML. Cause: org.apache.ibatis.builder.BuilderException: Error resolving class . Cause: org.apache.ibatis.type.TypeException: Could not resolve type alias 'rolesandusergroupsentity'.  Cause: java.lang.ClassNotFoundException: Cannot find class: rolesandusergroupsentity
	at org.apache.ibatis.builder.xml.XMLConfigBuilder.parseConfiguration(XMLConfigBuilder.java:85)
	at org.apache.ibatis.builder.xml.XMLConfigBuilder.parse(XMLConfigBuilder.java:69)
	at org.mybatis.spring.SqlSessionFactoryBean.buildSqlSessionFactory(SqlSessionFactoryBean.java:347)
	... 50 more
Caused by: java.lang.RuntimeException: Error parsing Mapper XML. Cause: org.apache.ibatis.builder.BuilderException: Error resolving class . Cause: org.apache.ibatis.type.TypeException: Could not resolve type alias 'rolesandusergroupsentity'.  Cause: java.lang.ClassNotFoundException: Cannot find class: rolesandusergroupsentity
	at org.apache.ibatis.builder.xml.XMLMapperBuilder.configurationElement(XMLMapperBuilder.java:97)
	at org.apache.ibatis.builder.xml.XMLMapperBuilder.parse(XMLMapperBuilder.java:73)
	at org.apache.ibatis.builder.xml.XMLConfigBuilder.mapperElement(XMLConfigBuilder.java:255)
	at org.apache.ibatis.builder.xml.XMLConfigBuilder.parseConfiguration(XMLConfigBuilder.java:83)
	... 52 more
Caused by: org.apache.ibatis.builder.BuilderException: Error resolving class . Cause: org.apache.ibatis.type.TypeException: Could not resolve type alias 'rolesandusergroupsentity'.  Cause: java.lang.ClassNotFoundException: Cannot find class: rolesandusergroupsentity
	at org.apache.ibatis.builder.BaseBuilder.resolveClass(BaseBuilder.java:69)
	at org.apache.ibatis.builder.xml.XMLMapperBuilder.resultMapElement(XMLMapperBuilder.java:213)
	at org.apache.ibatis.builder.xml.XMLMapperBuilder.resultMapElement(XMLMapperBuilder.java:201)
	at org.apache.ibatis.builder.xml.XMLMapperBuilder.resultMapElements(XMLMapperBuilder.java:196)
	at org.apache.ibatis.builder.xml.XMLMapperBuilder.configurationElement(XMLMapperBuilder.java:93)
	... 55 more
Caused by: org.apache.ibatis.type.TypeException: Could not resolve type alias 'rolesandusergroupsentity'.  Cause: java.lang.ClassNotFoundException: Cannot find class: rolesandusergroupsentity
	at org.apache.ibatis.type.TypeAliasRegistry.resolveAlias(TypeAliasRegistry.java:92)
	at org.apache.ibatis.builder.BaseBuilder.resolveAlias(BaseBuilder.java:93)
	at org.apache.ibatis.builder.BaseBuilder.resolveClass(BaseBuilder.java:67)
	... 59 more
Caused by: java.lang.ClassNotFoundException: Cannot find class: rolesandusergroupsentity
	at org.apache.ibatis.io.ClassLoaderWrapper.classForName(ClassLoaderWrapper.java:173)
	at org.apache.ibatis.io.ClassLoaderWrapper.classForName(ClassLoaderWrapper.java:72)
	at org.apache.ibatis.io.Resources.classForName(Resources.java:235)
	at org.apache.ibatis.type.TypeAliasRegistry.resolveAlias(TypeAliasRegistry.java:88)
	... 61 more
[ERROR]_2014-07-06 01:17:25 :Context initialization failed
  org.springframework.beans.factory.BeanCreationException: Error creating bean with name 'sysuserDao': Injection of autowired dependencies failed; nested exception is org.springframework.beans.factory.BeanCreationException: Could not autowire method: public final void org.mybatis.spring.support.SqlSessionDaoSupport.setSqlSessionTemplate(org.mybatis.spring.SqlSessionTemplate); nested exception is org.springframework.beans.factory.BeanCreationException: Error creating bean with name 'sqlSession' defined in file [E:\WorkProject\summer\WebRoot\WEB-INF\classes\com\sx\config\applicationContext-common.xml]: Cannot resolve reference to bean 'sqlSessionFactory' while setting constructor argument; nested exception is org.springframework.beans.factory.BeanCreationException: Error creating bean with name 'sqlSessionFactory' defined in file [E:\WorkProject\summer\WebRoot\WEB-INF\classes\com\sx\config\applicationContext-common.xml]: Invocation of init method failed; nested exception is org.springframework.core.NestedIOException: Failed to parse config resource: class path resource [com/sx/config/mybatis-config.xml]; nested exception is org.apache.ibatis.builder.BuilderException: Error parsing SQL Mapper Configuration. Cause: java.lang.RuntimeException: Error parsing Mapper XML. Cause: org.apache.ibatis.builder.BuilderException: Error resolving class . Cause: org.apache.ibatis.type.TypeException: Could not resolve type alias 'rolesandusergroupsentity'.  Cause: java.lang.ClassNotFoundException: Cannot find class: rolesandusergroupsentity
	at org.springframework.beans.factory.annotation.AutowiredAnnotationBeanPostProcessor.postProcessPropertyValues(AutowiredAnnotationBeanPostProcessor.java:283)
	at org.springframework.beans.factory.support.AbstractAutowireCapableBeanFactory.populateBean(AbstractAutowireCapableBeanFactory.java:1055)
	at org.springframework.beans.factory.support.AbstractAutowireCapableBeanFactory.doCreateBean(AbstractAutowireCapableBeanFactory.java:511)
	at org.springframework.beans.factory.support.AbstractAutowireCapableBeanFactory.createBean(AbstractAutowireCapableBeanFactory.java:450)
	at org.springframework.beans.factory.support.AbstractBeanFactory$1.getObject(AbstractBeanFactory.java:290)
	at org.springframework.beans.factory.support.DefaultSingletonBeanRegistry.getSingleton(DefaultSingletonBeanRegistry.java:222)
	at org.springframework.beans.factory.support.AbstractBeanFactory.doGetBean(AbstractBeanFactory.java:287)
	at org.springframework.beans.factory.support.AbstractBeanFactory.getBean(AbstractBeanFactory.java:189)
	at org.springframework.beans.factory.support.DefaultListableBeanFactory.preInstantiateSingletons(DefaultListableBeanFactory.java:540)
	at org.springframework.context.support.AbstractApplicationContext.finishBeanFactoryInitialization(AbstractApplicationContext.java:842)
	at org.springframework.context.support.AbstractApplicationContext.refresh(AbstractApplicationContext.java:416)
	at org.springframework.web.context.ContextLoader.createWebApplicationContext(ContextLoader.java:261)
	at org.springframework.web.context.ContextLoader.initWebApplicationContext(ContextLoader.java:192)
	at org.springframework.web.context.ContextLoaderListener.contextInitialized(ContextLoaderListener.java:47)
	at org.apache.catalina.core.StandardContext.listenerStart(StandardContext.java:4205)
	at org.apache.catalina.core.StandardContext.start(StandardContext.java:4704)
	at org.apache.catalina.core.ContainerBase.start(ContainerBase.java:1053)
	at org.apache.catalina.core.StandardHost.start(StandardHost.java:840)
	at org.apache.catalina.core.ContainerBase.start(ContainerBase.java:1053)
	at org.apache.catalina.core.StandardEngine.start(StandardEngine.java:463)
	at org.apache.catalina.core.StandardService.start(StandardService.java:525)
	at org.apache.catalina.core.StandardServer.start(StandardServer.java:754)
	at org.apache.catalina.startup.Catalina.start(Catalina.java:595)
	at sun.reflect.NativeMethodAccessorImpl.invoke0(Native Method)
	at sun.reflect.NativeMethodAccessorImpl.invoke(NativeMethodAccessorImpl.java:39)
	at sun.reflect.DelegatingMethodAccessorImpl.invoke(DelegatingMethodAccessorImpl.java:25)
	at java.lang.reflect.Method.invoke(Method.java:597)
	at org.apache.catalina.startup.Bootstrap.start(Bootstrap.java:289)
	at org.apache.catalina.startup.Bootstrap.main(Bootstrap.java:414)
Caused by: org.springframework.beans.factory.BeanCreationException: Could not autowire method: public final void org.mybatis.spring.support.SqlSessionDaoSupport.setSqlSessionTemplate(org.mybatis.spring.SqlSessionTemplate); nested exception is org.springframework.beans.factory.BeanCreationException: Error creating bean with name 'sqlSession' defined in file [E:\WorkProject\summer\WebRoot\WEB-INF\classes\com\sx\config\applicationContext-common.xml]: Cannot resolve reference to bean 'sqlSessionFactory' while setting constructor argument; nested exception is org.springframework.beans.factory.BeanCreationException: Error creating bean with name 'sqlSessionFactory' defined in file [E:\WorkProject\summer\WebRoot\WEB-INF\classes\com\sx\config\applicationContext-common.xml]: Invocation of init method failed; nested exception is org.springframework.core.NestedIOException: Failed to parse config resource: class path resource [com/sx/config/mybatis-config.xml]; nested exception is org.apache.ibatis.builder.BuilderException: Error parsing SQL Mapper Configuration. Cause: java.lang.RuntimeException: Error parsing Mapper XML. Cause: org.apache.ibatis.builder.BuilderException: Error resolving class . Cause: org.apache.ibatis.type.TypeException: Could not resolve type alias 'rolesandusergroupsentity'.  Cause: java.lang.ClassNotFoundException: Cannot find class: rolesandusergroupsentity
	at org.springframework.beans.factory.annotation.AutowiredAnnotationBeanPostProcessor$AutowiredMethodElement.inject(AutowiredAnnotationBeanPostProcessor.java:605)
	at org.springframework.beans.factory.annotation.InjectionMetadata.inject(InjectionMetadata.java:84)
	at org.springframework.beans.factory.annotation.AutowiredAnnotationBeanPostProcessor.postProcessPropertyValues(AutowiredAnnotationBeanPostProcessor.java:280)
	... 28 more
Caused by: org.springframework.beans.factory.BeanCreationException: Error creating bean with name 'sqlSession' defined in file [E:\WorkProject\summer\WebRoot\WEB-INF\classes\com\sx\config\applicationContext-common.xml]: Cannot resolve reference to bean 'sqlSessionFactory' while setting constructor argument; nested exception is org.springframework.beans.factory.BeanCreationException: Error creating bean with name 'sqlSessionFactory' defined in file [E:\WorkProject\summer\WebRoot\WEB-INF\classes\com\sx\config\applicationContext-common.xml]: Invocation of init method failed; nested exception is org.springframework.core.NestedIOException: Failed to parse config resource: class path resource [com/sx/config/mybatis-config.xml]; nested exception is org.apache.ibatis.builder.BuilderException: Error parsing SQL Mapper Configuration. Cause: java.lang.RuntimeException: Error parsing Mapper XML. Cause: org.apache.ibatis.builder.BuilderException: Error resolving class . Cause: org.apache.ibatis.type.TypeException: Could not resolve type alias 'rolesandusergroupsentity'.  Cause: java.lang.ClassNotFoundException: Cannot find class: rolesandusergroupsentity
	at org.springframework.beans.factory.support.BeanDefinitionValueResolver.resolveReference(BeanDefinitionValueResolver.java:328)
	at org.springframework.beans.factory.support.BeanDefinitionValueResolver.resolveValueIfNecessary(BeanDefinitionValueResolver.java:106)
	at org.springframework.beans.factory.support.ConstructorResolver.resolveConstructorArguments(ConstructorResolver.java:586)
	at org.springframework.beans.factory.support.ConstructorResolver.autowireConstructor(ConstructorResolver.java:140)
	at org.springframework.beans.factory.support.AbstractAutowireCapableBeanFactory.autowireConstructor(AbstractAutowireCapableBeanFactory.java:984)
	at org.springframework.beans.factory.support.AbstractAutowireCapableBeanFactory.createBeanInstance(AbstractAutowireCapableBeanFactory.java:886)
	at org.springframework.beans.factory.support.AbstractAutowireCapableBeanFactory.doCreateBean(AbstractAutowireCapableBeanFactory.java:479)
	at org.springframework.beans.factory.support.AbstractAutowireCapableBeanFactory.createBean(AbstractAutowireCapableBeanFactory.java:450)
	at org.springframework.beans.factory.support.AbstractBeanFactory$1.getObject(AbstractBeanFactory.java:290)
	at org.springframework.beans.factory.support.DefaultSingletonBeanRegistry.getSingleton(DefaultSingletonBeanRegistry.java:222)
	at org.springframework.beans.factory.support.AbstractBeanFactory.doGetBean(AbstractBeanFactory.java:287)
	at org.springframework.beans.factory.support.AbstractBeanFactory.getBean(AbstractBeanFactory.java:189)
	at org.springframework.beans.factory.support.DefaultListableBeanFactory.findAutowireCandidates(DefaultListableBeanFactory.java:820)
	at org.springframework.beans.factory.support.DefaultListableBeanFactory.doResolveDependency(DefaultListableBeanFactory.java:762)
	at org.springframework.beans.factory.support.DefaultListableBeanFactory.resolveDependency(DefaultListableBeanFactory.java:680)
	at org.springframework.beans.factory.annotation.AutowiredAnnotationBeanPostProcessor$AutowiredMethodElement.inject(AutowiredAnnotationBeanPostProcessor.java:556)
	... 30 more
Caused by: org.springframework.beans.factory.BeanCreationException: Error creating bean with name 'sqlSessionFactory' defined in file [E:\WorkProject\summer\WebRoot\WEB-INF\classes\com\sx\config\applicationContext-common.xml]: Invocation of init method failed; nested exception is org.springframework.core.NestedIOException: Failed to parse config resource: class path resource [com/sx/config/mybatis-config.xml]; nested exception is org.apache.ibatis.builder.BuilderException: Error parsing SQL Mapper Configuration. Cause: java.lang.RuntimeException: Error parsing Mapper XML. Cause: org.apache.ibatis.builder.BuilderException: Error resolving class . Cause: org.apache.ibatis.type.TypeException: Could not resolve type alias 'rolesandusergroupsentity'.  Cause: java.lang.ClassNotFoundException: Cannot find class: rolesandusergroupsentity
	at org.springframework.beans.factory.support.AbstractAutowireCapableBeanFactory.initializeBean(AbstractAutowireCapableBeanFactory.java:1401)
	at org.springframework.beans.factory.support.AbstractAutowireCapableBeanFactory.doCreateBean(AbstractAutowireCapableBeanFactory.java:512)
	at org.springframework.beans.factory.support.AbstractAutowireCapableBeanFactory.createBean(AbstractAutowireCapableBeanFactory.java:450)
	at org.springframework.beans.factory.support.AbstractBeanFactory$1.getObject(AbstractBeanFactory.java:290)
	at org.springframework.beans.factory.support.DefaultSingletonBeanRegistry.getSingleton(DefaultSingletonBeanRegistry.java:222)
	at org.springframework.beans.factory.support.AbstractBeanFactory.doGetBean(AbstractBeanFactory.java:287)
	at org.springframework.beans.factory.support.AbstractBeanFactory.getBean(AbstractBeanFactory.java:189)
	at org.springframework.beans.factory.support.BeanDefinitionValueResolver.resolveReference(BeanDefinitionValueResolver.java:322)
	... 45 more
Caused by: org.springframework.core.NestedIOException: Failed to parse config resource: class path resource [com/sx/config/mybatis-config.xml]; nested exception is org.apache.ibatis.builder.BuilderException: Error parsing SQL Mapper Configuration. Cause: java.lang.RuntimeException: Error parsing Mapper XML. Cause: org.apache.ibatis.builder.BuilderException: Error resolving class . Cause: org.apache.ibatis.type.TypeException: Could not resolve type alias 'rolesandusergroupsentity'.  Cause: java.lang.ClassNotFoundException: Cannot find class: rolesandusergroupsentity
	at org.mybatis.spring.SqlSessionFactoryBean.buildSqlSessionFactory(SqlSessionFactoryBean.java:353)
	at org.mybatis.spring.SqlSessionFactoryBean.afterPropertiesSet(SqlSessionFactoryBean.java:269)
	at org.springframework.beans.factory.support.AbstractAutowireCapableBeanFactory.invokeInitMethods(AbstractAutowireCapableBeanFactory.java:1460)
	at org.springframework.beans.factory.support.AbstractAutowireCapableBeanFactory.initializeBean(AbstractAutowireCapableBeanFactory.java:1398)
	... 52 more
Caused by: org.apache.ibatis.builder.BuilderException: Error parsing SQL Mapper Configuration. Cause: java.lang.RuntimeException: Error parsing Mapper XML. Cause: org.apache.ibatis.builder.BuilderException: Error resolving class . Cause: org.apache.ibatis.type.TypeException: Could not resolve type alias 'rolesandusergroupsentity'.  Cause: java.lang.ClassNotFoundException: Cannot find class: rolesandusergroupsentity
	at org.apache.ibatis.builder.xml.XMLConfigBuilder.parseConfiguration(XMLConfigBuilder.java:85)
	at org.apache.ibatis.builder.xml.XMLConfigBuilder.parse(XMLConfigBuilder.java:69)
	at org.mybatis.spring.SqlSessionFactoryBean.buildSqlSessionFactory(SqlSessionFactoryBean.java:347)
	... 55 more
Caused by: java.lang.RuntimeException: Error parsing Mapper XML. Cause: org.apache.ibatis.builder.BuilderException: Error resolving class . Cause: org.apache.ibatis.type.TypeException: Could not resolve type alias 'rolesandusergroupsentity'.  Cause: java.lang.ClassNotFoundException: Cannot find class: rolesandusergroupsentity
	at org.apache.ibatis.builder.xml.XMLMapperBuilder.configurationElement(XMLMapperBuilder.java:97)
	at org.apache.ibatis.builder.xml.XMLMapperBuilder.parse(XMLMapperBuilder.java:73)
	at org.apache.ibatis.builder.xml.XMLConfigBuilder.mapperElement(XMLConfigBuilder.java:255)
	at org.apache.ibatis.builder.xml.XMLConfigBuilder.parseConfiguration(XMLConfigBuilder.java:83)
	... 57 more
Caused by: org.apache.ibatis.builder.BuilderException: Error resolving class . Cause: org.apache.ibatis.type.TypeException: Could not resolve type alias 'rolesandusergroupsentity'.  Cause: java.lang.ClassNotFoundException: Cannot find class: rolesandusergroupsentity
	at org.apache.ibatis.builder.BaseBuilder.resolveClass(BaseBuilder.java:69)
	at org.apache.ibatis.builder.xml.XMLMapperBuilder.resultMapElement(XMLMapperBuilder.java:213)
	at org.apache.ibatis.builder.xml.XMLMapperBuilder.resultMapElement(XMLMapperBuilder.java:201)
	at org.apache.ibatis.builder.xml.XMLMapperBuilder.resultMapElements(XMLMapperBuilder.java:196)
	at org.apache.ibatis.builder.xml.XMLMapperBuilder.configurationElement(XMLMapperBuilder.java:93)
	... 60 more
Caused by: org.apache.ibatis.type.TypeException: Could not resolve type alias 'rolesandusergroupsentity'.  Cause: java.lang.ClassNotFoundException: Cannot find class: rolesandusergroupsentity
	at org.apache.ibatis.type.TypeAliasRegistry.resolveAlias(TypeAliasRegistry.java:92)
	at org.apache.ibatis.builder.BaseBuilder.resolveAlias(BaseBuilder.java:93)
	at org.apache.ibatis.builder.BaseBuilder.resolveClass(BaseBuilder.java:67)
	... 64 more
Caused by: java.lang.ClassNotFoundException: Cannot find class: rolesandusergroupsentity
	at org.apache.ibatis.io.ClassLoaderWrapper.classForName(ClassLoaderWrapper.java:173)
	at org.apache.ibatis.io.ClassLoaderWrapper.classForName(ClassLoaderWrapper.java:72)
	at org.apache.ibatis.io.Resources.classForName(Resources.java:235)
	at org.apache.ibatis.type.TypeAliasRegistry.resolveAlias(TypeAliasRegistry.java:88)
	... 66 more
[ERROR]_2014-07-06 01:23:25 :sysuser1.getPwd()===?e10adc3949ba59abbe56e057f20f883e
  [ERROR]_2014-07-06 01:23:25 :user1.getPwd()===e10adc3949ba59abbe56e057f20f883e
  [ERROR]_2014-07-06 01:24:31 :sysuser1.getPwd()===?e10adc3949ba59abbe56e057f20f883e
  [ERROR]_2014-07-06 01:24:31 :user1.getPwd()===e10adc3949ba59abbe56e057f20f883e
  [ERROR]_2014-07-06 10:27:03 :sysuser1.getPwd()===?e10adc3949ba59abbe56e057f20f883e
  [ERROR]_2014-07-06 10:27:03 :user1.getPwd()===e10adc3949ba59abbe56e057f20f883e
  [ERROR]_2014-07-06 10:38:33 :sysuser1.getPwd()===?e10adc3949ba59abbe56e057f20f883e
  [ERROR]_2014-07-06 10:38:33 :user1.getPwd()===e10adc3949ba59abbe56e057f20f883e
  [ERROR]_2014-07-06 10:39:08 :sysuser1.getPwd()===?e10adc3949ba59abbe56e057f20f883e
  [ERROR]_2014-07-06 10:39:08 :user1.getPwd()===e10adc3949ba59abbe56e057f20f883e
  [ERROR]_2014-07-06 10:39:20 :sysuser1.getPwd()===?e10adc3949ba59abbe56e057f20f883e
  [ERROR]_2014-07-06 10:39:20 :user1.getPwd()===e10adc3949ba59abbe56e057f20f883e
  [ERROR]_2014-07-06 10:39:56 :sysuser1.getPwd()===?e10adc3949ba59abbe56e057f20f883e
  [ERROR]_2014-07-06 10:39:56 :user1.getPwd()===e10adc3949ba59abbe56e057f20f883e
  [ERROR]_2014-07-06 11:47:57 :sysuser1.getPwd()===?e10adc3949ba59abbe56e057f20f883e
  [ERROR]_2014-07-06 11:47:57 :user1.getPwd()===e10adc3949ba59abbe56e057f20f883e
  [ERROR]_2014-07-06 11:49:18 :sysuser1.getPwd()===?e10adc3949ba59abbe56e057f20f883e
  [ERROR]_2014-07-06 11:49:18 :user1.getPwd()===e10adc3949ba59abbe56e057f20f883e
  [ERROR]_2014-07-06 12:08:06 :Context initialization failed
  org.springframework.beans.factory.BeanCreationException: Error creating bean with name 'menubiz': Injection of autowired dependencies failed; nested exception is org.springframework.beans.factory.BeanCreationException: Could not autowire field: private com.sx.rbac.dao.IMenuDao com.sx.rbac.biz.impl.MenuBiz.imenudao; nested exception is org.springframework.beans.factory.NoSuchBeanDefinitionException: No matching bean of type [com.sx.rbac.dao.IMenuDao] found for dependency: expected at least 1 bean which qualifies as autowire candidate for this dependency. Dependency annotations: {@org.springframework.beans.factory.annotation.Autowired(required=true)}
	at org.springframework.beans.factory.annotation.AutowiredAnnotationBeanPostProcessor.postProcessPropertyValues(AutowiredAnnotationBeanPostProcessor.java:283)
	at org.springframework.beans.factory.support.AbstractAutowireCapableBeanFactory.populateBean(AbstractAutowireCapableBeanFactory.java:1055)
	at org.springframework.beans.factory.support.AbstractAutowireCapableBeanFactory.doCreateBean(AbstractAutowireCapableBeanFactory.java:511)
	at org.springframework.beans.factory.support.AbstractAutowireCapableBeanFactory.createBean(AbstractAutowireCapableBeanFactory.java:450)
	at org.springframework.beans.factory.support.AbstractBeanFactory$1.getObject(AbstractBeanFactory.java:290)
	at org.springframework.beans.factory.support.DefaultSingletonBeanRegistry.getSingleton(DefaultSingletonBeanRegistry.java:222)
	at org.springframework.beans.factory.support.AbstractBeanFactory.doGetBean(AbstractBeanFactory.java:287)
	at org.springframework.beans.factory.support.AbstractBeanFactory.getBean(AbstractBeanFactory.java:189)
	at org.springframework.beans.factory.support.DefaultListableBeanFactory.preInstantiateSingletons(DefaultListableBeanFactory.java:557)
	at org.springframework.context.support.AbstractApplicationContext.finishBeanFactoryInitialization(AbstractApplicationContext.java:842)
	at org.springframework.context.support.AbstractApplicationContext.refresh(AbstractApplicationContext.java:416)
	at org.springframework.web.context.ContextLoader.createWebApplicationContext(ContextLoader.java:261)
	at org.springframework.web.context.ContextLoader.initWebApplicationContext(ContextLoader.java:192)
	at org.springframework.web.context.ContextLoaderListener.contextInitialized(ContextLoaderListener.java:47)
	at org.apache.catalina.core.StandardContext.listenerStart(StandardContext.java:4205)
	at org.apache.catalina.core.StandardContext.start(StandardContext.java:4704)
	at org.apache.catalina.core.ContainerBase.start(ContainerBase.java:1053)
	at org.apache.catalina.core.StandardHost.start(StandardHost.java:840)
	at org.apache.catalina.core.ContainerBase.start(ContainerBase.java:1053)
	at org.apache.catalina.core.StandardEngine.start(StandardEngine.java:463)
	at org.apache.catalina.core.StandardService.start(StandardService.java:525)
	at org.apache.catalina.core.StandardServer.start(StandardServer.java:754)
	at org.apache.catalina.startup.Catalina.start(Catalina.java:595)
	at sun.reflect.NativeMethodAccessorImpl.invoke0(Native Method)
	at sun.reflect.NativeMethodAccessorImpl.invoke(NativeMethodAccessorImpl.java:39)
	at sun.reflect.DelegatingMethodAccessorImpl.invoke(DelegatingMethodAccessorImpl.java:25)
	at java.lang.reflect.Method.invoke(Method.java:597)
	at org.apache.catalina.startup.Bootstrap.start(Bootstrap.java:289)
	at org.apache.catalina.startup.Bootstrap.main(Bootstrap.java:414)
Caused by: org.springframework.beans.factory.BeanCreationException: Could not autowire field: private com.sx.rbac.dao.IMenuDao com.sx.rbac.biz.impl.MenuBiz.imenudao; nested exception is org.springframework.beans.factory.NoSuchBeanDefinitionException: No matching bean of type [com.sx.rbac.dao.IMenuDao] found for dependency: expected at least 1 bean which qualifies as autowire candidate for this dependency. Dependency annotations: {@org.springframework.beans.factory.annotation.Autowired(required=true)}
	at org.springframework.beans.factory.annotation.AutowiredAnnotationBeanPostProcessor$AutowiredFieldElement.inject(AutowiredAnnotationBeanPostProcessor.java:504)
	at org.springframework.beans.factory.annotation.InjectionMetadata.inject(InjectionMetadata.java:84)
	at org.springframework.beans.factory.annotation.AutowiredAnnotationBeanPostProcessor.postProcessPropertyValues(AutowiredAnnotationBeanPostProcessor.java:280)
	... 28 more
Caused by: org.springframework.beans.factory.NoSuchBeanDefinitionException: No matching bean of type [com.sx.rbac.dao.IMenuDao] found for dependency: expected at least 1 bean which qualifies as autowire candidate for this dependency. Dependency annotations: {@org.springframework.beans.factory.annotation.Autowired(required=true)}
	at org.springframework.beans.factory.support.DefaultListableBeanFactory.raiseNoSuchBeanDefinitionException(DefaultListableBeanFactory.java:896)
	at org.springframework.beans.factory.support.DefaultListableBeanFactory.doResolveDependency(DefaultListableBeanFactory.java:765)
	at org.springframework.beans.factory.support.DefaultListableBeanFactory.resolveDependency(DefaultListableBeanFactory.java:680)
	at org.springframework.beans.factory.annotation.AutowiredAnnotationBeanPostProcessor$AutowiredFieldElement.inject(AutowiredAnnotationBeanPostProcessor.java:475)
	... 30 more
[ERROR]_2014-07-06 12:08:44 :Context initialization failed
  org.springframework.beans.factory.BeanCreationException: Error creating bean with name 'menubiz': Injection of autowired dependencies failed; nested exception is org.springframework.beans.factory.BeanCreationException: Could not autowire field: private com.sx.rbac.dao.IMenuDao com.sx.rbac.biz.impl.MenuBiz.imenudao; nested exception is org.springframework.beans.factory.NoSuchBeanDefinitionException: No matching bean of type [com.sx.rbac.dao.IMenuDao] found for dependency: expected at least 1 bean which qualifies as autowire candidate for this dependency. Dependency annotations: {@org.springframework.beans.factory.annotation.Autowired(required=true)}
	at org.springframework.beans.factory.annotation.AutowiredAnnotationBeanPostProcessor.postProcessPropertyValues(AutowiredAnnotationBeanPostProcessor.java:283)
	at org.springframework.beans.factory.support.AbstractAutowireCapableBeanFactory.populateBean(AbstractAutowireCapableBeanFactory.java:1055)
	at org.springframework.beans.factory.support.AbstractAutowireCapableBeanFactory.doCreateBean(AbstractAutowireCapableBeanFactory.java:511)
	at org.springframework.beans.factory.support.AbstractAutowireCapableBeanFactory.createBean(AbstractAutowireCapableBeanFactory.java:450)
	at org.springframework.beans.factory.support.AbstractBeanFactory$1.getObject(AbstractBeanFactory.java:290)
	at org.springframework.beans.factory.support.DefaultSingletonBeanRegistry.getSingleton(DefaultSingletonBeanRegistry.java:222)
	at org.springframework.beans.factory.support.AbstractBeanFactory.doGetBean(AbstractBeanFactory.java:287)
	at org.springframework.beans.factory.support.AbstractBeanFactory.getBean(AbstractBeanFactory.java:189)
	at org.springframework.beans.factory.support.DefaultListableBeanFactory.preInstantiateSingletons(DefaultListableBeanFactory.java:557)
	at org.springframework.context.support.AbstractApplicationContext.finishBeanFactoryInitialization(AbstractApplicationContext.java:842)
	at org.springframework.context.support.AbstractApplicationContext.refresh(AbstractApplicationContext.java:416)
	at org.springframework.web.context.ContextLoader.createWebApplicationContext(ContextLoader.java:261)
	at org.springframework.web.context.ContextLoader.initWebApplicationContext(ContextLoader.java:192)
	at org.springframework.web.context.ContextLoaderListener.contextInitialized(ContextLoaderListener.java:47)
	at org.apache.catalina.core.StandardContext.listenerStart(StandardContext.java:4205)
	at org.apache.catalina.core.StandardContext.start(StandardContext.java:4704)
	at org.apache.catalina.core.ContainerBase.start(ContainerBase.java:1053)
	at org.apache.catalina.core.StandardHost.start(StandardHost.java:840)
	at org.apache.catalina.core.ContainerBase.start(ContainerBase.java:1053)
	at org.apache.catalina.core.StandardEngine.start(StandardEngine.java:463)
	at org.apache.catalina.core.StandardService.start(StandardService.java:525)
	at org.apache.catalina.core.StandardServer.start(StandardServer.java:754)
	at org.apache.catalina.startup.Catalina.start(Catalina.java:595)
	at sun.reflect.NativeMethodAccessorImpl.invoke0(Native Method)
	at sun.reflect.NativeMethodAccessorImpl.invoke(NativeMethodAccessorImpl.java:39)
	at sun.reflect.DelegatingMethodAccessorImpl.invoke(DelegatingMethodAccessorImpl.java:25)
	at java.lang.reflect.Method.invoke(Method.java:597)
	at org.apache.catalina.startup.Bootstrap.start(Bootstrap.java:289)
	at org.apache.catalina.startup.Bootstrap.main(Bootstrap.java:414)
Caused by: org.springframework.beans.factory.BeanCreationException: Could not autowire field: private com.sx.rbac.dao.IMenuDao com.sx.rbac.biz.impl.MenuBiz.imenudao; nested exception is org.springframework.beans.factory.NoSuchBeanDefinitionException: No matching bean of type [com.sx.rbac.dao.IMenuDao] found for dependency: expected at least 1 bean which qualifies as autowire candidate for this dependency. Dependency annotations: {@org.springframework.beans.factory.annotation.Autowired(required=true)}
	at org.springframework.beans.factory.annotation.AutowiredAnnotationBeanPostProcessor$AutowiredFieldElement.inject(AutowiredAnnotationBeanPostProcessor.java:504)
	at org.springframework.beans.factory.annotation.InjectionMetadata.inject(InjectionMetadata.java:84)
	at org.springframework.beans.factory.annotation.AutowiredAnnotationBeanPostProcessor.postProcessPropertyValues(AutowiredAnnotationBeanPostProcessor.java:280)
	... 28 more
Caused by: org.springframework.beans.factory.NoSuchBeanDefinitionException: No matching bean of type [com.sx.rbac.dao.IMenuDao] found for dependency: expected at least 1 bean which qualifies as autowire candidate for this dependency. Dependency annotations: {@org.springframework.beans.factory.annotation.Autowired(required=true)}
	at org.springframework.beans.factory.support.DefaultListableBeanFactory.raiseNoSuchBeanDefinitionException(DefaultListableBeanFactory.java:896)
	at org.springframework.beans.factory.support.DefaultListableBeanFactory.doResolveDependency(DefaultListableBeanFactory.java:765)
	at org.springframework.beans.factory.support.DefaultListableBeanFactory.resolveDependency(DefaultListableBeanFactory.java:680)
	at org.springframework.beans.factory.annotation.AutowiredAnnotationBeanPostProcessor$AutowiredFieldElement.inject(AutowiredAnnotationBeanPostProcessor.java:475)
	... 30 more
[ERROR]_2014-07-06 12:10:05 :sysuser1.getPwd()===?e10adc3949ba59abbe56e057f20f883e
  [ERROR]_2014-07-06 12:10:05 :user1.getPwd()===e10adc3949ba59abbe56e057f20f883e
  [ERROR]_2014-07-06 12:10:26 :sysuser1.getPwd()===?e10adc3949ba59abbe56e057f20f883e
  [ERROR]_2014-07-06 12:10:26 :user1.getPwd()===e10adc3949ba59abbe56e057f20f883e
  [ERROR]_2014-07-06 12:17:15 :sysuser1.getPwd()===?e10adc3949ba59abbe56e057f20f883e
  [ERROR]_2014-07-06 12:17:15 :user1.getPwd()===e10adc3949ba59abbe56e057f20f883e
  [ERROR]_2014-07-06 12:17:16 :==========3=========
  [ERROR]_2014-07-06 12:17:16 :8======
  [ERROR]_2014-07-06 12:17:16 :Developer Notification (set struts.devMode to false to disable this message):
Unexpected Exception caught setting 'node' on 'class com.sx.rbac.action.MenuAction: Error setting expression 'node' with value ['30', ]
  [ERROR]_2014-07-06 12:17:16 :Developer Notification (set struts.devMode to false to disable this message):
Unexpected Exception caught setting 'node' on 'class com.sx.rbac.action.MenuAction: Error setting expression 'node' with value ['36', ]
  [ERROR]_2014-07-06 12:17:16 :Developer Notification (set struts.devMode to false to disable this message):
Unexpected Exception caught setting 'node' on 'class com.sx.rbac.action.MenuAction: Error setting expression 'node' with value ['26', ]
  [ERROR]_2014-07-06 12:17:16 :Developer Notification (set struts.devMode to false to disable this message):
Unexpected Exception caught setting 'node' on 'class com.sx.rbac.action.MenuAction: Error setting expression 'node' with value ['4', ]
  [ERROR]_2014-07-06 12:17:16 :Developer Notification (set struts.devMode to false to disable this message):
Unexpected Exception caught setting 'node' on 'class com.sx.rbac.action.MenuAction: Error setting expression 'node' with value ['3', ]
  [ERROR]_2014-07-06 12:17:16 :Developer Notification (set struts.devMode to false to disable this message):
Unexpected Exception caught setting 'node' on 'class com.sx.rbac.action.MenuAction: Error setting expression 'node' with value ['23', ]
  [ERROR]_2014-07-06 12:17:16 :Developer Notification (set struts.devMode to false to disable this message):
Unexpected Exception caught setting 'node' on 'class com.sx.rbac.action.MenuAction: Error setting expression 'node' with value ['39', ]
  [ERROR]_2014-07-06 12:17:16 :Developer Notification (set struts.devMode to false to disable this message):
Unexpected Exception caught setting 'node' on 'class com.sx.rbac.action.MenuAction: Error setting expression 'node' with value ['41', ]
  [ERROR]_2014-07-06 12:20:08 :==========3=========
  [ERROR]_2014-07-06 12:20:08 :8======
  [ERROR]_2014-07-06 12:20:08 :Developer Notification (set struts.devMode to false to disable this message):
Unexpected Exception caught setting 'node' on 'class com.sx.rbac.action.MenuAction: Error setting expression 'node' with value ['26', ]
  [ERROR]_2014-07-06 12:20:08 :Developer Notification (set struts.devMode to false to disable this message):
Unexpected Exception caught setting 'node' on 'class com.sx.rbac.action.MenuAction: Error setting expression 'node' with value ['4', ]
  [ERROR]_2014-07-06 12:20:08 :Developer Notification (set struts.devMode to false to disable this message):
Unexpected Exception caught setting 'node' on 'class com.sx.rbac.action.MenuAction: Error setting expression 'node' with value ['3', ]
  [ERROR]_2014-07-06 12:20:08 :Developer Notification (set struts.devMode to false to disable this message):
Unexpected Exception caught setting 'node' on 'class com.sx.rbac.action.MenuAction: Error setting expression 'node' with value ['41', ]
  [ERROR]_2014-07-06 12:20:08 :Developer Notification (set struts.devMode to false to disable this message):
Unexpected Exception caught setting 'node' on 'class com.sx.rbac.action.MenuAction: Error setting expression 'node' with value ['23', ]
  [ERROR]_2014-07-06 12:20:08 :Developer Notification (set struts.devMode to false to disable this message):
Unexpected Exception caught setting 'node' on 'class com.sx.rbac.action.MenuAction: Error setting expression 'node' with value ['39', ]
  [ERROR]_2014-07-06 12:20:08 :Developer Notification (set struts.devMode to false to disable this message):
Unexpected Exception caught setting 'node' on 'class com.sx.rbac.action.MenuAction: Error setting expression 'node' with value ['36', ]
  [ERROR]_2014-07-06 12:20:08 :Developer Notification (set struts.devMode to false to disable this message):
Unexpected Exception caught setting 'node' on 'class com.sx.rbac.action.MenuAction: Error setting expression 'node' with value ['30', ]
  [ERROR]_2014-07-06 12:20:29 :==========3=========
  [ERROR]_2014-07-06 12:20:29 :8======
  [ERROR]_2014-07-06 12:20:29 :Developer Notification (set struts.devMode to false to disable this message):
Unexpected Exception caught setting 'node' on 'class com.sx.rbac.action.MenuAction: Error setting expression 'node' with value ['3', ]
  [ERROR]_2014-07-06 12:20:29 :Developer Notification (set struts.devMode to false to disable this message):
Unexpected Exception caught setting 'node' on 'class com.sx.rbac.action.MenuAction: Error setting expression 'node' with value ['23', ]
  [ERROR]_2014-07-06 12:20:29 :Developer Notification (set struts.devMode to false to disable this message):
Unexpected Exception caught setting 'node' on 'class com.sx.rbac.action.MenuAction: Error setting expression 'node' with value ['4', ]
  [ERROR]_2014-07-06 12:20:29 :Developer Notification (set struts.devMode to false to disable this message):
Unexpected Exception caught setting 'node' on 'class com.sx.rbac.action.MenuAction: Error setting expression 'node' with value ['26', ]
  [ERROR]_2014-07-06 12:20:29 :Developer Notification (set struts.devMode to false to disable this message):
Unexpected Exception caught setting 'node' on 'class com.sx.rbac.action.MenuAction: Error setting expression 'node' with value ['39', ]
  [ERROR]_2014-07-06 12:20:29 :Developer Notification (set struts.devMode to false to disable this message):
Unexpected Exception caught setting 'node' on 'class com.sx.rbac.action.MenuAction: Error setting expression 'node' with value ['30', ]
  [ERROR]_2014-07-06 12:20:29 :Developer Notification (set struts.devMode to false to disable this message):
Unexpected Exception caught setting 'node' on 'class com.sx.rbac.action.MenuAction: Error setting expression 'node' with value ['36', ]
  [ERROR]_2014-07-06 12:20:29 :Developer Notification (set struts.devMode to false to disable this message):
Unexpected Exception caught setting 'node' on 'class com.sx.rbac.action.MenuAction: Error setting expression 'node' with value ['41', ]
  [ERROR]_2014-07-06 12:21:51 :==========3=========
  [ERROR]_2014-07-06 12:21:51 :8======
  [ERROR]_2014-07-06 12:21:51 :Developer Notification (set struts.devMode to false to disable this message):
Unexpected Exception caught setting 'node' on 'class com.sx.rbac.action.MenuAction: Error setting expression 'node' with value ['26', ]
  [ERROR]_2014-07-06 12:21:51 :Developer Notification (set struts.devMode to false to disable this message):
Unexpected Exception caught setting 'node' on 'class com.sx.rbac.action.MenuAction: Error setting expression 'node' with value ['4', ]
  [ERROR]_2014-07-06 12:21:51 :Developer Notification (set struts.devMode to false to disable this message):
Unexpected Exception caught setting 'node' on 'class com.sx.rbac.action.MenuAction: Error setting expression 'node' with value ['39', ]
  [ERROR]_2014-07-06 12:21:51 :Developer Notification (set struts.devMode to false to disable this message):
Unexpected Exception caught setting 'node' on 'class com.sx.rbac.action.MenuAction: Error setting expression 'node' with value ['23', ]
  [ERROR]_2014-07-06 12:21:51 :Developer Notification (set struts.devMode to false to disable this message):
Unexpected Exception caught setting 'node' on 'class com.sx.rbac.action.MenuAction: Error setting expression 'node' with value ['36', ]
  [ERROR]_2014-07-06 12:21:51 :Developer Notification (set struts.devMode to false to disable this message):
Unexpected Exception caught setting 'node' on 'class com.sx.rbac.action.MenuAction: Error setting expression 'node' with value ['3', ]
  [ERROR]_2014-07-06 12:21:51 :Developer Notification (set struts.devMode to false to disable this message):
Unexpected Exception caught setting 'node' on 'class com.sx.rbac.action.MenuAction: Error setting expression 'node' with value ['41', ]
  [ERROR]_2014-07-06 12:21:51 :Developer Notification (set struts.devMode to false to disable this message):
Unexpected Exception caught setting 'node' on 'class com.sx.rbac.action.MenuAction: Error setting expression 'node' with value ['30', ]
  [ERROR]_2014-07-06 12:22:39 :==========3=========
  [ERROR]_2014-07-06 12:22:39 :8======
  [ERROR]_2014-07-06 12:22:39 :Developer Notification (set struts.devMode to false to disable this message):
Unexpected Exception caught setting 'node' on 'class com.sx.rbac.action.MenuAction: Error setting expression 'node' with value ['4', ]
  [ERROR]_2014-07-06 12:22:39 :Developer Notification (set struts.devMode to false to disable this message):
Unexpected Exception caught setting 'node' on 'class com.sx.rbac.action.MenuAction: Error setting expression 'node' with value ['3', ]
  [ERROR]_2014-07-06 12:22:39 :Developer Notification (set struts.devMode to false to disable this message):
Unexpected Exception caught setting 'node' on 'class com.sx.rbac.action.MenuAction: Error setting expression 'node' with value ['26', ]
  [ERROR]_2014-07-06 12:22:39 :Developer Notification (set struts.devMode to false to disable this message):
Unexpected Exception caught setting 'node' on 'class com.sx.rbac.action.MenuAction: Error setting expression 'node' with value ['36', ]
  [ERROR]_2014-07-06 12:22:39 :Developer Notification (set struts.devMode to false to disable this message):
Unexpected Exception caught setting 'node' on 'class com.sx.rbac.action.MenuAction: Error setting expression 'node' with value ['23', ]
  [ERROR]_2014-07-06 12:22:39 :Developer Notification (set struts.devMode to false to disable this message):
Unexpected Exception caught setting 'node' on 'class com.sx.rbac.action.MenuAction: Error setting expression 'node' with value ['39', ]
  [ERROR]_2014-07-06 12:22:39 :Developer Notification (set struts.devMode to false to disable this message):
Unexpected Exception caught setting 'node' on 'class com.sx.rbac.action.MenuAction: Error setting expression 'node' with value ['41', ]
  [ERROR]_2014-07-06 12:22:39 :Developer Notification (set struts.devMode to false to disable this message):
Unexpected Exception caught setting 'node' on 'class com.sx.rbac.action.MenuAction: Error setting expression 'node' with value ['30', ]
  [ERROR]_2014-07-06 12:23:38 :Developer Notification (set struts.devMode to false to disable this message):
Unexpected Exception caught setting 'node' on 'class com.sx.rbac.action.MenuAction: Error setting expression 'node' with value ['43', ]
  [ERROR]_2014-07-06 12:25:00 :Developer Notification (set struts.devMode to false to disable this message):
Unexpected Exception caught setting 'node' on 'class com.sx.rbac.action.MenuAction: Error setting expression 'node' with value ['31', ]
  [ERROR]_2014-07-06 12:25:19 :==========3=========
  [ERROR]_2014-07-06 12:25:19 :8======
  [ERROR]_2014-07-06 12:25:19 :Developer Notification (set struts.devMode to false to disable this message):
Unexpected Exception caught setting 'node' on 'class com.sx.rbac.action.MenuAction: Error setting expression 'node' with value ['3', ]
  [ERROR]_2014-07-06 12:25:19 :Developer Notification (set struts.devMode to false to disable this message):
Unexpected Exception caught setting 'node' on 'class com.sx.rbac.action.MenuAction: Error setting expression 'node' with value ['23', ]
  [ERROR]_2014-07-06 12:25:19 :Developer Notification (set struts.devMode to false to disable this message):
Unexpected Exception caught setting 'node' on 'class com.sx.rbac.action.MenuAction: Error setting expression 'node' with value ['30', ]
  [ERROR]_2014-07-06 12:25:19 :Developer Notification (set struts.devMode to false to disable this message):
Unexpected Exception caught setting 'node' on 'class com.sx.rbac.action.MenuAction: Error setting expression 'node' with value ['26', ]
  [ERROR]_2014-07-06 12:25:19 :Developer Notification (set struts.devMode to false to disable this message):
Unexpected Exception caught setting 'node' on 'class com.sx.rbac.action.MenuAction: Error setting expression 'node' with value ['41', ]
  [ERROR]_2014-07-06 12:25:19 :Developer Notification (set struts.devMode to false to disable this message):
Unexpected Exception caught setting 'node' on 'class com.sx.rbac.action.MenuAction: Error setting expression 'node' with value ['4', ]
  [ERROR]_2014-07-06 12:25:19 :Developer Notification (set struts.devMode to false to disable this message):
Unexpected Exception caught setting 'node' on 'class com.sx.rbac.action.MenuAction: Error setting expression 'node' with value ['36', ]
  [ERROR]_2014-07-06 12:25:19 :Developer Notification (set struts.devMode to false to disable this message):
Unexpected Exception caught setting 'node' on 'class com.sx.rbac.action.MenuAction: Error setting expression 'node' with value ['39', ]
  [ERROR]_2014-07-06 12:25:27 :==========3=========
  [ERROR]_2014-07-06 12:25:27 :8======
  [ERROR]_2014-07-06 12:25:27 :Developer Notification (set struts.devMode to false to disable this message):
Unexpected Exception caught setting 'node' on 'class com.sx.rbac.action.MenuAction: Error setting expression 'node' with value ['26', ]
  [ERROR]_2014-07-06 12:25:27 :Developer Notification (set struts.devMode to false to disable this message):
Unexpected Exception caught setting 'node' on 'class com.sx.rbac.action.MenuAction: Error setting expression 'node' with value ['3', ]
  [ERROR]_2014-07-06 12:25:27 :Developer Notification (set struts.devMode to false to disable this message):
Unexpected Exception caught setting 'node' on 'class com.sx.rbac.action.MenuAction: Error setting expression 'node' with value ['39', ]
  [ERROR]_2014-07-06 12:25:27 :Developer Notification (set struts.devMode to false to disable this message):
Unexpected Exception caught setting 'node' on 'class com.sx.rbac.action.MenuAction: Error setting expression 'node' with value ['36', ]
  [ERROR]_2014-07-06 12:25:27 :Developer Notification (set struts.devMode to false to disable this message):
Unexpected Exception caught setting 'node' on 'class com.sx.rbac.action.MenuAction: Error setting expression 'node' with value ['4', ]
  [ERROR]_2014-07-06 12:25:27 :Developer Notification (set struts.devMode to false to disable this message):
Unexpected Exception caught setting 'node' on 'class com.sx.rbac.action.MenuAction: Error setting expression 'node' with value ['23', ]
  [ERROR]_2014-07-06 12:25:27 :Developer Notification (set struts.devMode to false to disable this message):
Unexpected Exception caught setting 'node' on 'class com.sx.rbac.action.MenuAction: Error setting expression 'node' with value ['41', ]
  [ERROR]_2014-07-06 12:25:27 :Developer Notification (set struts.devMode to false to disable this message):
Unexpected Exception caught setting 'node' on 'class com.sx.rbac.action.MenuAction: Error setting expression 'node' with value ['30', ]
  [ERROR]_2014-07-06 12:25:50 :==========3=========
  [ERROR]_2014-07-06 12:25:50 :8======
  [ERROR]_2014-07-06 12:25:50 :Developer Notification (set struts.devMode to false to disable this message):
Unexpected Exception caught setting 'node' on 'class com.sx.rbac.action.MenuAction: Error setting expression 'node' with value ['23', ]
  [ERROR]_2014-07-06 12:25:50 :Developer Notification (set struts.devMode to false to disable this message):
Unexpected Exception caught setting 'node' on 'class com.sx.rbac.action.MenuAction: Error setting expression 'node' with value ['4', ]
  [ERROR]_2014-07-06 12:25:50 :Developer Notification (set struts.devMode to false to disable this message):
Unexpected Exception caught setting 'node' on 'class com.sx.rbac.action.MenuAction: Error setting expression 'node' with value ['26', ]
  [ERROR]_2014-07-06 12:25:50 :Developer Notification (set struts.devMode to false to disable this message):
Unexpected Exception caught setting 'node' on 'class com.sx.rbac.action.MenuAction: Error setting expression 'node' with value ['36', ]
  [ERROR]_2014-07-06 12:25:50 :Developer Notification (set struts.devMode to false to disable this message):
Unexpected Exception caught setting 'node' on 'class com.sx.rbac.action.MenuAction: Error setting expression 'node' with value ['39', ]
  [ERROR]_2014-07-06 12:25:50 :Developer Notification (set struts.devMode to false to disable this message):
Unexpected Exception caught setting 'node' on 'class com.sx.rbac.action.MenuAction: Error setting expression 'node' with value ['3', ]
  [ERROR]_2014-07-06 12:25:50 :Developer Notification (set struts.devMode to false to disable this message):
Unexpected Exception caught setting 'node' on 'class com.sx.rbac.action.MenuAction: Error setting expression 'node' with value ['30', ]
  [ERROR]_2014-07-06 12:25:50 :Developer Notification (set struts.devMode to false to disable this message):
Unexpected Exception caught setting 'node' on 'class com.sx.rbac.action.MenuAction: Error setting expression 'node' with value ['41', ]
  [ERROR]_2014-07-06 12:30:11 :sysuser1.getPwd()===?e10adc3949ba59abbe56e057f20f883e
  [ERROR]_2014-07-06 12:30:11 :user1.getPwd()===e10adc3949ba59abbe56e057f20f883e
  [ERROR]_2014-07-06 12:30:13 :==========3=========
  [ERROR]_2014-07-06 12:30:13 :8======
  [ERROR]_2014-07-06 12:30:13 :Developer Notification (set struts.devMode to false to disable this message):
Unexpected Exception caught setting 'node' on 'class com.sx.rbac.action.MenuAction: Error setting expression 'node' with value ['26', ]
  [ERROR]_2014-07-06 12:30:13 :Developer Notification (set struts.devMode to false to disable this message):
Unexpected Exception caught setting 'node' on 'class com.sx.rbac.action.MenuAction: Error setting expression 'node' with value ['3', ]
  [ERROR]_2014-07-06 12:30:13 :Developer Notification (set struts.devMode to false to disable this message):
Unexpected Exception caught setting 'node' on 'class com.sx.rbac.action.MenuAction: Error setting expression 'node' with value ['23', ]
  [ERROR]_2014-07-06 12:30:13 :Developer Notification (set struts.devMode to false to disable this message):
Unexpected Exception caught setting 'node' on 'class com.sx.rbac.action.MenuAction: Error setting expression 'node' with value ['30', ]
  [ERROR]_2014-07-06 12:30:13 :Developer Notification (set struts.devMode to false to disable this message):
Unexpected Exception caught setting 'node' on 'class com.sx.rbac.action.MenuAction: Error setting expression 'node' with value ['4', ]
  [ERROR]_2014-07-06 12:30:13 :Developer Notification (set struts.devMode to false to disable this message):
Unexpected Exception caught setting 'node' on 'class com.sx.rbac.action.MenuAction: Error setting expression 'node' with value ['36', ]
  [ERROR]_2014-07-06 12:30:13 :Developer Notification (set struts.devMode to false to disable this message):
Unexpected Exception caught setting 'node' on 'class com.sx.rbac.action.MenuAction: Error setting expression 'node' with value ['39', ]
  [ERROR]_2014-07-06 12:30:13 :Developer Notification (set struts.devMode to false to disable this message):
Unexpected Exception caught setting 'node' on 'class com.sx.rbac.action.MenuAction: Error setting expression 'node' with value ['41', ]
  [ERROR]_2014-07-06 12:30:55 :==========3=========
  [ERROR]_2014-07-06 12:30:55 :8======
  [ERROR]_2014-07-06 12:30:55 :Developer Notification (set struts.devMode to false to disable this message):
Unexpected Exception caught setting 'node' on 'class com.sx.rbac.action.MenuAction: Error setting expression 'node' with value ['30', ]
  [ERROR]_2014-07-06 12:30:55 :Developer Notification (set struts.devMode to false to disable this message):
Unexpected Exception caught setting 'node' on 'class com.sx.rbac.action.MenuAction: Error setting expression 'node' with value ['4', ]
  [ERROR]_2014-07-06 12:30:55 :Developer Notification (set struts.devMode to false to disable this message):
Unexpected Exception caught setting 'node' on 'class com.sx.rbac.action.MenuAction: Error setting expression 'node' with value ['26', ]
  [ERROR]_2014-07-06 12:30:55 :Developer Notification (set struts.devMode to false to disable this message):
Unexpected Exception caught setting 'node' on 'class com.sx.rbac.action.MenuAction: Error setting expression 'node' with value ['39', ]
  [ERROR]_2014-07-06 12:30:55 :Developer Notification (set struts.devMode to false to disable this message):
Unexpected Exception caught setting 'node' on 'class com.sx.rbac.action.MenuAction: Error setting expression 'node' with value ['36', ]
  [ERROR]_2014-07-06 12:30:55 :Developer Notification (set struts.devMode to false to disable this message):
Unexpected Exception caught setting 'node' on 'class com.sx.rbac.action.MenuAction: Error setting expression 'node' with value ['3', ]
  [ERROR]_2014-07-06 12:30:55 :Developer Notification (set struts.devMode to false to disable this message):
Unexpected Exception caught setting 'node' on 'class com.sx.rbac.action.MenuAction: Error setting expression 'node' with value ['41', ]
  [ERROR]_2014-07-06 12:30:55 :Developer Notification (set struts.devMode to false to disable this message):
Unexpected Exception caught setting 'node' on 'class com.sx.rbac.action.MenuAction: Error setting expression 'node' with value ['23', ]
  [ERROR]_2014-07-06 12:31:12 :sysuser1.getPwd()===?e10adc3949ba59abbe56e057f20f883e
  [ERROR]_2014-07-06 12:31:12 :user1.getPwd()===e10adc3949ba59abbe56e057f20f883e
  [ERROR]_2014-07-06 12:31:13 :==========3=========
  [ERROR]_2014-07-06 12:31:13 :8======
  [ERROR]_2014-07-06 12:31:13 :Developer Notification (set struts.devMode to false to disable this message):
Unexpected Exception caught setting 'node' on 'class com.sx.rbac.action.MenuAction: Error setting expression 'node' with value ['30', ]
  [ERROR]_2014-07-06 12:31:13 :Developer Notification (set struts.devMode to false to disable this message):
Unexpected Exception caught setting 'node' on 'class com.sx.rbac.action.MenuAction: Error setting expression 'node' with value ['26', ]
  [ERROR]_2014-07-06 12:31:13 :Developer Notification (set struts.devMode to false to disable this message):
Unexpected Exception caught setting 'node' on 'class com.sx.rbac.action.MenuAction: Error setting expression 'node' with value ['3', ]
  [ERROR]_2014-07-06 12:31:13 :Developer Notification (set struts.devMode to false to disable this message):
Unexpected Exception caught setting 'node' on 'class com.sx.rbac.action.MenuAction: Error setting expression 'node' with value ['39', ]
  [ERROR]_2014-07-06 12:31:13 :Developer Notification (set struts.devMode to false to disable this message):
Unexpected Exception caught setting 'node' on 'class com.sx.rbac.action.MenuAction: Error setting expression 'node' with value ['36', ]
  [ERROR]_2014-07-06 12:31:13 :Developer Notification (set struts.devMode to false to disable this message):
Unexpected Exception caught setting 'node' on 'class com.sx.rbac.action.MenuAction: Error setting expression 'node' with value ['4', ]
  [ERROR]_2014-07-06 12:31:14 :Developer Notification (set struts.devMode to false to disable this message):
Unexpected Exception caught setting 'node' on 'class com.sx.rbac.action.MenuAction: Error setting expression 'node' with value ['41', ]
  [ERROR]_2014-07-06 12:31:14 :Developer Notification (set struts.devMode to false to disable this message):
Unexpected Exception caught setting 'node' on 'class com.sx.rbac.action.MenuAction: Error setting expression 'node' with value ['23', ]
  [ERROR]_2014-07-06 12:31:58 :==========3=========
  [ERROR]_2014-07-06 12:31:58 :8======
  [ERROR]_2014-07-06 12:31:58 :Developer Notification (set struts.devMode to false to disable this message):
Unexpected Exception caught setting 'node' on 'class com.sx.rbac.action.MenuAction: Error setting expression 'node' with value ['23', ]
  [ERROR]_2014-07-06 12:31:58 :Developer Notification (set struts.devMode to false to disable this message):
Unexpected Exception caught setting 'node' on 'class com.sx.rbac.action.MenuAction: Error setting expression 'node' with value ['36', ]
  [ERROR]_2014-07-06 12:31:58 :Developer Notification (set struts.devMode to false to disable this message):
Unexpected Exception caught setting 'node' on 'class com.sx.rbac.action.MenuAction: Error setting expression 'node' with value ['26', ]
  [ERROR]_2014-07-06 12:31:58 :Developer Notification (set struts.devMode to false to disable this message):
Unexpected Exception caught setting 'node' on 'class com.sx.rbac.action.MenuAction: Error setting expression 'node' with value ['3', ]
  [ERROR]_2014-07-06 12:31:58 :Developer Notification (set struts.devMode to false to disable this message):
Unexpected Exception caught setting 'node' on 'class com.sx.rbac.action.MenuAction: Error setting expression 'node' with value ['39', ]
  [ERROR]_2014-07-06 12:31:58 :Developer Notification (set struts.devMode to false to disable this message):
Unexpected Exception caught setting 'node' on 'class com.sx.rbac.action.MenuAction: Error setting expression 'node' with value ['4', ]
  [ERROR]_2014-07-06 12:31:58 :Developer Notification (set struts.devMode to false to disable this message):
Unexpected Exception caught setting 'node' on 'class com.sx.rbac.action.MenuAction: Error setting expression 'node' with value ['41', ]
  [ERROR]_2014-07-06 12:31:58 :Developer Notification (set struts.devMode to false to disable this message):
Unexpected Exception caught setting 'node' on 'class com.sx.rbac.action.MenuAction: Error setting expression 'node' with value ['30', ]
  [ERROR]_2014-07-06 12:32:09 :sysuser1.getPwd()===?e10adc3949ba59abbe56e057f20f883e
  [ERROR]_2014-07-06 12:32:09 :user1.getPwd()===e10adc3949ba59abbe56e057f20f883e
  [ERROR]_2014-07-06 12:32:10 :==========3=========
  [ERROR]_2014-07-06 12:32:10 :8======
  [ERROR]_2014-07-06 12:32:10 :Developer Notification (set struts.devMode to false to disable this message):
Unexpected Exception caught setting 'node' on 'class com.sx.rbac.action.MenuAction: Error setting expression 'node' with value ['4', ]
  [ERROR]_2014-07-06 12:32:10 :Developer Notification (set struts.devMode to false to disable this message):
Unexpected Exception caught setting 'node' on 'class com.sx.rbac.action.MenuAction: Error setting expression 'node' with value ['30', ]
  [ERROR]_2014-07-06 12:32:10 :Developer Notification (set struts.devMode to false to disable this message):
Unexpected Exception caught setting 'node' on 'class com.sx.rbac.action.MenuAction: Error setting expression 'node' with value ['3', ]
  [ERROR]_2014-07-06 12:32:10 :Developer Notification (set struts.devMode to false to disable this message):
Unexpected Exception caught setting 'node' on 'class com.sx.rbac.action.MenuAction: Error setting expression 'node' with value ['26', ]
  [ERROR]_2014-07-06 12:32:10 :Developer Notification (set struts.devMode to false to disable this message):
Unexpected Exception caught setting 'node' on 'class com.sx.rbac.action.MenuAction: Error setting expression 'node' with value ['36', ]
  [ERROR]_2014-07-06 12:32:10 :Developer Notification (set struts.devMode to false to disable this message):
Unexpected Exception caught setting 'node' on 'class com.sx.rbac.action.MenuAction: Error setting expression 'node' with value ['23', ]
  [ERROR]_2014-07-06 12:32:10 :Developer Notification (set struts.devMode to false to disable this message):
Unexpected Exception caught setting 'node' on 'class com.sx.rbac.action.MenuAction: Error setting expression 'node' with value ['39', ]
  [ERROR]_2014-07-06 12:32:10 :Developer Notification (set struts.devMode to false to disable this message):
Unexpected Exception caught setting 'node' on 'class com.sx.rbac.action.MenuAction: Error setting expression 'node' with value ['41', ]
  [ERROR]_2014-07-06 12:32:44 :sysuser1.getPwd()===?e10adc3949ba59abbe56e057f20f883e
  [ERROR]_2014-07-06 12:32:44 :user1.getPwd()===e10adc3949ba59abbe56e057f20f883e
  [ERROR]_2014-07-06 12:32:45 :==========3=========
  [ERROR]_2014-07-06 12:32:45 :8======
  [ERROR]_2014-07-06 12:32:45 :Developer Notification (set struts.devMode to false to disable this message):
Unexpected Exception caught setting 'node' on 'class com.sx.rbac.action.MenuAction: Error setting expression 'node' with value ['30', ]
  [ERROR]_2014-07-06 12:32:45 :Developer Notification (set struts.devMode to false to disable this message):
Unexpected Exception caught setting 'node' on 'class com.sx.rbac.action.MenuAction: Error setting expression 'node' with value ['36', ]
  [ERROR]_2014-07-06 12:32:45 :Developer Notification (set struts.devMode to false to disable this message):
Unexpected Exception caught setting 'node' on 'class com.sx.rbac.action.MenuAction: Error setting expression 'node' with value ['3', ]
  [ERROR]_2014-07-06 12:32:45 :Developer Notification (set struts.devMode to false to disable this message):
Unexpected Exception caught setting 'node' on 'class com.sx.rbac.action.MenuAction: Error setting expression 'node' with value ['23', ]
  [ERROR]_2014-07-06 12:32:45 :Developer Notification (set struts.devMode to false to disable this message):
Unexpected Exception caught setting 'node' on 'class com.sx.rbac.action.MenuAction: Error setting expression 'node' with value ['26', ]
  [ERROR]_2014-07-06 12:32:45 :Developer Notification (set struts.devMode to false to disable this message):
Unexpected Exception caught setting 'node' on 'class com.sx.rbac.action.MenuAction: Error setting expression 'node' with value ['4', ]
  [ERROR]_2014-07-06 12:32:45 :Developer Notification (set struts.devMode to false to disable this message):
Unexpected Exception caught setting 'node' on 'class com.sx.rbac.action.MenuAction: Error setting expression 'node' with value ['39', ]
  [ERROR]_2014-07-06 12:32:45 :Developer Notification (set struts.devMode to false to disable this message):
Unexpected Exception caught setting 'node' on 'class com.sx.rbac.action.MenuAction: Error setting expression 'node' with value ['41', ]
  [ERROR]_2014-07-06 13:31:27 :sysuser1.getPwd()===?e10adc3949ba59abbe56e057f20f883e
  [ERROR]_2014-07-06 13:31:27 :user1.getPwd()===e10adc3949ba59abbe56e057f20f883e
  [ERROR]_2014-07-06 13:31:28 :==========3=========
  [ERROR]_2014-07-06 13:31:28 :8======
  [ERROR]_2014-07-06 13:31:28 :Developer Notification (set struts.devMode to false to disable this message):
Unexpected Exception caught setting 'node' on 'class com.sx.rbac.action.MenuAction: Error setting expression 'node' with value ['39', ]
  [ERROR]_2014-07-06 13:31:28 :Developer Notification (set struts.devMode to false to disable this message):
Unexpected Exception caught setting 'node' on 'class com.sx.rbac.action.MenuAction: Error setting expression 'node' with value ['3', ]
  [ERROR]_2014-07-06 13:31:28 :Developer Notification (set struts.devMode to false to disable this message):
Unexpected Exception caught setting 'node' on 'class com.sx.rbac.action.MenuAction: Error setting expression 'node' with value ['26', ]
  [ERROR]_2014-07-06 13:31:28 :Developer Notification (set struts.devMode to false to disable this message):
Unexpected Exception caught setting 'node' on 'class com.sx.rbac.action.MenuAction: Error setting expression 'node' with value ['4', ]
  [ERROR]_2014-07-06 13:31:28 :Developer Notification (set struts.devMode to false to disable this message):
Unexpected Exception caught setting 'node' on 'class com.sx.rbac.action.MenuAction: Error setting expression 'node' with value ['23', ]
  [ERROR]_2014-07-06 13:31:28 :Developer Notification (set struts.devMode to false to disable this message):
Unexpected Exception caught setting 'node' on 'class com.sx.rbac.action.MenuAction: Error setting expression 'node' with value ['41', ]
  [ERROR]_2014-07-06 13:31:28 :Developer Notification (set struts.devMode to false to disable this message):
Unexpected Exception caught setting 'node' on 'class com.sx.rbac.action.MenuAction: Error setting expression 'node' with value ['30', ]
  [ERROR]_2014-07-06 13:31:28 :Developer Notification (set struts.devMode to false to disable this message):
Unexpected Exception caught setting 'node' on 'class com.sx.rbac.action.MenuAction: Error setting expression 'node' with value ['36', ]
  [ERROR]_2014-07-06 13:47:37 :sysuser1.getPwd()===?e10adc3949ba59abbe56e057f20f883e
  [ERROR]_2014-07-06 13:47:37 :user1.getPwd()===e10adc3949ba59abbe56e057f20f883e
  [ERROR]_2014-07-06 13:47:38 :==========7,9=========
  [ERROR]_2014-07-06 13:47:38 :2======
  [ERROR]_2014-07-06 13:47:38 :Developer Notification (set struts.devMode to false to disable this message):
Unexpected Exception caught setting 'node' on 'class com.sx.rbac.action.MenuAction: Error setting expression 'node' with value ['26', ]
  [ERROR]_2014-07-06 13:47:38 :Developer Notification (set struts.devMode to false to disable this message):
Unexpected Exception caught setting 'node' on 'class com.sx.rbac.action.MenuAction: Error setting expression 'node' with value ['4', ]
  [ERROR]_2014-07-06 13:47:45 :==========7,9=========
  [ERROR]_2014-07-06 13:47:45 :2======
  [ERROR]_2014-07-06 13:47:45 :Developer Notification (set struts.devMode to false to disable this message):
Unexpected Exception caught setting 'node' on 'class com.sx.rbac.action.MenuAction: Error setting expression 'node' with value ['26', ]
  [ERROR]_2014-07-06 13:47:45 :Developer Notification (set struts.devMode to false to disable this message):
Unexpected Exception caught setting 'node' on 'class com.sx.rbac.action.MenuAction: Error setting expression 'node' with value ['4', ]
  [ERROR]_2014-07-06 14:00:13 :==========7,9=========
  [ERROR]_2014-07-06 14:00:13 :2======
  [ERROR]_2014-07-06 14:00:13 :Developer Notification (set struts.devMode to false to disable this message):
Unexpected Exception caught setting 'node' on 'class com.sx.rbac.action.MenuAction: Error setting expression 'node' with value ['26', ]
  [ERROR]_2014-07-06 14:00:13 :Developer Notification (set struts.devMode to false to disable this message):
Unexpected Exception caught setting 'node' on 'class com.sx.rbac.action.MenuAction: Error setting expression 'node' with value ['4', ]
  [ERROR]_2014-07-06 14:38:55 :sysuser1.getPwd()===?e10adc3949ba59abbe56e057f20f883e
  [ERROR]_2014-07-06 14:38:55 :user1.getPwd()===e10adc3949ba59abbe56e057f20f883e
  [ERROR]_2014-07-06 14:38:56 :==========10,10=========
  [ERROR]_2014-07-06 14:38:56 :0======
  [ERROR]_2014-07-06 14:42:42 :==========10,10=========
  [ERROR]_2014-07-06 14:42:42 :1======
  [ERROR]_2014-07-06 14:42:42 :Developer Notification (set struts.devMode to false to disable this message):
Unexpected Exception caught setting 'node' on 'class com.sx.rbac.action.MenuAction: Error setting expression 'node' with value ['47', ]
  [ERROR]_2014-07-06 14:47:40 :==========10,10=========
  [ERROR]_2014-07-06 14:47:40 :1======
  [ERROR]_2014-07-06 14:47:40 :Developer Notification (set struts.devMode to false to disable this message):
Unexpected Exception caught setting 'node' on 'class com.sx.rbac.action.MenuAction: Error setting expression 'node' with value ['47', ]
  [ERROR]_2014-07-06 14:47:42 :Developer Notification (set struts.devMode to false to disable this message):
Unexpected Exception caught setting 'node' on 'class com.sx.rbac.action.MenuAction: Error setting expression 'node' with value ['49', ]
  [ERROR]_2014-07-06 14:47:43 :Developer Notification (set struts.devMode to false to disable this message):
Unexpected Exception caught setting 'node' on 'class com.sx.rbac.action.MenuAction: Error setting expression 'node' with value ['48', ]
  [ERROR]_2014-07-06 14:52:16 :==========10,10=========
  [ERROR]_2014-07-06 14:52:16 :1======
  [ERROR]_2014-07-06 14:52:16 :Developer Notification (set struts.devMode to false to disable this message):
Unexpected Exception caught setting 'node' on 'class com.sx.rbac.action.MenuAction: Error setting expression 'node' with value ['47', ]
  [ERROR]_2014-07-06 14:52:18 :Developer Notification (set struts.devMode to false to disable this message):
Unexpected Exception caught setting 'node' on 'class com.sx.rbac.action.MenuAction: Error setting expression 'node' with value ['48', ]
  [ERROR]_2014-07-06 14:52:19 :Developer Notification (set struts.devMode to false to disable this message):
Unexpected Exception caught setting 'node' on 'class com.sx.rbac.action.MenuAction: Error setting expression 'node' with value ['50', ]
  [ERROR]_2014-07-06 14:52:20 :Developer Notification (set struts.devMode to false to disable this message):
Unexpected Exception caught setting 'node' on 'class com.sx.rbac.action.MenuAction: Error setting expression 'node' with value ['49', ]
  [ERROR]_2014-07-06 14:53:24 :==========10,10=========
  [ERROR]_2014-07-06 14:53:24 :1======
  [ERROR]_2014-07-06 14:53:24 :Developer Notification (set struts.devMode to false to disable this message):
Unexpected Exception caught setting 'node' on 'class com.sx.rbac.action.MenuAction: Error setting expression 'node' with value ['47', ]
  [ERROR]_2014-07-06 14:53:26 :Developer Notification (set struts.devMode to false to disable this message):
Unexpected Exception caught setting 'node' on 'class com.sx.rbac.action.MenuAction: Error setting expression 'node' with value ['51', ]
  [ERROR]_2014-07-06 14:53:26 :Developer Notification (set struts.devMode to false to disable this message):
Unexpected Exception caught setting 'node' on 'class com.sx.rbac.action.MenuAction: Error setting expression 'node' with value ['48', ]
  [ERROR]_2014-07-06 14:53:28 :Developer Notification (set struts.devMode to false to disable this message):
Unexpected Exception caught setting 'node' on 'class com.sx.rbac.action.MenuAction: Error setting expression 'node' with value ['49', ]
  [ERROR]_2014-07-06 14:53:28 :Developer Notification (set struts.devMode to false to disable this message):
Unexpected Exception caught setting 'node' on 'class com.sx.rbac.action.MenuAction: Error setting expression 'node' with value ['50', ]
  [ERROR]_2014-07-06 14:53:31 :Developer Notification (set struts.devMode to false to disable this message):
Unexpected Exception caught setting 'node' on 'class com.sx.rbac.action.MenuAction: Error setting expression 'node' with value ['53', ]
  [ERROR]_2014-07-06 14:53:31 :Developer Notification (set struts.devMode to false to disable this message):
Unexpected Exception caught setting 'node' on 'class com.sx.rbac.action.MenuAction: Error setting expression 'node' with value ['52', ]
  [ERROR]_2014-07-06 14:54:15 :==========10,10=========
  [ERROR]_2014-07-06 14:54:15 :1======
  [ERROR]_2014-07-06 14:54:15 :Developer Notification (set struts.devMode to false to disable this message):
Unexpected Exception caught setting 'node' on 'class com.sx.rbac.action.MenuAction: Error setting expression 'node' with value ['47', ]
  [ERROR]_2014-07-06 14:54:17 :Developer Notification (set struts.devMode to false to disable this message):
Unexpected Exception caught setting 'node' on 'class com.sx.rbac.action.MenuAction: Error setting expression 'node' with value ['48', ]
  [ERROR]_2014-07-06 14:54:18 :Developer Notification (set struts.devMode to false to disable this message):
Unexpected Exception caught setting 'node' on 'class com.sx.rbac.action.MenuAction: Error setting expression 'node' with value ['51', ]
  [ERROR]_2014-07-06 14:54:18 :Developer Notification (set struts.devMode to false to disable this message):
Unexpected Exception caught setting 'node' on 'class com.sx.rbac.action.MenuAction: Error setting expression 'node' with value ['50', ]
  [ERROR]_2014-07-06 14:54:19 :Developer Notification (set struts.devMode to false to disable this message):
Unexpected Exception caught setting 'node' on 'class com.sx.rbac.action.MenuAction: Error setting expression 'node' with value ['49', ]
  [ERROR]_2014-07-06 14:54:20 :Developer Notification (set struts.devMode to false to disable this message):
Unexpected Exception caught setting 'node' on 'class com.sx.rbac.action.MenuAction: Error setting expression 'node' with value ['53', ]
  [ERROR]_2014-07-06 14:54:21 :Developer Notification (set struts.devMode to false to disable this message):
Unexpected Exception caught setting 'node' on 'class com.sx.rbac.action.MenuAction: Error setting expression 'node' with value ['52', ]
  [ERROR]_2014-07-06 14:54:57 :==========10,10=========
  [ERROR]_2014-07-06 14:54:57 :1======
  [ERROR]_2014-07-06 14:54:57 :Developer Notification (set struts.devMode to false to disable this message):
Unexpected Exception caught setting 'node' on 'class com.sx.rbac.action.MenuAction: Error setting expression 'node' with value ['47', ]
  [ERROR]_2014-07-06 14:55:22 :==========10,10=========
  [ERROR]_2014-07-06 14:55:22 :1======
  [ERROR]_2014-07-06 14:55:22 :Developer Notification (set struts.devMode to false to disable this message):
Unexpected Exception caught setting 'node' on 'class com.sx.rbac.action.MenuAction: Error setting expression 'node' with value ['47', ]
  [ERROR]_2014-07-06 14:55:52 :Developer Notification (set struts.devMode to false to disable this message):
Unexpected Exception caught setting 'node' on 'class com.sx.rbac.action.MenuAction: Error setting expression 'node' with value ['51', ]
  [ERROR]_2014-07-06 14:55:53 :Developer Notification (set struts.devMode to false to disable this message):
Unexpected Exception caught setting 'node' on 'class com.sx.rbac.action.MenuAction: Error setting expression 'node' with value ['48', ]
  [ERROR]_2014-07-06 14:55:54 :Developer Notification (set struts.devMode to false to disable this message):
Unexpected Exception caught setting 'node' on 'class com.sx.rbac.action.MenuAction: Error setting expression 'node' with value ['49', ]
  [ERROR]_2014-07-06 14:55:54 :Developer Notification (set struts.devMode to false to disable this message):
Unexpected Exception caught setting 'node' on 'class com.sx.rbac.action.MenuAction: Error setting expression 'node' with value ['50', ]
  [ERROR]_2014-07-06 14:55:55 :Developer Notification (set struts.devMode to false to disable this message):
Unexpected Exception caught setting 'node' on 'class com.sx.rbac.action.MenuAction: Error setting expression 'node' with value ['52', ]
  [ERROR]_2014-07-06 14:55:56 :Developer Notification (set struts.devMode to false to disable this message):
Unexpected Exception caught setting 'node' on 'class com.sx.rbac.action.MenuAction: Error setting expression 'node' with value ['53', ]
  