[ERROR]_2014-08-19 00:31:37 :sysuser1.getPwd()===?e10adc3949ba59abbe56e057f20f883e
  [ERROR]_2014-08-19 00:31:37 :user1.getPwd()===e10adc3949ba59abbe56e057f20f883e
  [ERROR]_2014-08-19 00:31:38 :==========10,10=========
  [ERROR]_2014-08-19 00:31:38 :1======
  [ERROR]_2014-08-19 00:31:38 :Developer Notification (set struts.devMode to false to disable this message):
Unexpected Exception caught setting 'node' on 'class com.sx.rbac.action.MenuAction: Error setting expression 'node' with value ['47', ]
  [ERROR]_2014-08-19 00:31:38 :Developer Notification (set struts.devMode to false to disable this message):
Unexpected Exception caught setting 'node' on 'class com.sx.rbac.action.MenuAction: Error setting expression 'node' with value ['48', ]
  [ERROR]_2014-08-19 00:31:38 :Developer Notification (set struts.devMode to false to disable this message):
Unexpected Exception caught setting 'node' on 'class com.sx.rbac.action.MenuAction: Error setting expression 'node' with value ['51', ]
  [ERROR]_2014-08-19 00:34:19 :sysuser1.getPwd()===?e10adc3949ba59abbe56e057f20f883e
  [ERROR]_2014-08-19 00:34:19 :user1.getPwd()===e10adc3949ba59abbe56e057f20f883e
  [ERROR]_2014-08-19 00:34:20 :==========10,10=========
  [ERROR]_2014-08-19 00:34:20 :1======
  [ERROR]_2014-08-19 00:34:20 :Developer Notification (set struts.devMode to false to disable this message):
Unexpected Exception caught setting 'node' on 'class com.sx.rbac.action.MenuAction: Error setting expression 'node' with value ['47', ]
  [ERROR]_2014-08-19 00:34:20 :Developer Notification (set struts.devMode to false to disable this message):
Unexpected Exception caught setting 'node' on 'class com.sx.rbac.action.MenuAction: Error setting expression 'node' with value ['51', ]
  [ERROR]_2014-08-19 00:34:20 :Developer Notification (set struts.devMode to false to disable this message):
Unexpected Exception caught setting 'node' on 'class com.sx.rbac.action.MenuAction: Error setting expression 'node' with value ['48', ]
  [ERROR]_2014-08-19 00:35:53 :==========10,10=========
  [ERROR]_2014-08-19 00:35:53 :1======
  [ERROR]_2014-08-19 00:35:53 :Developer Notification (set struts.devMode to false to disable this message):
Unexpected Exception caught setting 'node' on 'class com.sx.rbac.action.MenuAction: Error setting expression 'node' with value ['47', ]
  [ERROR]_2014-08-19 00:35:53 :Developer Notification (set struts.devMode to false to disable this message):
Unexpected Exception caught setting 'node' on 'class com.sx.rbac.action.MenuAction: Error setting expression 'node' with value ['51', ]
  [ERROR]_2014-08-19 00:35:53 :Developer Notification (set struts.devMode to false to disable this message):
Unexpected Exception caught setting 'node' on 'class com.sx.rbac.action.MenuAction: Error setting expression 'node' with value ['48', ]
  [ERROR]_2014-08-19 00:36:45 :==========10,10=========
  [ERROR]_2014-08-19 00:36:45 :1======
  [ERROR]_2014-08-19 00:36:45 :Developer Notification (set struts.devMode to false to disable this message):
Unexpected Exception caught setting 'node' on 'class com.sx.rbac.action.MenuAction: Error setting expression 'node' with value ['47', ]
  [ERROR]_2014-08-19 00:36:45 :Developer Notification (set struts.devMode to false to disable this message):
Unexpected Exception caught setting 'node' on 'class com.sx.rbac.action.MenuAction: Error setting expression 'node' with value ['48', ]
  [ERROR]_2014-08-19 00:36:45 :Developer Notification (set struts.devMode to false to disable this message):
Unexpected Exception caught setting 'node' on 'class com.sx.rbac.action.MenuAction: Error setting expression 'node' with value ['51', ]
  [ERROR]_2014-08-19 00:37:57 :==========10,10=========
  [ERROR]_2014-08-19 00:37:57 :1======
  [ERROR]_2014-08-19 00:37:57 :Developer Notification (set struts.devMode to false to disable this message):
Unexpected Exception caught setting 'node' on 'class com.sx.rbac.action.MenuAction: Error setting expression 'node' with value ['47', ]
  [ERROR]_2014-08-19 00:37:58 :Developer Notification (set struts.devMode to false to disable this message):
Unexpected Exception caught setting 'node' on 'class com.sx.rbac.action.MenuAction: Error setting expression 'node' with value ['51', ]
  [ERROR]_2014-08-19 00:37:58 :Developer Notification (set struts.devMode to false to disable this message):
Unexpected Exception caught setting 'node' on 'class com.sx.rbac.action.MenuAction: Error setting expression 'node' with value ['48', ]
  [ERROR]_2014-08-19 00:38:36 :==========10,10=========
  [ERROR]_2014-08-19 00:38:36 :1======
  [ERROR]_2014-08-19 00:38:36 :Developer Notification (set struts.devMode to false to disable this message):
Unexpected Exception caught setting 'node' on 'class com.sx.rbac.action.MenuAction: Error setting expression 'node' with value ['47', ]
  [ERROR]_2014-08-19 00:38:36 :Developer Notification (set struts.devMode to false to disable this message):
Unexpected Exception caught setting 'node' on 'class com.sx.rbac.action.MenuAction: Error setting expression 'node' with value ['51', ]
  [ERROR]_2014-08-19 00:38:36 :Developer Notification (set struts.devMode to false to disable this message):
Unexpected Exception caught setting 'node' on 'class com.sx.rbac.action.MenuAction: Error setting expression 'node' with value ['48', ]
  [ERROR]_2014-08-19 00:40:28 :==========10,10=========
  [ERROR]_2014-08-19 00:40:28 :1======
  [ERROR]_2014-08-19 00:40:28 :Developer Notification (set struts.devMode to false to disable this message):
Unexpected Exception caught setting 'node' on 'class com.sx.rbac.action.MenuAction: Error setting expression 'node' with value ['47', ]
  [ERROR]_2014-08-19 00:40:28 :Developer Notification (set struts.devMode to false to disable this message):
Unexpected Exception caught setting 'node' on 'class com.sx.rbac.action.MenuAction: Error setting expression 'node' with value ['51', ]
  [ERROR]_2014-08-19 00:40:28 :Developer Notification (set struts.devMode to false to disable this message):
Unexpected Exception caught setting 'node' on 'class com.sx.rbac.action.MenuAction: Error setting expression 'node' with value ['48', ]
  [ERROR]_2014-08-19 00:42:38 :==========10,10=========
  [ERROR]_2014-08-19 00:42:38 :1======
  [ERROR]_2014-08-19 00:42:38 :Developer Notification (set struts.devMode to false to disable this message):
Unexpected Exception caught setting 'node' on 'class com.sx.rbac.action.MenuAction: Error setting expression 'node' with value ['47', ]
  [ERROR]_2014-08-19 00:42:38 :Developer Notification (set struts.devMode to false to disable this message):
Unexpected Exception caught setting 'node' on 'class com.sx.rbac.action.MenuAction: Error setting expression 'node' with value ['51', ]
  [ERROR]_2014-08-19 00:42:38 :Developer Notification (set struts.devMode to false to disable this message):
Unexpected Exception caught setting 'node' on 'class com.sx.rbac.action.MenuAction: Error setting expression 'node' with value ['48', ]
  [ERROR]_2014-08-19 00:46:49 :sysuser1.getPwd()===?e10adc3949ba59abbe56e057f20f883e
  [ERROR]_2014-08-19 00:46:49 :user1.getPwd()===e10adc3949ba59abbe56e057f20f883e
  [ERROR]_2014-08-19 00:46:50 :==========10,10=========
  [ERROR]_2014-08-19 00:46:50 :1======
  [ERROR]_2014-08-19 00:46:50 :Developer Notification (set struts.devMode to false to disable this message):
Unexpected Exception caught setting 'node' on 'class com.sx.rbac.action.MenuAction: Error setting expression 'node' with value ['47', ]
  [ERROR]_2014-08-19 00:46:51 :Developer Notification (set struts.devMode to false to disable this message):
Unexpected Exception caught setting 'node' on 'class com.sx.rbac.action.MenuAction: Error setting expression 'node' with value ['48', ]
  [ERROR]_2014-08-19 00:46:51 :Developer Notification (set struts.devMode to false to disable this message):
Unexpected Exception caught setting 'node' on 'class com.sx.rbac.action.MenuAction: Error setting expression 'node' with value ['51', ]
  [ERROR]_2014-08-19 00:50:03 :sysuser1.getPwd()===?e10adc3949ba59abbe56e057f20f883e
  [ERROR]_2014-08-19 00:50:03 :user1.getPwd()===e10adc3949ba59abbe56e057f20f883e
  [ERROR]_2014-08-19 00:50:05 :==========10,10=========
  [ERROR]_2014-08-19 00:50:05 :1======
  [ERROR]_2014-08-19 00:50:05 :Developer Notification (set struts.devMode to false to disable this message):
Unexpected Exception caught setting 'node' on 'class com.sx.rbac.action.MenuAction: Error setting expression 'node' with value ['47', ]
  [ERROR]_2014-08-19 00:50:05 :Developer Notification (set struts.devMode to false to disable this message):
Unexpected Exception caught setting 'node' on 'class com.sx.rbac.action.MenuAction: Error setting expression 'node' with value ['51', ]
  [ERROR]_2014-08-19 00:50:05 :Developer Notification (set struts.devMode to false to disable this message):
Unexpected Exception caught setting 'node' on 'class com.sx.rbac.action.MenuAction: Error setting expression 'node' with value ['48', ]
  [ERROR]_2014-08-19 00:53:43 :==========10,10=========
  [ERROR]_2014-08-19 00:53:43 :1======
  [ERROR]_2014-08-19 00:53:43 :Developer Notification (set struts.devMode to false to disable this message):
Unexpected Exception caught setting 'node' on 'class com.sx.rbac.action.MenuAction: Error setting expression 'node' with value ['47', ]
  [ERROR]_2014-08-19 00:53:43 :Developer Notification (set struts.devMode to false to disable this message):
Unexpected Exception caught setting 'node' on 'class com.sx.rbac.action.MenuAction: Error setting expression 'node' with value ['48', ]
  [ERROR]_2014-08-19 00:53:43 :Developer Notification (set struts.devMode to false to disable this message):
Unexpected Exception caught setting 'node' on 'class com.sx.rbac.action.MenuAction: Error setting expression 'node' with value ['51', ]
  [ERROR]_2014-08-19 00:56:22 :==========10,10=========
  [ERROR]_2014-08-19 00:56:22 :1======
  [ERROR]_2014-08-19 00:56:22 :Developer Notification (set struts.devMode to false to disable this message):
Unexpected Exception caught setting 'node' on 'class com.sx.rbac.action.MenuAction: Error setting expression 'node' with value ['47', ]
  [ERROR]_2014-08-19 00:56:22 :Developer Notification (set struts.devMode to false to disable this message):
Unexpected Exception caught setting 'node' on 'class com.sx.rbac.action.MenuAction: Error setting expression 'node' with value ['51', ]
  [ERROR]_2014-08-19 00:56:22 :Developer Notification (set struts.devMode to false to disable this message):
Unexpected Exception caught setting 'node' on 'class com.sx.rbac.action.MenuAction: Error setting expression 'node' with value ['48', ]
  [ERROR]_2014-08-19 00:56:46 :==========10,10=========
  [ERROR]_2014-08-19 00:56:46 :1======
  [ERROR]_2014-08-19 00:56:46 :Developer Notification (set struts.devMode to false to disable this message):
Unexpected Exception caught setting 'node' on 'class com.sx.rbac.action.MenuAction: Error setting expression 'node' with value ['47', ]
  [ERROR]_2014-08-19 00:56:46 :Developer Notification (set struts.devMode to false to disable this message):
Unexpected Exception caught setting 'node' on 'class com.sx.rbac.action.MenuAction: Error setting expression 'node' with value ['51', ]
  [ERROR]_2014-08-19 00:56:46 :Developer Notification (set struts.devMode to false to disable this message):
Unexpected Exception caught setting 'node' on 'class com.sx.rbac.action.MenuAction: Error setting expression 'node' with value ['48', ]
  [ERROR]_2014-08-19 00:57:38 :==========10,10=========
  [ERROR]_2014-08-19 00:57:38 :1======
  [ERROR]_2014-08-19 00:57:38 :Developer Notification (set struts.devMode to false to disable this message):
Unexpected Exception caught setting 'node' on 'class com.sx.rbac.action.MenuAction: Error setting expression 'node' with value ['47', ]
  [ERROR]_2014-08-19 00:57:38 :Developer Notification (set struts.devMode to false to disable this message):
Unexpected Exception caught setting 'node' on 'class com.sx.rbac.action.MenuAction: Error setting expression 'node' with value ['48', ]
  [ERROR]_2014-08-19 00:57:38 :Developer Notification (set struts.devMode to false to disable this message):
Unexpected Exception caught setting 'node' on 'class com.sx.rbac.action.MenuAction: Error setting expression 'node' with value ['51', ]
  [ERROR]_2014-08-19 20:24:02 :sysuser1.getPwd()===?e10adc3949ba59abbe56e057f20f883e
  [ERROR]_2014-08-19 20:24:02 :user1.getPwd()===e10adc3949ba59abbe56e057f20f883e
  [ERROR]_2014-08-19 20:24:06 :==========10,10=========
  [ERROR]_2014-08-19 20:24:06 :1======
  [ERROR]_2014-08-19 20:24:06 :Developer Notification (set struts.devMode to false to disable this message):
Unexpected Exception caught setting 'node' on 'class com.sx.rbac.action.MenuAction: Error setting expression 'node' with value ['47', ]
  [ERROR]_2014-08-19 20:24:06 :Developer Notification (set struts.devMode to false to disable this message):
Unexpected Exception caught setting 'node' on 'class com.sx.rbac.action.MenuAction: Error setting expression 'node' with value ['51', ]
  [ERROR]_2014-08-19 20:24:06 :Developer Notification (set struts.devMode to false to disable this message):
Unexpected Exception caught setting 'node' on 'class com.sx.rbac.action.MenuAction: Error setting expression 'node' with value ['48', ]
  [ERROR]_2014-08-19 20:24:23 :执行HTTP Get请求https://www.okcoin.cn/api/trades.do时，发生异常！
  java.net.SocketTimeoutException: Read timed out
	at java.net.SocketInputStream.socketRead0(Native Method)
	at java.net.SocketInputStream.read(SocketInputStream.java:129)
	at com.sun.net.ssl.internal.ssl.InputRecord.readFully(InputRecord.java:293)
	at com.sun.net.ssl.internal.ssl.InputRecord.read(InputRecord.java:331)
	at com.sun.net.ssl.internal.ssl.SSLSocketImpl.readRecord(SSLSocketImpl.java:798)
	at com.sun.net.ssl.internal.ssl.SSLSocketImpl.readDataRecord(SSLSocketImpl.java:755)
	at com.sun.net.ssl.internal.ssl.AppInputStream.read(AppInputStream.java:75)
	at java.io.BufferedInputStream.fill(BufferedInputStream.java:218)
	at java.io.BufferedInputStream.read(BufferedInputStream.java:237)
	at org.apache.commons.httpclient.HttpParser.readRawLine(HttpParser.java:78)
	at org.apache.commons.httpclient.HttpParser.readLine(HttpParser.java:106)
	at org.apache.commons.httpclient.HttpConnection.readLine(HttpConnection.java:1116)
	at org.apache.commons.httpclient.HttpMethodBase.readStatusLine(HttpMethodBase.java:1973)
	at org.apache.commons.httpclient.HttpMethodBase.readResponse(HttpMethodBase.java:1735)
	at org.apache.commons.httpclient.HttpMethodBase.execute(HttpMethodBase.java:1098)
	at org.apache.commons.httpclient.HttpMethodDirector.executeWithRetry(HttpMethodDirector.java:398)
	at org.apache.commons.httpclient.HttpMethodDirector.executeMethod(HttpMethodDirector.java:171)
	at org.apache.commons.httpclient.HttpClient.executeMethod(HttpClient.java:397)
	at org.apache.commons.httpclient.HttpClient.executeMethod(HttpClient.java:323)
	at com.sx.btccoin.util.balance.OKCoinBalanceUtil.getInfos(OKCoinBalanceUtil.java:82)
	at com.sx.btccoin.util.analyse.OKCoinAnalyseUtil.getOKCoinMarketBTCDepthEntity(OKCoinAnalyseUtil.java:34)
	at com.sx.btccoin.action.BtcAction.makeAddPoints(BtcAction.java:251)
	at com.sx.btccoin.action.BtcAction.addAnalysisBtcPoint(BtcAction.java:223)
	at sun.reflect.NativeMethodAccessorImpl.invoke0(Native Method)
	at sun.reflect.NativeMethodAccessorImpl.invoke(NativeMethodAccessorImpl.java:39)
	at sun.reflect.DelegatingMethodAccessorImpl.invoke(DelegatingMethodAccessorImpl.java:25)
	at java.lang.reflect.Method.invoke(Method.java:597)
	at com.opensymphony.xwork2.DefaultActionInvocation.invokeAction(DefaultActionInvocation.java:446)
	at com.opensymphony.xwork2.DefaultActionInvocation.invokeActionOnly(DefaultActionInvocation.java:285)
	at com.opensymphony.xwork2.DefaultActionInvocation.invoke(DefaultActionInvocation.java:248)
	at com.sx.core.interceptor.LoginfoForHTTPInterceptor.doIntercept(LoginfoForHTTPInterceptor.java:62)
	at com.opensymphony.xwork2.interceptor.MethodFilterInterceptor.intercept(MethodFilterInterceptor.java:98)
	at com.opensymphony.xwork2.DefaultActionInvocation.invoke(DefaultActionInvocation.java:242)
	at org.apache.struts2.interceptor.debugging.DebuggingInterceptor.intercept(DebuggingInterceptor.java:256)
	at com.opensymphony.xwork2.DefaultActionInvocation.invoke(DefaultActionInvocation.java:242)
	at com.opensymphony.xwork2.interceptor.DefaultWorkflowInterceptor.doIntercept(DefaultWorkflowInterceptor.java:176)
	at com.opensymphony.xwork2.interceptor.MethodFilterInterceptor.intercept(MethodFilterInterceptor.java:98)
	at com.opensymphony.xwork2.DefaultActionInvocation.invoke(DefaultActionInvocation.java:242)
	at com.opensymphony.xwork2.validator.ValidationInterceptor.doIntercept(ValidationInterceptor.java:265)
	at org.apache.struts2.interceptor.validation.AnnotationValidationInterceptor.doIntercept(AnnotationValidationInterceptor.java:68)
	at com.opensymphony.xwork2.interceptor.MethodFilterInterceptor.intercept(MethodFilterInterceptor.java:98)
	at com.opensymphony.xwork2.DefaultActionInvocation.invoke(DefaultActionInvocation.java:242)
	at com.opensymphony.xwork2.interceptor.ConversionErrorInterceptor.intercept(ConversionErrorInterceptor.java:138)
	at com.opensymphony.xwork2.DefaultActionInvocation.invoke(DefaultActionInvocation.java:242)
	at com.opensymphony.xwork2.interceptor.ParametersInterceptor.doIntercept(ParametersInterceptor.java:238)
	at com.opensymphony.xwork2.interceptor.MethodFilterInterceptor.intercept(MethodFilterInterceptor.java:98)
	at com.opensymphony.xwork2.DefaultActionInvocation.invoke(DefaultActionInvocation.java:242)
	at com.opensymphony.xwork2.interceptor.ParametersInterceptor.doIntercept(ParametersInterceptor.java:238)
	at com.opensymphony.xwork2.interceptor.MethodFilterInterceptor.intercept(MethodFilterInterceptor.java:98)
	at com.opensymphony.xwork2.DefaultActionInvocation.invoke(DefaultActionInvocation.java:242)
	at com.opensymphony.xwork2.interceptor.StaticParametersInterceptor.intercept(StaticParametersInterceptor.java:191)
	at com.opensymphony.xwork2.DefaultActionInvocation.invoke(DefaultActionInvocation.java:242)
	at org.apache.struts2.interceptor.MultiselectInterceptor.intercept(MultiselectInterceptor.java:73)
	at com.opensymphony.xwork2.DefaultActionInvocation.invoke(DefaultActionInvocation.java:242)
	at org.apache.struts2.interceptor.CheckboxInterceptor.intercept(CheckboxInterceptor.java:91)
	at com.opensymphony.xwork2.DefaultActionInvocation.invoke(DefaultActionInvocation.java:242)
	at org.apache.struts2.interceptor.FileUploadInterceptor.intercept(FileUploadInterceptor.java:252)
	at com.opensymphony.xwork2.DefaultActionInvocation.invoke(DefaultActionInvocation.java:242)
	at com.opensymphony.xwork2.interceptor.ModelDrivenInterceptor.intercept(ModelDrivenInterceptor.java:100)
	at com.opensymphony.xwork2.DefaultActionInvocation.invoke(DefaultActionInvocation.java:242)
	at com.opensymphony.xwork2.interceptor.ScopedModelDrivenInterceptor.intercept(ScopedModelDrivenInterceptor.java:141)
	at com.opensymphony.xwork2.DefaultActionInvocation.invoke(DefaultActionInvocation.java:242)
	at com.opensymphony.xwork2.interceptor.ChainingInterceptor.intercept(ChainingInterceptor.java:145)
	at com.opensymphony.xwork2.DefaultActionInvocation.invoke(DefaultActionInvocation.java:242)
	at com.opensymphony.xwork2.interceptor.PrepareInterceptor.doIntercept(PrepareInterceptor.java:171)
	at com.opensymphony.xwork2.interceptor.MethodFilterInterceptor.intercept(MethodFilterInterceptor.java:98)
	at com.opensymphony.xwork2.DefaultActionInvocation.invoke(DefaultActionInvocation.java:242)
	at com.opensymphony.xwork2.interceptor.I18nInterceptor.intercept(I18nInterceptor.java:176)
	at com.opensymphony.xwork2.DefaultActionInvocation.invoke(DefaultActionInvocation.java:242)
	at org.apache.struts2.interceptor.ServletConfigInterceptor.intercept(ServletConfigInterceptor.java:164)
	at com.opensymphony.xwork2.DefaultActionInvocation.invoke(DefaultActionInvocation.java:242)
	at com.opensymphony.xwork2.interceptor.AliasInterceptor.intercept(AliasInterceptor.java:193)
	at com.opensymphony.xwork2.DefaultActionInvocation.invoke(DefaultActionInvocation.java:242)
	at com.opensymphony.xwork2.interceptor.ExceptionMappingInterceptor.intercept(ExceptionMappingInterceptor.java:187)
	at com.opensymphony.xwork2.DefaultActionInvocation.invoke(DefaultActionInvocation.java:242)
	at org.apache.struts2.impl.StrutsActionProxy.execute(StrutsActionProxy.java:54)
	at org.apache.struts2.dispatcher.Dispatcher.serviceAction(Dispatcher.java:544)
	at org.apache.struts2.dispatcher.ng.ExecuteOperations.executeAction(ExecuteOperations.java:77)
	at org.apache.struts2.dispatcher.ng.filter.StrutsPrepareAndExecuteFilter.doFilter(StrutsPrepareAndExecuteFilter.java:91)
	at org.apache.catalina.core.ApplicationFilterChain.internalDoFilter(ApplicationFilterChain.java:235)
	at org.apache.catalina.core.ApplicationFilterChain.doFilter(ApplicationFilterChain.java:206)
	at org.apache.catalina.core.StandardWrapperValve.invoke(StandardWrapperValve.java:233)
	at org.apache.catalina.core.StandardContextValve.invoke(StandardContextValve.java:191)
	at org.apache.catalina.core.StandardHostValve.invoke(StandardHostValve.java:127)
	at org.apache.catalina.valves.ErrorReportValve.invoke(ErrorReportValve.java:102)
	at org.apache.catalina.core.StandardEngineValve.invoke(StandardEngineValve.java:109)
	at org.apache.catalina.connector.CoyoteAdapter.service(CoyoteAdapter.java:298)
	at org.apache.coyote.http11.Http11AprProcessor.process(Http11AprProcessor.java:864)
	at org.apache.coyote.http11.Http11AprProtocol$Http11ConnectionHandler.process(Http11AprProtocol.java:579)
	at org.apache.tomcat.util.net.AprEndpoint$Worker.run(AprEndpoint.java:1665)
	at java.lang.Thread.run(Thread.java:662)
[ERROR]_2014-08-19 20:24:23 :获取一个节点!
  com.alibaba.fastjson.JSONException: exepct '[', but EOF
	at com.alibaba.fastjson.parser.DefaultJSONParser.parseArray(DefaultJSONParser.java:535)
	at com.alibaba.fastjson.parser.DefaultJSONParser.parseArray(DefaultJSONParser.java:525)
	at com.alibaba.fastjson.parser.DefaultJSONParser.parseArray(DefaultJSONParser.java:520)
	at com.alibaba.fastjson.JSON.parseArray(JSON.java:335)
	at com.sx.btccoin.action.BtcAction.makeAddPoints(BtcAction.java:252)
	at com.sx.btccoin.action.BtcAction.addAnalysisBtcPoint(BtcAction.java:223)
	at sun.reflect.NativeMethodAccessorImpl.invoke0(Native Method)
	at sun.reflect.NativeMethodAccessorImpl.invoke(NativeMethodAccessorImpl.java:39)
	at sun.reflect.DelegatingMethodAccessorImpl.invoke(DelegatingMethodAccessorImpl.java:25)
	at java.lang.reflect.Method.invoke(Method.java:597)
	at com.opensymphony.xwork2.DefaultActionInvocation.invokeAction(DefaultActionInvocation.java:446)
	at com.opensymphony.xwork2.DefaultActionInvocation.invokeActionOnly(DefaultActionInvocation.java:285)
	at com.opensymphony.xwork2.DefaultActionInvocation.invoke(DefaultActionInvocation.java:248)
	at com.sx.core.interceptor.LoginfoForHTTPInterceptor.doIntercept(LoginfoForHTTPInterceptor.java:62)
	at com.opensymphony.xwork2.interceptor.MethodFilterInterceptor.intercept(MethodFilterInterceptor.java:98)
	at com.opensymphony.xwork2.DefaultActionInvocation.invoke(DefaultActionInvocation.java:242)
	at org.apache.struts2.interceptor.debugging.DebuggingInterceptor.intercept(DebuggingInterceptor.java:256)
	at com.opensymphony.xwork2.DefaultActionInvocation.invoke(DefaultActionInvocation.java:242)
	at com.opensymphony.xwork2.interceptor.DefaultWorkflowInterceptor.doIntercept(DefaultWorkflowInterceptor.java:176)
	at com.opensymphony.xwork2.interceptor.MethodFilterInterceptor.intercept(MethodFilterInterceptor.java:98)
	at com.opensymphony.xwork2.DefaultActionInvocation.invoke(DefaultActionInvocation.java:242)
	at com.opensymphony.xwork2.validator.ValidationInterceptor.doIntercept(ValidationInterceptor.java:265)
	at org.apache.struts2.interceptor.validation.AnnotationValidationInterceptor.doIntercept(AnnotationValidationInterceptor.java:68)
	at com.opensymphony.xwork2.interceptor.MethodFilterInterceptor.intercept(MethodFilterInterceptor.java:98)
	at com.opensymphony.xwork2.DefaultActionInvocation.invoke(DefaultActionInvocation.java:242)
	at com.opensymphony.xwork2.interceptor.ConversionErrorInterceptor.intercept(ConversionErrorInterceptor.java:138)
	at com.opensymphony.xwork2.DefaultActionInvocation.invoke(DefaultActionInvocation.java:242)
	at com.opensymphony.xwork2.interceptor.ParametersInterceptor.doIntercept(ParametersInterceptor.java:238)
	at com.opensymphony.xwork2.interceptor.MethodFilterInterceptor.intercept(MethodFilterInterceptor.java:98)
	at com.opensymphony.xwork2.DefaultActionInvocation.invoke(DefaultActionInvocation.java:242)
	at com.opensymphony.xwork2.interceptor.ParametersInterceptor.doIntercept(ParametersInterceptor.java:238)
	at com.opensymphony.xwork2.interceptor.MethodFilterInterceptor.intercept(MethodFilterInterceptor.java:98)
	at com.opensymphony.xwork2.DefaultActionInvocation.invoke(DefaultActionInvocation.java:242)
	at com.opensymphony.xwork2.interceptor.StaticParametersInterceptor.intercept(StaticParametersInterceptor.java:191)
	at com.opensymphony.xwork2.DefaultActionInvocation.invoke(DefaultActionInvocation.java:242)
	at org.apache.struts2.interceptor.MultiselectInterceptor.intercept(MultiselectInterceptor.java:73)
	at com.opensymphony.xwork2.DefaultActionInvocation.invoke(DefaultActionInvocation.java:242)
	at org.apache.struts2.interceptor.CheckboxInterceptor.intercept(CheckboxInterceptor.java:91)
	at com.opensymphony.xwork2.DefaultActionInvocation.invoke(DefaultActionInvocation.java:242)
	at org.apache.struts2.interceptor.FileUploadInterceptor.intercept(FileUploadInterceptor.java:252)
	at com.opensymphony.xwork2.DefaultActionInvocation.invoke(DefaultActionInvocation.java:242)
	at com.opensymphony.xwork2.interceptor.ModelDrivenInterceptor.intercept(ModelDrivenInterceptor.java:100)
	at com.opensymphony.xwork2.DefaultActionInvocation.invoke(DefaultActionInvocation.java:242)
	at com.opensymphony.xwork2.interceptor.ScopedModelDrivenInterceptor.intercept(ScopedModelDrivenInterceptor.java:141)
	at com.opensymphony.xwork2.DefaultActionInvocation.invoke(DefaultActionInvocation.java:242)
	at com.opensymphony.xwork2.interceptor.ChainingInterceptor.intercept(ChainingInterceptor.java:145)
	at com.opensymphony.xwork2.DefaultActionInvocation.invoke(DefaultActionInvocation.java:242)
	at com.opensymphony.xwork2.interceptor.PrepareInterceptor.doIntercept(PrepareInterceptor.java:171)
	at com.opensymphony.xwork2.interceptor.MethodFilterInterceptor.intercept(MethodFilterInterceptor.java:98)
	at com.opensymphony.xwork2.DefaultActionInvocation.invoke(DefaultActionInvocation.java:242)
	at com.opensymphony.xwork2.interceptor.I18nInterceptor.intercept(I18nInterceptor.java:176)
	at com.opensymphony.xwork2.DefaultActionInvocation.invoke(DefaultActionInvocation.java:242)
	at org.apache.struts2.interceptor.ServletConfigInterceptor.intercept(ServletConfigInterceptor.java:164)
	at com.opensymphony.xwork2.DefaultActionInvocation.invoke(DefaultActionInvocation.java:242)
	at com.opensymphony.xwork2.interceptor.AliasInterceptor.intercept(AliasInterceptor.java:193)
	at com.opensymphony.xwork2.DefaultActionInvocation.invoke(DefaultActionInvocation.java:242)
	at com.opensymphony.xwork2.interceptor.ExceptionMappingInterceptor.intercept(ExceptionMappingInterceptor.java:187)
	at com.opensymphony.xwork2.DefaultActionInvocation.invoke(DefaultActionInvocation.java:242)
	at org.apache.struts2.impl.StrutsActionProxy.execute(StrutsActionProxy.java:54)
	at org.apache.struts2.dispatcher.Dispatcher.serviceAction(Dispatcher.java:544)
	at org.apache.struts2.dispatcher.ng.ExecuteOperations.executeAction(ExecuteOperations.java:77)
	at org.apache.struts2.dispatcher.ng.filter.StrutsPrepareAndExecuteFilter.doFilter(StrutsPrepareAndExecuteFilter.java:91)
	at org.apache.catalina.core.ApplicationFilterChain.internalDoFilter(ApplicationFilterChain.java:235)
	at org.apache.catalina.core.ApplicationFilterChain.doFilter(ApplicationFilterChain.java:206)
	at org.apache.catalina.core.StandardWrapperValve.invoke(StandardWrapperValve.java:233)
	at org.apache.catalina.core.StandardContextValve.invoke(StandardContextValve.java:191)
	at org.apache.catalina.core.StandardHostValve.invoke(StandardHostValve.java:127)
	at org.apache.catalina.valves.ErrorReportValve.invoke(ErrorReportValve.java:102)
	at org.apache.catalina.core.StandardEngineValve.invoke(StandardEngineValve.java:109)
	at org.apache.catalina.connector.CoyoteAdapter.service(CoyoteAdapter.java:298)
	at org.apache.coyote.http11.Http11AprProcessor.process(Http11AprProcessor.java:864)
	at org.apache.coyote.http11.Http11AprProtocol$Http11ConnectionHandler.process(Http11AprProtocol.java:579)
	at org.apache.tomcat.util.net.AprEndpoint$Worker.run(AprEndpoint.java:1665)
	at java.lang.Thread.run(Thread.java:662)
[ERROR]_2014-08-19 20:24:23 :获取交易BTC数据出现错误
  com.sx.util.exception.SXException: 
	at com.sx.btccoin.action.BtcAction.makeAddPoints(BtcAction.java:272)
	at com.sx.btccoin.action.BtcAction.addAnalysisBtcPoint(BtcAction.java:223)
	at sun.reflect.NativeMethodAccessorImpl.invoke0(Native Method)
	at sun.reflect.NativeMethodAccessorImpl.invoke(NativeMethodAccessorImpl.java:39)
	at sun.reflect.DelegatingMethodAccessorImpl.invoke(DelegatingMethodAccessorImpl.java:25)
	at java.lang.reflect.Method.invoke(Method.java:597)
	at com.opensymphony.xwork2.DefaultActionInvocation.invokeAction(DefaultActionInvocation.java:446)
	at com.opensymphony.xwork2.DefaultActionInvocation.invokeActionOnly(DefaultActionInvocation.java:285)
	at com.opensymphony.xwork2.DefaultActionInvocation.invoke(DefaultActionInvocation.java:248)
	at com.sx.core.interceptor.LoginfoForHTTPInterceptor.doIntercept(LoginfoForHTTPInterceptor.java:62)
	at com.opensymphony.xwork2.interceptor.MethodFilterInterceptor.intercept(MethodFilterInterceptor.java:98)
	at com.opensymphony.xwork2.DefaultActionInvocation.invoke(DefaultActionInvocation.java:242)
	at org.apache.struts2.interceptor.debugging.DebuggingInterceptor.intercept(DebuggingInterceptor.java:256)
	at com.opensymphony.xwork2.DefaultActionInvocation.invoke(DefaultActionInvocation.java:242)
	at com.opensymphony.xwork2.interceptor.DefaultWorkflowInterceptor.doIntercept(DefaultWorkflowInterceptor.java:176)
	at com.opensymphony.xwork2.interceptor.MethodFilterInterceptor.intercept(MethodFilterInterceptor.java:98)
	at com.opensymphony.xwork2.DefaultActionInvocation.invoke(DefaultActionInvocation.java:242)
	at com.opensymphony.xwork2.validator.ValidationInterceptor.doIntercept(ValidationInterceptor.java:265)
	at org.apache.struts2.interceptor.validation.AnnotationValidationInterceptor.doIntercept(AnnotationValidationInterceptor.java:68)
	at com.opensymphony.xwork2.interceptor.MethodFilterInterceptor.intercept(MethodFilterInterceptor.java:98)
	at com.opensymphony.xwork2.DefaultActionInvocation.invoke(DefaultActionInvocation.java:242)
	at com.opensymphony.xwork2.interceptor.ConversionErrorInterceptor.intercept(ConversionErrorInterceptor.java:138)
	at com.opensymphony.xwork2.DefaultActionInvocation.invoke(DefaultActionInvocation.java:242)
	at com.opensymphony.xwork2.interceptor.ParametersInterceptor.doIntercept(ParametersInterceptor.java:238)
	at com.opensymphony.xwork2.interceptor.MethodFilterInterceptor.intercept(MethodFilterInterceptor.java:98)
	at com.opensymphony.xwork2.DefaultActionInvocation.invoke(DefaultActionInvocation.java:242)
	at com.opensymphony.xwork2.interceptor.ParametersInterceptor.doIntercept(ParametersInterceptor.java:238)
	at com.opensymphony.xwork2.interceptor.MethodFilterInterceptor.intercept(MethodFilterInterceptor.java:98)
	at com.opensymphony.xwork2.DefaultActionInvocation.invoke(DefaultActionInvocation.java:242)
	at com.opensymphony.xwork2.interceptor.StaticParametersInterceptor.intercept(StaticParametersInterceptor.java:191)
	at com.opensymphony.xwork2.DefaultActionInvocation.invoke(DefaultActionInvocation.java:242)
	at org.apache.struts2.interceptor.MultiselectInterceptor.intercept(MultiselectInterceptor.java:73)
	at com.opensymphony.xwork2.DefaultActionInvocation.invoke(DefaultActionInvocation.java:242)
	at org.apache.struts2.interceptor.CheckboxInterceptor.intercept(CheckboxInterceptor.java:91)
	at com.opensymphony.xwork2.DefaultActionInvocation.invoke(DefaultActionInvocation.java:242)
	at org.apache.struts2.interceptor.FileUploadInterceptor.intercept(FileUploadInterceptor.java:252)
	at com.opensymphony.xwork2.DefaultActionInvocation.invoke(DefaultActionInvocation.java:242)
	at com.opensymphony.xwork2.interceptor.ModelDrivenInterceptor.intercept(ModelDrivenInterceptor.java:100)
	at com.opensymphony.xwork2.DefaultActionInvocation.invoke(DefaultActionInvocation.java:242)
	at com.opensymphony.xwork2.interceptor.ScopedModelDrivenInterceptor.intercept(ScopedModelDrivenInterceptor.java:141)
	at com.opensymphony.xwork2.DefaultActionInvocation.invoke(DefaultActionInvocation.java:242)
	at com.opensymphony.xwork2.interceptor.ChainingInterceptor.intercept(ChainingInterceptor.java:145)
	at com.opensymphony.xwork2.DefaultActionInvocation.invoke(DefaultActionInvocation.java:242)
	at com.opensymphony.xwork2.interceptor.PrepareInterceptor.doIntercept(PrepareInterceptor.java:171)
	at com.opensymphony.xwork2.interceptor.MethodFilterInterceptor.intercept(MethodFilterInterceptor.java:98)
	at com.opensymphony.xwork2.DefaultActionInvocation.invoke(DefaultActionInvocation.java:242)
	at com.opensymphony.xwork2.interceptor.I18nInterceptor.intercept(I18nInterceptor.java:176)
	at com.opensymphony.xwork2.DefaultActionInvocation.invoke(DefaultActionInvocation.java:242)
	at org.apache.struts2.interceptor.ServletConfigInterceptor.intercept(ServletConfigInterceptor.java:164)
	at com.opensymphony.xwork2.DefaultActionInvocation.invoke(DefaultActionInvocation.java:242)
	at com.opensymphony.xwork2.interceptor.AliasInterceptor.intercept(AliasInterceptor.java:193)
	at com.opensymphony.xwork2.DefaultActionInvocation.invoke(DefaultActionInvocation.java:242)
	at com.opensymphony.xwork2.interceptor.ExceptionMappingInterceptor.intercept(ExceptionMappingInterceptor.java:187)
	at com.opensymphony.xwork2.DefaultActionInvocation.invoke(DefaultActionInvocation.java:242)
	at org.apache.struts2.impl.StrutsActionProxy.execute(StrutsActionProxy.java:54)
	at org.apache.struts2.dispatcher.Dispatcher.serviceAction(Dispatcher.java:544)
	at org.apache.struts2.dispatcher.ng.ExecuteOperations.executeAction(ExecuteOperations.java:77)
	at org.apache.struts2.dispatcher.ng.filter.StrutsPrepareAndExecuteFilter.doFilter(StrutsPrepareAndExecuteFilter.java:91)
	at org.apache.catalina.core.ApplicationFilterChain.internalDoFilter(ApplicationFilterChain.java:235)
	at org.apache.catalina.core.ApplicationFilterChain.doFilter(ApplicationFilterChain.java:206)
	at org.apache.catalina.core.StandardWrapperValve.invoke(StandardWrapperValve.java:233)
	at org.apache.catalina.core.StandardContextValve.invoke(StandardContextValve.java:191)
	at org.apache.catalina.core.StandardHostValve.invoke(StandardHostValve.java:127)
	at org.apache.catalina.valves.ErrorReportValve.invoke(ErrorReportValve.java:102)
	at org.apache.catalina.core.StandardEngineValve.invoke(StandardEngineValve.java:109)
	at org.apache.catalina.connector.CoyoteAdapter.service(CoyoteAdapter.java:298)
	at org.apache.coyote.http11.Http11AprProcessor.process(Http11AprProcessor.java:864)
	at org.apache.coyote.http11.Http11AprProtocol$Http11ConnectionHandler.process(Http11AprProtocol.java:579)
	at org.apache.tomcat.util.net.AprEndpoint$Worker.run(AprEndpoint.java:1665)
	at java.lang.Thread.run(Thread.java:662)
Caused by: com.alibaba.fastjson.JSONException: exepct '[', but EOF
	at com.alibaba.fastjson.parser.DefaultJSONParser.parseArray(DefaultJSONParser.java:535)
	at com.alibaba.fastjson.parser.DefaultJSONParser.parseArray(DefaultJSONParser.java:525)
	at com.alibaba.fastjson.parser.DefaultJSONParser.parseArray(DefaultJSONParser.java:520)
	at com.alibaba.fastjson.JSON.parseArray(JSON.java:335)
	at com.sx.btccoin.action.BtcAction.makeAddPoints(BtcAction.java:252)
	... 69 more
[ERROR]_2014-08-19 20:24:23 :在拦截信息时出现异常情况
  com.sx.util.exception.SXException: 
	at com.sx.btccoin.action.BtcAction.addAnalysisBtcPoint(BtcAction.java:236)
	at sun.reflect.NativeMethodAccessorImpl.invoke0(Native Method)
	at sun.reflect.NativeMethodAccessorImpl.invoke(NativeMethodAccessorImpl.java:39)
	at sun.reflect.DelegatingMethodAccessorImpl.invoke(DelegatingMethodAccessorImpl.java:25)
	at java.lang.reflect.Method.invoke(Method.java:597)
	at com.opensymphony.xwork2.DefaultActionInvocation.invokeAction(DefaultActionInvocation.java:446)
	at com.opensymphony.xwork2.DefaultActionInvocation.invokeActionOnly(DefaultActionInvocation.java:285)
	at com.opensymphony.xwork2.DefaultActionInvocation.invoke(DefaultActionInvocation.java:248)
	at com.sx.core.interceptor.LoginfoForHTTPInterceptor.doIntercept(LoginfoForHTTPInterceptor.java:62)
	at com.opensymphony.xwork2.interceptor.MethodFilterInterceptor.intercept(MethodFilterInterceptor.java:98)
	at com.opensymphony.xwork2.DefaultActionInvocation.invoke(DefaultActionInvocation.java:242)
	at org.apache.struts2.interceptor.debugging.DebuggingInterceptor.intercept(DebuggingInterceptor.java:256)
	at com.opensymphony.xwork2.DefaultActionInvocation.invoke(DefaultActionInvocation.java:242)
	at com.opensymphony.xwork2.interceptor.DefaultWorkflowInterceptor.doIntercept(DefaultWorkflowInterceptor.java:176)
	at com.opensymphony.xwork2.interceptor.MethodFilterInterceptor.intercept(MethodFilterInterceptor.java:98)
	at com.opensymphony.xwork2.DefaultActionInvocation.invoke(DefaultActionInvocation.java:242)
	at com.opensymphony.xwork2.validator.ValidationInterceptor.doIntercept(ValidationInterceptor.java:265)
	at org.apache.struts2.interceptor.validation.AnnotationValidationInterceptor.doIntercept(AnnotationValidationInterceptor.java:68)
	at com.opensymphony.xwork2.interceptor.MethodFilterInterceptor.intercept(MethodFilterInterceptor.java:98)
	at com.opensymphony.xwork2.DefaultActionInvocation.invoke(DefaultActionInvocation.java:242)
	at com.opensymphony.xwork2.interceptor.ConversionErrorInterceptor.intercept(ConversionErrorInterceptor.java:138)
	at com.opensymphony.xwork2.DefaultActionInvocation.invoke(DefaultActionInvocation.java:242)
	at com.opensymphony.xwork2.interceptor.ParametersInterceptor.doIntercept(ParametersInterceptor.java:238)
	at com.opensymphony.xwork2.interceptor.MethodFilterInterceptor.intercept(MethodFilterInterceptor.java:98)
	at com.opensymphony.xwork2.DefaultActionInvocation.invoke(DefaultActionInvocation.java:242)
	at com.opensymphony.xwork2.interceptor.ParametersInterceptor.doIntercept(ParametersInterceptor.java:238)
	at com.opensymphony.xwork2.interceptor.MethodFilterInterceptor.intercept(MethodFilterInterceptor.java:98)
	at com.opensymphony.xwork2.DefaultActionInvocation.invoke(DefaultActionInvocation.java:242)
	at com.opensymphony.xwork2.interceptor.StaticParametersInterceptor.intercept(StaticParametersInterceptor.java:191)
	at com.opensymphony.xwork2.DefaultActionInvocation.invoke(DefaultActionInvocation.java:242)
	at org.apache.struts2.interceptor.MultiselectInterceptor.intercept(MultiselectInterceptor.java:73)
	at com.opensymphony.xwork2.DefaultActionInvocation.invoke(DefaultActionInvocation.java:242)
	at org.apache.struts2.interceptor.CheckboxInterceptor.intercept(CheckboxInterceptor.java:91)
	at com.opensymphony.xwork2.DefaultActionInvocation.invoke(DefaultActionInvocation.java:242)
	at org.apache.struts2.interceptor.FileUploadInterceptor.intercept(FileUploadInterceptor.java:252)
	at com.opensymphony.xwork2.DefaultActionInvocation.invoke(DefaultActionInvocation.java:242)
	at com.opensymphony.xwork2.interceptor.ModelDrivenInterceptor.intercept(ModelDrivenInterceptor.java:100)
	at com.opensymphony.xwork2.DefaultActionInvocation.invoke(DefaultActionInvocation.java:242)
	at com.opensymphony.xwork2.interceptor.ScopedModelDrivenInterceptor.intercept(ScopedModelDrivenInterceptor.java:141)
	at com.opensymphony.xwork2.DefaultActionInvocation.invoke(DefaultActionInvocation.java:242)
	at com.opensymphony.xwork2.interceptor.ChainingInterceptor.intercept(ChainingInterceptor.java:145)
	at com.opensymphony.xwork2.DefaultActionInvocation.invoke(DefaultActionInvocation.java:242)
	at com.opensymphony.xwork2.interceptor.PrepareInterceptor.doIntercept(PrepareInterceptor.java:171)
	at com.opensymphony.xwork2.interceptor.MethodFilterInterceptor.intercept(MethodFilterInterceptor.java:98)
	at com.opensymphony.xwork2.DefaultActionInvocation.invoke(DefaultActionInvocation.java:242)
	at com.opensymphony.xwork2.interceptor.I18nInterceptor.intercept(I18nInterceptor.java:176)
	at com.opensymphony.xwork2.DefaultActionInvocation.invoke(DefaultActionInvocation.java:242)
	at org.apache.struts2.interceptor.ServletConfigInterceptor.intercept(ServletConfigInterceptor.java:164)
	at com.opensymphony.xwork2.DefaultActionInvocation.invoke(DefaultActionInvocation.java:242)
	at com.opensymphony.xwork2.interceptor.AliasInterceptor.intercept(AliasInterceptor.java:193)
	at com.opensymphony.xwork2.DefaultActionInvocation.invoke(DefaultActionInvocation.java:242)
	at com.opensymphony.xwork2.interceptor.ExceptionMappingInterceptor.intercept(ExceptionMappingInterceptor.java:187)
	at com.opensymphony.xwork2.DefaultActionInvocation.invoke(DefaultActionInvocation.java:242)
	at org.apache.struts2.impl.StrutsActionProxy.execute(StrutsActionProxy.java:54)
	at org.apache.struts2.dispatcher.Dispatcher.serviceAction(Dispatcher.java:544)
	at org.apache.struts2.dispatcher.ng.ExecuteOperations.executeAction(ExecuteOperations.java:77)
	at org.apache.struts2.dispatcher.ng.filter.StrutsPrepareAndExecuteFilter.doFilter(StrutsPrepareAndExecuteFilter.java:91)
	at org.apache.catalina.core.ApplicationFilterChain.internalDoFilter(ApplicationFilterChain.java:235)
	at org.apache.catalina.core.ApplicationFilterChain.doFilter(ApplicationFilterChain.java:206)
	at org.apache.catalina.core.StandardWrapperValve.invoke(StandardWrapperValve.java:233)
	at org.apache.catalina.core.StandardContextValve.invoke(StandardContextValve.java:191)
	at org.apache.catalina.core.StandardHostValve.invoke(StandardHostValve.java:127)
	at org.apache.catalina.valves.ErrorReportValve.invoke(ErrorReportValve.java:102)
	at org.apache.catalina.core.StandardEngineValve.invoke(StandardEngineValve.java:109)
	at org.apache.catalina.connector.CoyoteAdapter.service(CoyoteAdapter.java:298)
	at org.apache.coyote.http11.Http11AprProcessor.process(Http11AprProcessor.java:864)
	at org.apache.coyote.http11.Http11AprProtocol$Http11ConnectionHandler.process(Http11AprProtocol.java:579)
	at org.apache.tomcat.util.net.AprEndpoint$Worker.run(AprEndpoint.java:1665)
	at java.lang.Thread.run(Thread.java:662)
Caused by: com.sx.util.exception.SXException: 
	at com.sx.btccoin.action.BtcAction.makeAddPoints(BtcAction.java:272)
	at com.sx.btccoin.action.BtcAction.addAnalysisBtcPoint(BtcAction.java:223)
	... 68 more
Caused by: com.alibaba.fastjson.JSONException: exepct '[', but EOF
	at com.alibaba.fastjson.parser.DefaultJSONParser.parseArray(DefaultJSONParser.java:535)
	at com.alibaba.fastjson.parser.DefaultJSONParser.parseArray(DefaultJSONParser.java:525)
	at com.alibaba.fastjson.parser.DefaultJSONParser.parseArray(DefaultJSONParser.java:520)
	at com.alibaba.fastjson.JSON.parseArray(JSON.java:335)
	at com.sx.btccoin.action.BtcAction.makeAddPoints(BtcAction.java:252)
	... 69 more
[ERROR]_2014-08-19 20:24:23 :Could not find action or result
/summer/back/btc/addanalysisbtcpoint.jspx
  No result defined for action com.sx.btccoin.action.BtcAction and result exception
	at com.opensymphony.xwork2.DefaultActionInvocation.executeResult(DefaultActionInvocation.java:369)
	at com.opensymphony.xwork2.DefaultActionInvocation.invoke(DefaultActionInvocation.java:271)
	at org.apache.struts2.impl.StrutsActionProxy.execute(StrutsActionProxy.java:54)
	at org.apache.struts2.dispatcher.Dispatcher.serviceAction(Dispatcher.java:544)
	at org.apache.struts2.dispatcher.ng.ExecuteOperations.executeAction(ExecuteOperations.java:77)
	at org.apache.struts2.dispatcher.ng.filter.StrutsPrepareAndExecuteFilter.doFilter(StrutsPrepareAndExecuteFilter.java:91)
	at org.apache.catalina.core.ApplicationFilterChain.internalDoFilter(ApplicationFilterChain.java:235)
	at org.apache.catalina.core.ApplicationFilterChain.doFilter(ApplicationFilterChain.java:206)
	at org.apache.catalina.core.StandardWrapperValve.invoke(StandardWrapperValve.java:233)
	at org.apache.catalina.core.StandardContextValve.invoke(StandardContextValve.java:191)
	at org.apache.catalina.core.StandardHostValve.invoke(StandardHostValve.java:127)
	at org.apache.catalina.valves.ErrorReportValve.invoke(ErrorReportValve.java:102)
	at org.apache.catalina.core.StandardEngineValve.invoke(StandardEngineValve.java:109)
	at org.apache.catalina.connector.CoyoteAdapter.service(CoyoteAdapter.java:298)
	at org.apache.coyote.http11.Http11AprProcessor.process(Http11AprProcessor.java:864)
	at org.apache.coyote.http11.Http11AprProtocol$Http11ConnectionHandler.process(Http11AprProtocol.java:579)
	at org.apache.tomcat.util.net.AprEndpoint$Worker.run(AprEndpoint.java:1665)
	at java.lang.Thread.run(Thread.java:662)
[ERROR]_2014-08-19 20:27:14 :==========10,10=========
  [ERROR]_2014-08-19 20:27:14 :1======
  [ERROR]_2014-08-19 20:27:15 :Developer Notification (set struts.devMode to false to disable this message):
Unexpected Exception caught setting 'node' on 'class com.sx.rbac.action.MenuAction: Error setting expression 'node' with value ['47', ]
  [ERROR]_2014-08-19 20:27:15 :Developer Notification (set struts.devMode to false to disable this message):
Unexpected Exception caught setting 'node' on 'class com.sx.rbac.action.MenuAction: Error setting expression 'node' with value ['48', ]
  [ERROR]_2014-08-19 20:27:15 :Developer Notification (set struts.devMode to false to disable this message):
Unexpected Exception caught setting 'node' on 'class com.sx.rbac.action.MenuAction: Error setting expression 'node' with value ['51', ]
  [ERROR]_2014-08-19 20:28:03 :sysuser1.getPwd()===?e10adc3949ba59abbe56e057f20f883e
  [ERROR]_2014-08-19 20:28:03 :user1.getPwd()===e10adc3949ba59abbe56e057f20f883e
  [ERROR]_2014-08-19 20:28:04 :==========10,10=========
  [ERROR]_2014-08-19 20:28:04 :1======
  [ERROR]_2014-08-19 20:28:05 :Developer Notification (set struts.devMode to false to disable this message):
Unexpected Exception caught setting 'node' on 'class com.sx.rbac.action.MenuAction: Error setting expression 'node' with value ['47', ]
  [ERROR]_2014-08-19 20:28:05 :Developer Notification (set struts.devMode to false to disable this message):
Unexpected Exception caught setting 'node' on 'class com.sx.rbac.action.MenuAction: Error setting expression 'node' with value ['48', ]
  [ERROR]_2014-08-19 20:28:05 :Developer Notification (set struts.devMode to false to disable this message):
Unexpected Exception caught setting 'node' on 'class com.sx.rbac.action.MenuAction: Error setting expression 'node' with value ['51', ]
  [ERROR]_2014-08-19 20:28:21 :==========10,10=========
  [ERROR]_2014-08-19 20:28:21 :1======
  [ERROR]_2014-08-19 20:28:21 :Developer Notification (set struts.devMode to false to disable this message):
Unexpected Exception caught setting 'node' on 'class com.sx.rbac.action.MenuAction: Error setting expression 'node' with value ['47', ]
  [ERROR]_2014-08-19 20:28:21 :Developer Notification (set struts.devMode to false to disable this message):
Unexpected Exception caught setting 'node' on 'class com.sx.rbac.action.MenuAction: Error setting expression 'node' with value ['48', ]
  [ERROR]_2014-08-19 20:28:21 :Developer Notification (set struts.devMode to false to disable this message):
Unexpected Exception caught setting 'node' on 'class com.sx.rbac.action.MenuAction: Error setting expression 'node' with value ['51', ]
  [ERROR]_2014-08-19 20:33:03 :==========10,10=========
  [ERROR]_2014-08-19 20:33:03 :1======
  [ERROR]_2014-08-19 20:33:03 :Developer Notification (set struts.devMode to false to disable this message):
Unexpected Exception caught setting 'node' on 'class com.sx.rbac.action.MenuAction: Error setting expression 'node' with value ['47', ]
  [ERROR]_2014-08-19 20:33:03 :Developer Notification (set struts.devMode to false to disable this message):
Unexpected Exception caught setting 'node' on 'class com.sx.rbac.action.MenuAction: Error setting expression 'node' with value ['48', ]
  [ERROR]_2014-08-19 20:33:03 :Developer Notification (set struts.devMode to false to disable this message):
Unexpected Exception caught setting 'node' on 'class com.sx.rbac.action.MenuAction: Error setting expression 'node' with value ['51', ]
  [ERROR]_2014-08-19 20:33:19 :==========10,10=========
  [ERROR]_2014-08-19 20:33:19 :1======
  [ERROR]_2014-08-19 20:33:19 :Developer Notification (set struts.devMode to false to disable this message):
Unexpected Exception caught setting 'node' on 'class com.sx.rbac.action.MenuAction: Error setting expression 'node' with value ['47', ]
  [ERROR]_2014-08-19 20:33:20 :Developer Notification (set struts.devMode to false to disable this message):
Unexpected Exception caught setting 'node' on 'class com.sx.rbac.action.MenuAction: Error setting expression 'node' with value ['51', ]
  [ERROR]_2014-08-19 20:33:20 :Developer Notification (set struts.devMode to false to disable this message):
Unexpected Exception caught setting 'node' on 'class com.sx.rbac.action.MenuAction: Error setting expression 'node' with value ['48', ]
  [ERROR]_2014-08-19 22:28:28 :sysuser1.getPwd()===?e10adc3949ba59abbe56e057f20f883e
  [ERROR]_2014-08-19 22:28:28 :user1.getPwd()===e10adc3949ba59abbe56e057f20f883e
  [ERROR]_2014-08-19 22:28:29 :==========10,10=========
  [ERROR]_2014-08-19 22:28:29 :1======
  [ERROR]_2014-08-19 22:28:29 :Developer Notification (set struts.devMode to false to disable this message):
Unexpected Exception caught setting 'node' on 'class com.sx.rbac.action.MenuAction: Error setting expression 'node' with value ['47', ]
  [ERROR]_2014-08-19 22:28:29 :Developer Notification (set struts.devMode to false to disable this message):
Unexpected Exception caught setting 'node' on 'class com.sx.rbac.action.MenuAction: Error setting expression 'node' with value ['51', ]
  [ERROR]_2014-08-19 22:28:29 :Developer Notification (set struts.devMode to false to disable this message):
Unexpected Exception caught setting 'node' on 'class com.sx.rbac.action.MenuAction: Error setting expression 'node' with value ['48', ]
  [ERROR]_2014-08-19 22:28:39 :==========10,10=========
  [ERROR]_2014-08-19 22:28:39 :1======
  [ERROR]_2014-08-19 22:28:39 :Developer Notification (set struts.devMode to false to disable this message):
Unexpected Exception caught setting 'node' on 'class com.sx.rbac.action.MenuAction: Error setting expression 'node' with value ['47', ]
  [ERROR]_2014-08-19 22:28:39 :Developer Notification (set struts.devMode to false to disable this message):
Unexpected Exception caught setting 'node' on 'class com.sx.rbac.action.MenuAction: Error setting expression 'node' with value ['51', ]
  [ERROR]_2014-08-19 22:28:39 :Developer Notification (set struts.devMode to false to disable this message):
Unexpected Exception caught setting 'node' on 'class com.sx.rbac.action.MenuAction: Error setting expression 'node' with value ['48', ]
  [ERROR]_2014-08-19 22:29:00 :==========10,10=========
  [ERROR]_2014-08-19 22:29:00 :1======
  [ERROR]_2014-08-19 22:29:00 :Developer Notification (set struts.devMode to false to disable this message):
Unexpected Exception caught setting 'node' on 'class com.sx.rbac.action.MenuAction: Error setting expression 'node' with value ['47', ]
  [ERROR]_2014-08-19 22:29:00 :Developer Notification (set struts.devMode to false to disable this message):
Unexpected Exception caught setting 'node' on 'class com.sx.rbac.action.MenuAction: Error setting expression 'node' with value ['48', ]
  [ERROR]_2014-08-19 22:29:00 :Developer Notification (set struts.devMode to false to disable this message):
Unexpected Exception caught setting 'node' on 'class com.sx.rbac.action.MenuAction: Error setting expression 'node' with value ['51', ]
  [ERROR]_2014-08-19 22:29:10 :==========10,10=========
  [ERROR]_2014-08-19 22:29:10 :1======
  [ERROR]_2014-08-19 22:29:10 :Developer Notification (set struts.devMode to false to disable this message):
Unexpected Exception caught setting 'node' on 'class com.sx.rbac.action.MenuAction: Error setting expression 'node' with value ['47', ]
  [ERROR]_2014-08-19 22:29:10 :Developer Notification (set struts.devMode to false to disable this message):
Unexpected Exception caught setting 'node' on 'class com.sx.rbac.action.MenuAction: Error setting expression 'node' with value ['48', ]
  [ERROR]_2014-08-19 22:29:10 :Developer Notification (set struts.devMode to false to disable this message):
Unexpected Exception caught setting 'node' on 'class com.sx.rbac.action.MenuAction: Error setting expression 'node' with value ['51', ]
  [ERROR]_2014-08-19 22:29:19 :==========10,10=========
  [ERROR]_2014-08-19 22:29:19 :1======
  [ERROR]_2014-08-19 22:29:19 :Developer Notification (set struts.devMode to false to disable this message):
Unexpected Exception caught setting 'node' on 'class com.sx.rbac.action.MenuAction: Error setting expression 'node' with value ['47', ]
  [ERROR]_2014-08-19 22:29:20 :Developer Notification (set struts.devMode to false to disable this message):
Unexpected Exception caught setting 'node' on 'class com.sx.rbac.action.MenuAction: Error setting expression 'node' with value ['51', ]
  [ERROR]_2014-08-19 22:29:20 :Developer Notification (set struts.devMode to false to disable this message):
Unexpected Exception caught setting 'node' on 'class com.sx.rbac.action.MenuAction: Error setting expression 'node' with value ['48', ]
  [ERROR]_2014-08-19 22:29:26 :==========10,10=========
  [ERROR]_2014-08-19 22:29:26 :1======
  [ERROR]_2014-08-19 22:29:26 :Developer Notification (set struts.devMode to false to disable this message):
Unexpected Exception caught setting 'node' on 'class com.sx.rbac.action.MenuAction: Error setting expression 'node' with value ['47', ]
  [ERROR]_2014-08-19 22:29:27 :Developer Notification (set struts.devMode to false to disable this message):
Unexpected Exception caught setting 'node' on 'class com.sx.rbac.action.MenuAction: Error setting expression 'node' with value ['48', ]
  [ERROR]_2014-08-19 22:29:27 :Developer Notification (set struts.devMode to false to disable this message):
Unexpected Exception caught setting 'node' on 'class com.sx.rbac.action.MenuAction: Error setting expression 'node' with value ['51', ]
  [ERROR]_2014-08-19 22:29:33 :==========10,10=========
  [ERROR]_2014-08-19 22:29:33 :1======
  [ERROR]_2014-08-19 22:29:34 :Developer Notification (set struts.devMode to false to disable this message):
Unexpected Exception caught setting 'node' on 'class com.sx.rbac.action.MenuAction: Error setting expression 'node' with value ['47', ]
  [ERROR]_2014-08-19 22:29:34 :Developer Notification (set struts.devMode to false to disable this message):
Unexpected Exception caught setting 'node' on 'class com.sx.rbac.action.MenuAction: Error setting expression 'node' with value ['48', ]
  [ERROR]_2014-08-19 22:29:34 :Developer Notification (set struts.devMode to false to disable this message):
Unexpected Exception caught setting 'node' on 'class com.sx.rbac.action.MenuAction: Error setting expression 'node' with value ['51', ]
  [ERROR]_2014-08-19 22:32:43 :sysuser1.getPwd()===?aaa88e4f74b88ae1736f261e75927d1e
  [ERROR]_2014-08-19 22:32:43 :user1.getPwd()===e10adc3949ba59abbe56e057f20f883e
  [ERROR]_2014-08-19 22:32:47 :sysuser1.getPwd()===?e10adc3949ba59abbe56e057f20f883e
  [ERROR]_2014-08-19 22:32:47 :user1.getPwd()===e10adc3949ba59abbe56e057f20f883e
  [ERROR]_2014-08-19 22:32:48 :==========10,10=========
  [ERROR]_2014-08-19 22:32:48 :1======
  [ERROR]_2014-08-19 22:32:49 :Developer Notification (set struts.devMode to false to disable this message):
Unexpected Exception caught setting 'node' on 'class com.sx.rbac.action.MenuAction: Error setting expression 'node' with value ['47', ]
  [ERROR]_2014-08-19 22:32:49 :Developer Notification (set struts.devMode to false to disable this message):
Unexpected Exception caught setting 'node' on 'class com.sx.rbac.action.MenuAction: Error setting expression 'node' with value ['51', ]
  [ERROR]_2014-08-19 22:32:49 :Developer Notification (set struts.devMode to false to disable this message):
Unexpected Exception caught setting 'node' on 'class com.sx.rbac.action.MenuAction: Error setting expression 'node' with value ['48', ]
  [ERROR]_2014-08-19 22:33:42 :==========10,10=========
  [ERROR]_2014-08-19 22:33:42 :1======
  [ERROR]_2014-08-19 22:33:43 :Developer Notification (set struts.devMode to false to disable this message):
Unexpected Exception caught setting 'node' on 'class com.sx.rbac.action.MenuAction: Error setting expression 'node' with value ['47', ]
  [ERROR]_2014-08-19 22:33:43 :Developer Notification (set struts.devMode to false to disable this message):
Unexpected Exception caught setting 'node' on 'class com.sx.rbac.action.MenuAction: Error setting expression 'node' with value ['48', ]
  [ERROR]_2014-08-19 22:33:43 :Developer Notification (set struts.devMode to false to disable this message):
Unexpected Exception caught setting 'node' on 'class com.sx.rbac.action.MenuAction: Error setting expression 'node' with value ['51', ]
  [ERROR]_2014-08-19 22:35:34 :==========10,10=========
  [ERROR]_2014-08-19 22:35:34 :1======
  [ERROR]_2014-08-19 22:35:34 :Developer Notification (set struts.devMode to false to disable this message):
Unexpected Exception caught setting 'node' on 'class com.sx.rbac.action.MenuAction: Error setting expression 'node' with value ['47', ]
  [ERROR]_2014-08-19 22:35:34 :Developer Notification (set struts.devMode to false to disable this message):
Unexpected Exception caught setting 'node' on 'class com.sx.rbac.action.MenuAction: Error setting expression 'node' with value ['51', ]
  [ERROR]_2014-08-19 22:35:34 :Developer Notification (set struts.devMode to false to disable this message):
Unexpected Exception caught setting 'node' on 'class com.sx.rbac.action.MenuAction: Error setting expression 'node' with value ['48', ]
  [ERROR]_2014-08-19 22:36:06 :==========10,10=========
  [ERROR]_2014-08-19 22:36:06 :1======
  [ERROR]_2014-08-19 22:36:06 :Developer Notification (set struts.devMode to false to disable this message):
Unexpected Exception caught setting 'node' on 'class com.sx.rbac.action.MenuAction: Error setting expression 'node' with value ['47', ]
  [ERROR]_2014-08-19 22:36:06 :Developer Notification (set struts.devMode to false to disable this message):
Unexpected Exception caught setting 'node' on 'class com.sx.rbac.action.MenuAction: Error setting expression 'node' with value ['48', ]
  [ERROR]_2014-08-19 22:36:06 :Developer Notification (set struts.devMode to false to disable this message):
Unexpected Exception caught setting 'node' on 'class com.sx.rbac.action.MenuAction: Error setting expression 'node' with value ['51', ]
  [ERROR]_2014-08-19 22:37:14 :==========10,10=========
  [ERROR]_2014-08-19 22:37:14 :1======
  [ERROR]_2014-08-19 22:37:14 :Developer Notification (set struts.devMode to false to disable this message):
Unexpected Exception caught setting 'node' on 'class com.sx.rbac.action.MenuAction: Error setting expression 'node' with value ['47', ]
  [ERROR]_2014-08-19 22:37:14 :Developer Notification (set struts.devMode to false to disable this message):
Unexpected Exception caught setting 'node' on 'class com.sx.rbac.action.MenuAction: Error setting expression 'node' with value ['48', ]
  [ERROR]_2014-08-19 22:37:14 :Developer Notification (set struts.devMode to false to disable this message):
Unexpected Exception caught setting 'node' on 'class com.sx.rbac.action.MenuAction: Error setting expression 'node' with value ['51', ]
  [ERROR]_2014-08-19 22:38:36 :==========10,10=========
  [ERROR]_2014-08-19 22:38:36 :1======
  [ERROR]_2014-08-19 22:38:36 :Developer Notification (set struts.devMode to false to disable this message):
Unexpected Exception caught setting 'node' on 'class com.sx.rbac.action.MenuAction: Error setting expression 'node' with value ['47', ]
  [ERROR]_2014-08-19 22:38:36 :Developer Notification (set struts.devMode to false to disable this message):
Unexpected Exception caught setting 'node' on 'class com.sx.rbac.action.MenuAction: Error setting expression 'node' with value ['48', ]
  [ERROR]_2014-08-19 22:38:36 :Developer Notification (set struts.devMode to false to disable this message):
Unexpected Exception caught setting 'node' on 'class com.sx.rbac.action.MenuAction: Error setting expression 'node' with value ['51', ]
  [ERROR]_2014-08-19 22:39:13 :==========10,10=========
  [ERROR]_2014-08-19 22:39:13 :1======
  [ERROR]_2014-08-19 22:39:13 :Developer Notification (set struts.devMode to false to disable this message):
Unexpected Exception caught setting 'node' on 'class com.sx.rbac.action.MenuAction: Error setting expression 'node' with value ['47', ]
  [ERROR]_2014-08-19 22:39:13 :Developer Notification (set struts.devMode to false to disable this message):
Unexpected Exception caught setting 'node' on 'class com.sx.rbac.action.MenuAction: Error setting expression 'node' with value ['48', ]
  [ERROR]_2014-08-19 22:39:13 :Developer Notification (set struts.devMode to false to disable this message):
Unexpected Exception caught setting 'node' on 'class com.sx.rbac.action.MenuAction: Error setting expression 'node' with value ['51', ]
  [ERROR]_2014-08-19 22:39:39 :==========10,10=========
  [ERROR]_2014-08-19 22:39:39 :1======
  [ERROR]_2014-08-19 22:39:39 :Developer Notification (set struts.devMode to false to disable this message):
Unexpected Exception caught setting 'node' on 'class com.sx.rbac.action.MenuAction: Error setting expression 'node' with value ['47', ]
  [ERROR]_2014-08-19 22:39:39 :Developer Notification (set struts.devMode to false to disable this message):
Unexpected Exception caught setting 'node' on 'class com.sx.rbac.action.MenuAction: Error setting expression 'node' with value ['51', ]
  [ERROR]_2014-08-19 22:39:39 :Developer Notification (set struts.devMode to false to disable this message):
Unexpected Exception caught setting 'node' on 'class com.sx.rbac.action.MenuAction: Error setting expression 'node' with value ['48', ]
  [ERROR]_2014-08-19 22:39:48 :==========10,10=========
  [ERROR]_2014-08-19 22:39:48 :1======
  [ERROR]_2014-08-19 22:39:48 :Developer Notification (set struts.devMode to false to disable this message):
Unexpected Exception caught setting 'node' on 'class com.sx.rbac.action.MenuAction: Error setting expression 'node' with value ['47', ]
  [ERROR]_2014-08-19 22:39:48 :Developer Notification (set struts.devMode to false to disable this message):
Unexpected Exception caught setting 'node' on 'class com.sx.rbac.action.MenuAction: Error setting expression 'node' with value ['48', ]
  [ERROR]_2014-08-19 22:39:48 :Developer Notification (set struts.devMode to false to disable this message):
Unexpected Exception caught setting 'node' on 'class com.sx.rbac.action.MenuAction: Error setting expression 'node' with value ['51', ]
  [ERROR]_2014-08-19 22:40:03 :==========10,10=========
  [ERROR]_2014-08-19 22:40:03 :1======
  [ERROR]_2014-08-19 22:40:03 :Developer Notification (set struts.devMode to false to disable this message):
Unexpected Exception caught setting 'node' on 'class com.sx.rbac.action.MenuAction: Error setting expression 'node' with value ['47', ]
  [ERROR]_2014-08-19 22:40:03 :Developer Notification (set struts.devMode to false to disable this message):
Unexpected Exception caught setting 'node' on 'class com.sx.rbac.action.MenuAction: Error setting expression 'node' with value ['48', ]
  [ERROR]_2014-08-19 22:40:03 :Developer Notification (set struts.devMode to false to disable this message):
Unexpected Exception caught setting 'node' on 'class com.sx.rbac.action.MenuAction: Error setting expression 'node' with value ['51', ]
  [ERROR]_2014-08-19 22:40:56 :==========10,10=========
  [ERROR]_2014-08-19 22:40:56 :1======
  [ERROR]_2014-08-19 22:40:57 :Developer Notification (set struts.devMode to false to disable this message):
Unexpected Exception caught setting 'node' on 'class com.sx.rbac.action.MenuAction: Error setting expression 'node' with value ['47', ]
  [ERROR]_2014-08-19 22:40:57 :Developer Notification (set struts.devMode to false to disable this message):
Unexpected Exception caught setting 'node' on 'class com.sx.rbac.action.MenuAction: Error setting expression 'node' with value ['48', ]
  [ERROR]_2014-08-19 22:40:57 :Developer Notification (set struts.devMode to false to disable this message):
Unexpected Exception caught setting 'node' on 'class com.sx.rbac.action.MenuAction: Error setting expression 'node' with value ['51', ]
  [ERROR]_2014-08-19 22:41:15 :==========10,10=========
  [ERROR]_2014-08-19 22:41:15 :1======
  [ERROR]_2014-08-19 22:41:15 :Developer Notification (set struts.devMode to false to disable this message):
Unexpected Exception caught setting 'node' on 'class com.sx.rbac.action.MenuAction: Error setting expression 'node' with value ['47', ]
  [ERROR]_2014-08-19 22:41:15 :Developer Notification (set struts.devMode to false to disable this message):
Unexpected Exception caught setting 'node' on 'class com.sx.rbac.action.MenuAction: Error setting expression 'node' with value ['51', ]
  [ERROR]_2014-08-19 22:41:15 :Developer Notification (set struts.devMode to false to disable this message):
Unexpected Exception caught setting 'node' on 'class com.sx.rbac.action.MenuAction: Error setting expression 'node' with value ['48', ]
  [ERROR]_2014-08-19 22:42:55 :==========10,10=========
  [ERROR]_2014-08-19 22:42:55 :1======
  [ERROR]_2014-08-19 22:42:55 :Developer Notification (set struts.devMode to false to disable this message):
Unexpected Exception caught setting 'node' on 'class com.sx.rbac.action.MenuAction: Error setting expression 'node' with value ['47', ]
  [ERROR]_2014-08-19 22:42:55 :Developer Notification (set struts.devMode to false to disable this message):
Unexpected Exception caught setting 'node' on 'class com.sx.rbac.action.MenuAction: Error setting expression 'node' with value ['48', ]
  [ERROR]_2014-08-19 22:42:55 :Developer Notification (set struts.devMode to false to disable this message):
Unexpected Exception caught setting 'node' on 'class com.sx.rbac.action.MenuAction: Error setting expression 'node' with value ['51', ]
  [ERROR]_2014-08-19 22:43:10 :==========10,10=========
  [ERROR]_2014-08-19 22:43:10 :1======
  [ERROR]_2014-08-19 22:43:10 :Developer Notification (set struts.devMode to false to disable this message):
Unexpected Exception caught setting 'node' on 'class com.sx.rbac.action.MenuAction: Error setting expression 'node' with value ['47', ]
  [ERROR]_2014-08-19 22:43:10 :Developer Notification (set struts.devMode to false to disable this message):
Unexpected Exception caught setting 'node' on 'class com.sx.rbac.action.MenuAction: Error setting expression 'node' with value ['51', ]
  [ERROR]_2014-08-19 22:43:10 :Developer Notification (set struts.devMode to false to disable this message):
Unexpected Exception caught setting 'node' on 'class com.sx.rbac.action.MenuAction: Error setting expression 'node' with value ['48', ]
  [ERROR]_2014-08-19 22:43:35 :==========10,10=========
  [ERROR]_2014-08-19 22:43:35 :1======
  [ERROR]_2014-08-19 22:43:36 :Developer Notification (set struts.devMode to false to disable this message):
Unexpected Exception caught setting 'node' on 'class com.sx.rbac.action.MenuAction: Error setting expression 'node' with value ['47', ]
  [ERROR]_2014-08-19 22:43:36 :Developer Notification (set struts.devMode to false to disable this message):
Unexpected Exception caught setting 'node' on 'class com.sx.rbac.action.MenuAction: Error setting expression 'node' with value ['51', ]
  [ERROR]_2014-08-19 22:43:36 :Developer Notification (set struts.devMode to false to disable this message):
Unexpected Exception caught setting 'node' on 'class com.sx.rbac.action.MenuAction: Error setting expression 'node' with value ['48', ]
  [ERROR]_2014-08-19 22:44:12 :==========10,10=========
  [ERROR]_2014-08-19 22:44:12 :1======
  [ERROR]_2014-08-19 22:44:12 :Developer Notification (set struts.devMode to false to disable this message):
Unexpected Exception caught setting 'node' on 'class com.sx.rbac.action.MenuAction: Error setting expression 'node' with value ['47', ]
  [ERROR]_2014-08-19 22:44:13 :Developer Notification (set struts.devMode to false to disable this message):
Unexpected Exception caught setting 'node' on 'class com.sx.rbac.action.MenuAction: Error setting expression 'node' with value ['51', ]
  [ERROR]_2014-08-19 22:44:13 :Developer Notification (set struts.devMode to false to disable this message):
Unexpected Exception caught setting 'node' on 'class com.sx.rbac.action.MenuAction: Error setting expression 'node' with value ['48', ]
  [ERROR]_2014-08-19 22:44:21 :==========10,10=========
  [ERROR]_2014-08-19 22:44:21 :1======
  [ERROR]_2014-08-19 22:44:21 :Developer Notification (set struts.devMode to false to disable this message):
Unexpected Exception caught setting 'node' on 'class com.sx.rbac.action.MenuAction: Error setting expression 'node' with value ['47', ]
  [ERROR]_2014-08-19 22:44:21 :Developer Notification (set struts.devMode to false to disable this message):
Unexpected Exception caught setting 'node' on 'class com.sx.rbac.action.MenuAction: Error setting expression 'node' with value ['48', ]
  [ERROR]_2014-08-19 22:44:21 :Developer Notification (set struts.devMode to false to disable this message):
Unexpected Exception caught setting 'node' on 'class com.sx.rbac.action.MenuAction: Error setting expression 'node' with value ['51', ]
  [ERROR]_2014-08-19 22:45:47 :==========10,10=========
  [ERROR]_2014-08-19 22:45:47 :1======
  [ERROR]_2014-08-19 22:45:47 :Developer Notification (set struts.devMode to false to disable this message):
Unexpected Exception caught setting 'node' on 'class com.sx.rbac.action.MenuAction: Error setting expression 'node' with value ['47', ]
  [ERROR]_2014-08-19 22:45:47 :Developer Notification (set struts.devMode to false to disable this message):
Unexpected Exception caught setting 'node' on 'class com.sx.rbac.action.MenuAction: Error setting expression 'node' with value ['51', ]
  [ERROR]_2014-08-19 22:45:47 :Developer Notification (set struts.devMode to false to disable this message):
Unexpected Exception caught setting 'node' on 'class com.sx.rbac.action.MenuAction: Error setting expression 'node' with value ['48', ]
  [ERROR]_2014-08-19 22:47:51 :==========10,10=========
  [ERROR]_2014-08-19 22:47:51 :1======
  [ERROR]_2014-08-19 22:47:51 :Developer Notification (set struts.devMode to false to disable this message):
Unexpected Exception caught setting 'node' on 'class com.sx.rbac.action.MenuAction: Error setting expression 'node' with value ['47', ]
  [ERROR]_2014-08-19 22:47:51 :Developer Notification (set struts.devMode to false to disable this message):
Unexpected Exception caught setting 'node' on 'class com.sx.rbac.action.MenuAction: Error setting expression 'node' with value ['48', ]
  [ERROR]_2014-08-19 22:47:51 :Developer Notification (set struts.devMode to false to disable this message):
Unexpected Exception caught setting 'node' on 'class com.sx.rbac.action.MenuAction: Error setting expression 'node' with value ['51', ]
  [ERROR]_2014-08-19 22:48:14 :==========10,10=========
  [ERROR]_2014-08-19 22:48:14 :1======
  [ERROR]_2014-08-19 22:48:14 :Developer Notification (set struts.devMode to false to disable this message):
Unexpected Exception caught setting 'node' on 'class com.sx.rbac.action.MenuAction: Error setting expression 'node' with value ['47', ]
  [ERROR]_2014-08-19 22:48:14 :Developer Notification (set struts.devMode to false to disable this message):
Unexpected Exception caught setting 'node' on 'class com.sx.rbac.action.MenuAction: Error setting expression 'node' with value ['51', ]
  [ERROR]_2014-08-19 22:48:14 :Developer Notification (set struts.devMode to false to disable this message):
Unexpected Exception caught setting 'node' on 'class com.sx.rbac.action.MenuAction: Error setting expression 'node' with value ['48', ]
  [ERROR]_2014-08-19 22:48:35 :==========10,10=========
  [ERROR]_2014-08-19 22:48:35 :1======
  [ERROR]_2014-08-19 22:48:35 :Developer Notification (set struts.devMode to false to disable this message):
Unexpected Exception caught setting 'node' on 'class com.sx.rbac.action.MenuAction: Error setting expression 'node' with value ['47', ]
  [ERROR]_2014-08-19 22:48:35 :Developer Notification (set struts.devMode to false to disable this message):
Unexpected Exception caught setting 'node' on 'class com.sx.rbac.action.MenuAction: Error setting expression 'node' with value ['48', ]
  [ERROR]_2014-08-19 22:48:35 :Developer Notification (set struts.devMode to false to disable this message):
Unexpected Exception caught setting 'node' on 'class com.sx.rbac.action.MenuAction: Error setting expression 'node' with value ['51', ]
  [ERROR]_2014-08-19 22:48:43 :==========10,10=========
  [ERROR]_2014-08-19 22:48:43 :1======
  [ERROR]_2014-08-19 22:48:43 :Developer Notification (set struts.devMode to false to disable this message):
Unexpected Exception caught setting 'node' on 'class com.sx.rbac.action.MenuAction: Error setting expression 'node' with value ['47', ]
  [ERROR]_2014-08-19 22:48:44 :Developer Notification (set struts.devMode to false to disable this message):
Unexpected Exception caught setting 'node' on 'class com.sx.rbac.action.MenuAction: Error setting expression 'node' with value ['48', ]
  [ERROR]_2014-08-19 22:48:44 :Developer Notification (set struts.devMode to false to disable this message):
Unexpected Exception caught setting 'node' on 'class com.sx.rbac.action.MenuAction: Error setting expression 'node' with value ['51', ]
  [ERROR]_2014-08-19 22:49:08 :==========10,10=========
  [ERROR]_2014-08-19 22:49:08 :1======
  [ERROR]_2014-08-19 22:49:08 :Developer Notification (set struts.devMode to false to disable this message):
Unexpected Exception caught setting 'node' on 'class com.sx.rbac.action.MenuAction: Error setting expression 'node' with value ['47', ]
  [ERROR]_2014-08-19 22:49:08 :Developer Notification (set struts.devMode to false to disable this message):
Unexpected Exception caught setting 'node' on 'class com.sx.rbac.action.MenuAction: Error setting expression 'node' with value ['48', ]
  [ERROR]_2014-08-19 22:49:08 :Developer Notification (set struts.devMode to false to disable this message):
Unexpected Exception caught setting 'node' on 'class com.sx.rbac.action.MenuAction: Error setting expression 'node' with value ['51', ]
  [ERROR]_2014-08-19 22:49:28 :==========10,10=========
  [ERROR]_2014-08-19 22:49:28 :1======
  [ERROR]_2014-08-19 22:49:28 :Developer Notification (set struts.devMode to false to disable this message):
Unexpected Exception caught setting 'node' on 'class com.sx.rbac.action.MenuAction: Error setting expression 'node' with value ['47', ]
  [ERROR]_2014-08-19 22:49:29 :Developer Notification (set struts.devMode to false to disable this message):
Unexpected Exception caught setting 'node' on 'class com.sx.rbac.action.MenuAction: Error setting expression 'node' with value ['48', ]
  [ERROR]_2014-08-19 22:49:29 :Developer Notification (set struts.devMode to false to disable this message):
Unexpected Exception caught setting 'node' on 'class com.sx.rbac.action.MenuAction: Error setting expression 'node' with value ['51', ]
  [ERROR]_2014-08-19 22:49:45 :==========10,10=========
  [ERROR]_2014-08-19 22:49:45 :1======
  [ERROR]_2014-08-19 22:49:45 :Developer Notification (set struts.devMode to false to disable this message):
Unexpected Exception caught setting 'node' on 'class com.sx.rbac.action.MenuAction: Error setting expression 'node' with value ['47', ]
  [ERROR]_2014-08-19 22:49:45 :Developer Notification (set struts.devMode to false to disable this message):
Unexpected Exception caught setting 'node' on 'class com.sx.rbac.action.MenuAction: Error setting expression 'node' with value ['48', ]
  [ERROR]_2014-08-19 22:49:45 :Developer Notification (set struts.devMode to false to disable this message):
Unexpected Exception caught setting 'node' on 'class com.sx.rbac.action.MenuAction: Error setting expression 'node' with value ['51', ]
  [ERROR]_2014-08-19 22:50:36 :==========10,10=========
  [ERROR]_2014-08-19 22:50:36 :1======
  [ERROR]_2014-08-19 22:50:36 :Developer Notification (set struts.devMode to false to disable this message):
Unexpected Exception caught setting 'node' on 'class com.sx.rbac.action.MenuAction: Error setting expression 'node' with value ['47', ]
  [ERROR]_2014-08-19 22:50:36 :Developer Notification (set struts.devMode to false to disable this message):
Unexpected Exception caught setting 'node' on 'class com.sx.rbac.action.MenuAction: Error setting expression 'node' with value ['48', ]
  [ERROR]_2014-08-19 22:50:36 :Developer Notification (set struts.devMode to false to disable this message):
Unexpected Exception caught setting 'node' on 'class com.sx.rbac.action.MenuAction: Error setting expression 'node' with value ['51', ]
  [ERROR]_2014-08-19 22:51:16 :==========10,10=========
  [ERROR]_2014-08-19 22:51:16 :1======
  [ERROR]_2014-08-19 22:51:16 :Developer Notification (set struts.devMode to false to disable this message):
Unexpected Exception caught setting 'node' on 'class com.sx.rbac.action.MenuAction: Error setting expression 'node' with value ['47', ]
  [ERROR]_2014-08-19 22:51:16 :Developer Notification (set struts.devMode to false to disable this message):
Unexpected Exception caught setting 'node' on 'class com.sx.rbac.action.MenuAction: Error setting expression 'node' with value ['48', ]
  [ERROR]_2014-08-19 22:51:16 :Developer Notification (set struts.devMode to false to disable this message):
Unexpected Exception caught setting 'node' on 'class com.sx.rbac.action.MenuAction: Error setting expression 'node' with value ['51', ]
  [ERROR]_2014-08-19 22:53:14 :==========10,10=========
  [ERROR]_2014-08-19 22:53:14 :1======
  [ERROR]_2014-08-19 22:53:14 :Developer Notification (set struts.devMode to false to disable this message):
Unexpected Exception caught setting 'node' on 'class com.sx.rbac.action.MenuAction: Error setting expression 'node' with value ['47', ]
  [ERROR]_2014-08-19 22:53:14 :Developer Notification (set struts.devMode to false to disable this message):
Unexpected Exception caught setting 'node' on 'class com.sx.rbac.action.MenuAction: Error setting expression 'node' with value ['48', ]
  [ERROR]_2014-08-19 22:53:14 :Developer Notification (set struts.devMode to false to disable this message):
Unexpected Exception caught setting 'node' on 'class com.sx.rbac.action.MenuAction: Error setting expression 'node' with value ['51', ]
  [ERROR]_2014-08-19 22:54:42 :==========10,10=========
  [ERROR]_2014-08-19 22:54:42 :1======
  [ERROR]_2014-08-19 22:54:42 :Developer Notification (set struts.devMode to false to disable this message):
Unexpected Exception caught setting 'node' on 'class com.sx.rbac.action.MenuAction: Error setting expression 'node' with value ['47', ]
  [ERROR]_2014-08-19 22:54:42 :Developer Notification (set struts.devMode to false to disable this message):
Unexpected Exception caught setting 'node' on 'class com.sx.rbac.action.MenuAction: Error setting expression 'node' with value ['51', ]
  [ERROR]_2014-08-19 22:54:42 :Developer Notification (set struts.devMode to false to disable this message):
Unexpected Exception caught setting 'node' on 'class com.sx.rbac.action.MenuAction: Error setting expression 'node' with value ['48', ]
  [ERROR]_2014-08-19 22:55:22 :==========10,10=========
  [ERROR]_2014-08-19 22:55:22 :1======
  [ERROR]_2014-08-19 22:55:22 :Developer Notification (set struts.devMode to false to disable this message):
Unexpected Exception caught setting 'node' on 'class com.sx.rbac.action.MenuAction: Error setting expression 'node' with value ['47', ]
  [ERROR]_2014-08-19 22:55:22 :Developer Notification (set struts.devMode to false to disable this message):
Unexpected Exception caught setting 'node' on 'class com.sx.rbac.action.MenuAction: Error setting expression 'node' with value ['48', ]
  [ERROR]_2014-08-19 22:55:22 :Developer Notification (set struts.devMode to false to disable this message):
Unexpected Exception caught setting 'node' on 'class com.sx.rbac.action.MenuAction: Error setting expression 'node' with value ['51', ]
  [ERROR]_2014-08-19 22:55:40 :==========10,10=========
  [ERROR]_2014-08-19 22:55:40 :1======
  [ERROR]_2014-08-19 22:55:40 :Developer Notification (set struts.devMode to false to disable this message):
Unexpected Exception caught setting 'node' on 'class com.sx.rbac.action.MenuAction: Error setting expression 'node' with value ['47', ]
  [ERROR]_2014-08-19 22:55:40 :Developer Notification (set struts.devMode to false to disable this message):
Unexpected Exception caught setting 'node' on 'class com.sx.rbac.action.MenuAction: Error setting expression 'node' with value ['51', ]
  [ERROR]_2014-08-19 22:55:40 :Developer Notification (set struts.devMode to false to disable this message):
Unexpected Exception caught setting 'node' on 'class com.sx.rbac.action.MenuAction: Error setting expression 'node' with value ['48', ]
  [ERROR]_2014-08-19 22:59:36 :==========10,10=========
  [ERROR]_2014-08-19 22:59:36 :1======
  [ERROR]_2014-08-19 22:59:37 :Developer Notification (set struts.devMode to false to disable this message):
Unexpected Exception caught setting 'node' on 'class com.sx.rbac.action.MenuAction: Error setting expression 'node' with value ['47', ]
  [ERROR]_2014-08-19 22:59:37 :Developer Notification (set struts.devMode to false to disable this message):
Unexpected Exception caught setting 'node' on 'class com.sx.rbac.action.MenuAction: Error setting expression 'node' with value ['51', ]
  [ERROR]_2014-08-19 22:59:37 :Developer Notification (set struts.devMode to false to disable this message):
Unexpected Exception caught setting 'node' on 'class com.sx.rbac.action.MenuAction: Error setting expression 'node' with value ['48', ]
  [ERROR]_2014-08-19 23:00:53 :==========10,10=========
  [ERROR]_2014-08-19 23:00:53 :1======
  [ERROR]_2014-08-19 23:00:53 :Developer Notification (set struts.devMode to false to disable this message):
Unexpected Exception caught setting 'node' on 'class com.sx.rbac.action.MenuAction: Error setting expression 'node' with value ['47', ]
  [ERROR]_2014-08-19 23:00:53 :Developer Notification (set struts.devMode to false to disable this message):
Unexpected Exception caught setting 'node' on 'class com.sx.rbac.action.MenuAction: Error setting expression 'node' with value ['48', ]
  [ERROR]_2014-08-19 23:00:53 :Developer Notification (set struts.devMode to false to disable this message):
Unexpected Exception caught setting 'node' on 'class com.sx.rbac.action.MenuAction: Error setting expression 'node' with value ['51', ]
  [ERROR]_2014-08-19 23:01:31 :==========10,10=========
  [ERROR]_2014-08-19 23:01:31 :1======
  [ERROR]_2014-08-19 23:01:31 :Developer Notification (set struts.devMode to false to disable this message):
Unexpected Exception caught setting 'node' on 'class com.sx.rbac.action.MenuAction: Error setting expression 'node' with value ['47', ]
  [ERROR]_2014-08-19 23:01:31 :Developer Notification (set struts.devMode to false to disable this message):
Unexpected Exception caught setting 'node' on 'class com.sx.rbac.action.MenuAction: Error setting expression 'node' with value ['51', ]
  [ERROR]_2014-08-19 23:01:31 :Developer Notification (set struts.devMode to false to disable this message):
Unexpected Exception caught setting 'node' on 'class com.sx.rbac.action.MenuAction: Error setting expression 'node' with value ['48', ]
  [ERROR]_2014-08-19 23:02:07 :==========10,10=========
  [ERROR]_2014-08-19 23:02:07 :1======
  [ERROR]_2014-08-19 23:02:07 :Developer Notification (set struts.devMode to false to disable this message):
Unexpected Exception caught setting 'node' on 'class com.sx.rbac.action.MenuAction: Error setting expression 'node' with value ['47', ]
  [ERROR]_2014-08-19 23:02:07 :Developer Notification (set struts.devMode to false to disable this message):
Unexpected Exception caught setting 'node' on 'class com.sx.rbac.action.MenuAction: Error setting expression 'node' with value ['48', ]
  [ERROR]_2014-08-19 23:02:07 :Developer Notification (set struts.devMode to false to disable this message):
Unexpected Exception caught setting 'node' on 'class com.sx.rbac.action.MenuAction: Error setting expression 'node' with value ['51', ]
  [ERROR]_2014-08-19 23:02:29 :==========10,10=========
  [ERROR]_2014-08-19 23:02:29 :1======
  [ERROR]_2014-08-19 23:02:29 :Developer Notification (set struts.devMode to false to disable this message):
Unexpected Exception caught setting 'node' on 'class com.sx.rbac.action.MenuAction: Error setting expression 'node' with value ['47', ]
  [ERROR]_2014-08-19 23:02:29 :Developer Notification (set struts.devMode to false to disable this message):
Unexpected Exception caught setting 'node' on 'class com.sx.rbac.action.MenuAction: Error setting expression 'node' with value ['48', ]
  [ERROR]_2014-08-19 23:02:29 :Developer Notification (set struts.devMode to false to disable this message):
Unexpected Exception caught setting 'node' on 'class com.sx.rbac.action.MenuAction: Error setting expression 'node' with value ['51', ]
  [ERROR]_2014-08-19 23:13:52 :==========10,10=========
  [ERROR]_2014-08-19 23:13:52 :1======
  [ERROR]_2014-08-19 23:13:52 :Developer Notification (set struts.devMode to false to disable this message):
Unexpected Exception caught setting 'node' on 'class com.sx.rbac.action.MenuAction: Error setting expression 'node' with value ['47', ]
  [ERROR]_2014-08-19 23:13:52 :Developer Notification (set struts.devMode to false to disable this message):
Unexpected Exception caught setting 'node' on 'class com.sx.rbac.action.MenuAction: Error setting expression 'node' with value ['48', ]
  [ERROR]_2014-08-19 23:13:52 :Developer Notification (set struts.devMode to false to disable this message):
Unexpected Exception caught setting 'node' on 'class com.sx.rbac.action.MenuAction: Error setting expression 'node' with value ['51', ]
  [ERROR]_2014-08-19 23:14:33 :==========10,10=========
  [ERROR]_2014-08-19 23:14:33 :1======
  [ERROR]_2014-08-19 23:14:33 :Developer Notification (set struts.devMode to false to disable this message):
Unexpected Exception caught setting 'node' on 'class com.sx.rbac.action.MenuAction: Error setting expression 'node' with value ['47', ]
  [ERROR]_2014-08-19 23:14:33 :Developer Notification (set struts.devMode to false to disable this message):
Unexpected Exception caught setting 'node' on 'class com.sx.rbac.action.MenuAction: Error setting expression 'node' with value ['48', ]
  [ERROR]_2014-08-19 23:14:33 :Developer Notification (set struts.devMode to false to disable this message):
Unexpected Exception caught setting 'node' on 'class com.sx.rbac.action.MenuAction: Error setting expression 'node' with value ['51', ]
  [ERROR]_2014-08-19 23:15:55 :==========10,10=========
  [ERROR]_2014-08-19 23:15:55 :1======
  [ERROR]_2014-08-19 23:15:55 :Developer Notification (set struts.devMode to false to disable this message):
Unexpected Exception caught setting 'node' on 'class com.sx.rbac.action.MenuAction: Error setting expression 'node' with value ['47', ]
  [ERROR]_2014-08-19 23:15:55 :Developer Notification (set struts.devMode to false to disable this message):
Unexpected Exception caught setting 'node' on 'class com.sx.rbac.action.MenuAction: Error setting expression 'node' with value ['48', ]
  [ERROR]_2014-08-19 23:15:55 :Developer Notification (set struts.devMode to false to disable this message):
Unexpected Exception caught setting 'node' on 'class com.sx.rbac.action.MenuAction: Error setting expression 'node' with value ['51', ]
  [ERROR]_2014-08-19 23:18:08 :==========10,10=========
  [ERROR]_2014-08-19 23:18:08 :1======
  [ERROR]_2014-08-19 23:18:09 :Developer Notification (set struts.devMode to false to disable this message):
Unexpected Exception caught setting 'node' on 'class com.sx.rbac.action.MenuAction: Error setting expression 'node' with value ['47', ]
  [ERROR]_2014-08-19 23:18:09 :Developer Notification (set struts.devMode to false to disable this message):
Unexpected Exception caught setting 'node' on 'class com.sx.rbac.action.MenuAction: Error setting expression 'node' with value ['48', ]
  [ERROR]_2014-08-19 23:18:09 :Developer Notification (set struts.devMode to false to disable this message):
Unexpected Exception caught setting 'node' on 'class com.sx.rbac.action.MenuAction: Error setting expression 'node' with value ['51', ]
  [ERROR]_2014-08-19 23:19:29 :==========10,10=========
  [ERROR]_2014-08-19 23:19:29 :1======
  [ERROR]_2014-08-19 23:19:29 :Developer Notification (set struts.devMode to false to disable this message):
Unexpected Exception caught setting 'node' on 'class com.sx.rbac.action.MenuAction: Error setting expression 'node' with value ['47', ]
  [ERROR]_2014-08-19 23:19:30 :Developer Notification (set struts.devMode to false to disable this message):
Unexpected Exception caught setting 'node' on 'class com.sx.rbac.action.MenuAction: Error setting expression 'node' with value ['51', ]
  [ERROR]_2014-08-19 23:19:30 :Developer Notification (set struts.devMode to false to disable this message):
Unexpected Exception caught setting 'node' on 'class com.sx.rbac.action.MenuAction: Error setting expression 'node' with value ['48', ]
  [ERROR]_2014-08-19 23:20:03 :==========10,10=========
  [ERROR]_2014-08-19 23:20:03 :1======
  [ERROR]_2014-08-19 23:20:03 :Developer Notification (set struts.devMode to false to disable this message):
Unexpected Exception caught setting 'node' on 'class com.sx.rbac.action.MenuAction: Error setting expression 'node' with value ['47', ]
  [ERROR]_2014-08-19 23:20:04 :Developer Notification (set struts.devMode to false to disable this message):
Unexpected Exception caught setting 'node' on 'class com.sx.rbac.action.MenuAction: Error setting expression 'node' with value ['48', ]
  [ERROR]_2014-08-19 23:20:04 :Developer Notification (set struts.devMode to false to disable this message):
Unexpected Exception caught setting 'node' on 'class com.sx.rbac.action.MenuAction: Error setting expression 'node' with value ['51', ]
  [ERROR]_2014-08-19 23:21:38 :==========10,10=========
  [ERROR]_2014-08-19 23:21:38 :1======
  [ERROR]_2014-08-19 23:21:38 :Developer Notification (set struts.devMode to false to disable this message):
Unexpected Exception caught setting 'node' on 'class com.sx.rbac.action.MenuAction: Error setting expression 'node' with value ['47', ]
  [ERROR]_2014-08-19 23:21:38 :Developer Notification (set struts.devMode to false to disable this message):
Unexpected Exception caught setting 'node' on 'class com.sx.rbac.action.MenuAction: Error setting expression 'node' with value ['51', ]
  [ERROR]_2014-08-19 23:21:38 :Developer Notification (set struts.devMode to false to disable this message):
Unexpected Exception caught setting 'node' on 'class com.sx.rbac.action.MenuAction: Error setting expression 'node' with value ['48', ]
  [ERROR]_2014-08-19 23:22:14 :==========10,10=========
  [ERROR]_2014-08-19 23:22:14 :1======
  [ERROR]_2014-08-19 23:22:14 :Developer Notification (set struts.devMode to false to disable this message):
Unexpected Exception caught setting 'node' on 'class com.sx.rbac.action.MenuAction: Error setting expression 'node' with value ['47', ]
  [ERROR]_2014-08-19 23:22:14 :Developer Notification (set struts.devMode to false to disable this message):
Unexpected Exception caught setting 'node' on 'class com.sx.rbac.action.MenuAction: Error setting expression 'node' with value ['51', ]
  [ERROR]_2014-08-19 23:22:14 :Developer Notification (set struts.devMode to false to disable this message):
Unexpected Exception caught setting 'node' on 'class com.sx.rbac.action.MenuAction: Error setting expression 'node' with value ['48', ]
  [ERROR]_2014-08-19 23:27:56 :==========10,10=========
  [ERROR]_2014-08-19 23:27:56 :1======
  [ERROR]_2014-08-19 23:27:56 :Developer Notification (set struts.devMode to false to disable this message):
Unexpected Exception caught setting 'node' on 'class com.sx.rbac.action.MenuAction: Error setting expression 'node' with value ['47', ]
  [ERROR]_2014-08-19 23:27:56 :Developer Notification (set struts.devMode to false to disable this message):
Unexpected Exception caught setting 'node' on 'class com.sx.rbac.action.MenuAction: Error setting expression 'node' with value ['51', ]
  [ERROR]_2014-08-19 23:27:56 :Developer Notification (set struts.devMode to false to disable this message):
Unexpected Exception caught setting 'node' on 'class com.sx.rbac.action.MenuAction: Error setting expression 'node' with value ['48', ]
  [ERROR]_2014-08-19 23:28:44 :==========10,10=========
  [ERROR]_2014-08-19 23:28:44 :1======
  [ERROR]_2014-08-19 23:28:44 :Developer Notification (set struts.devMode to false to disable this message):
Unexpected Exception caught setting 'node' on 'class com.sx.rbac.action.MenuAction: Error setting expression 'node' with value ['47', ]
  [ERROR]_2014-08-19 23:28:44 :Developer Notification (set struts.devMode to false to disable this message):
Unexpected Exception caught setting 'node' on 'class com.sx.rbac.action.MenuAction: Error setting expression 'node' with value ['48', ]
  [ERROR]_2014-08-19 23:28:44 :Developer Notification (set struts.devMode to false to disable this message):
Unexpected Exception caught setting 'node' on 'class com.sx.rbac.action.MenuAction: Error setting expression 'node' with value ['51', ]
  [ERROR]_2014-08-19 23:29:09 :==========10,10=========
  [ERROR]_2014-08-19 23:29:09 :1======
  [ERROR]_2014-08-19 23:29:09 :Developer Notification (set struts.devMode to false to disable this message):
Unexpected Exception caught setting 'node' on 'class com.sx.rbac.action.MenuAction: Error setting expression 'node' with value ['47', ]
  [ERROR]_2014-08-19 23:29:09 :Developer Notification (set struts.devMode to false to disable this message):
Unexpected Exception caught setting 'node' on 'class com.sx.rbac.action.MenuAction: Error setting expression 'node' with value ['51', ]
  [ERROR]_2014-08-19 23:29:09 :Developer Notification (set struts.devMode to false to disable this message):
Unexpected Exception caught setting 'node' on 'class com.sx.rbac.action.MenuAction: Error setting expression 'node' with value ['48', ]
  [ERROR]_2014-08-19 23:29:22 :==========10,10=========
  [ERROR]_2014-08-19 23:29:22 :1======
  [ERROR]_2014-08-19 23:29:22 :Developer Notification (set struts.devMode to false to disable this message):
Unexpected Exception caught setting 'node' on 'class com.sx.rbac.action.MenuAction: Error setting expression 'node' with value ['47', ]
  [ERROR]_2014-08-19 23:29:22 :Developer Notification (set struts.devMode to false to disable this message):
Unexpected Exception caught setting 'node' on 'class com.sx.rbac.action.MenuAction: Error setting expression 'node' with value ['48', ]
  [ERROR]_2014-08-19 23:29:22 :Developer Notification (set struts.devMode to false to disable this message):
Unexpected Exception caught setting 'node' on 'class com.sx.rbac.action.MenuAction: Error setting expression 'node' with value ['51', ]
  [ERROR]_2014-08-19 23:29:42 :==========10,10=========
  [ERROR]_2014-08-19 23:29:42 :1======
  [ERROR]_2014-08-19 23:29:42 :Developer Notification (set struts.devMode to false to disable this message):
Unexpected Exception caught setting 'node' on 'class com.sx.rbac.action.MenuAction: Error setting expression 'node' with value ['47', ]
  [ERROR]_2014-08-19 23:29:42 :Developer Notification (set struts.devMode to false to disable this message):
Unexpected Exception caught setting 'node' on 'class com.sx.rbac.action.MenuAction: Error setting expression 'node' with value ['51', ]
  [ERROR]_2014-08-19 23:29:42 :Developer Notification (set struts.devMode to false to disable this message):
Unexpected Exception caught setting 'node' on 'class com.sx.rbac.action.MenuAction: Error setting expression 'node' with value ['48', ]
  [ERROR]_2014-08-19 23:31:08 :==========10,10=========
  [ERROR]_2014-08-19 23:31:08 :1======
  [ERROR]_2014-08-19 23:31:08 :Developer Notification (set struts.devMode to false to disable this message):
Unexpected Exception caught setting 'node' on 'class com.sx.rbac.action.MenuAction: Error setting expression 'node' with value ['47', ]
  [ERROR]_2014-08-19 23:31:08 :Developer Notification (set struts.devMode to false to disable this message):
Unexpected Exception caught setting 'node' on 'class com.sx.rbac.action.MenuAction: Error setting expression 'node' with value ['48', ]
  [ERROR]_2014-08-19 23:31:08 :Developer Notification (set struts.devMode to false to disable this message):
Unexpected Exception caught setting 'node' on 'class com.sx.rbac.action.MenuAction: Error setting expression 'node' with value ['51', ]
  [ERROR]_2014-08-19 23:33:26 :==========10,10=========
  [ERROR]_2014-08-19 23:33:26 :1======
  [ERROR]_2014-08-19 23:33:26 :Developer Notification (set struts.devMode to false to disable this message):
Unexpected Exception caught setting 'node' on 'class com.sx.rbac.action.MenuAction: Error setting expression 'node' with value ['47', ]
  [ERROR]_2014-08-19 23:33:26 :Developer Notification (set struts.devMode to false to disable this message):
Unexpected Exception caught setting 'node' on 'class com.sx.rbac.action.MenuAction: Error setting expression 'node' with value ['48', ]
  [ERROR]_2014-08-19 23:33:26 :Developer Notification (set struts.devMode to false to disable this message):
Unexpected Exception caught setting 'node' on 'class com.sx.rbac.action.MenuAction: Error setting expression 'node' with value ['51', ]
  [ERROR]_2014-08-19 23:33:54 :==========10,10=========
  [ERROR]_2014-08-19 23:33:54 :1======
  [ERROR]_2014-08-19 23:33:54 :Developer Notification (set struts.devMode to false to disable this message):
Unexpected Exception caught setting 'node' on 'class com.sx.rbac.action.MenuAction: Error setting expression 'node' with value ['47', ]
  [ERROR]_2014-08-19 23:33:54 :Developer Notification (set struts.devMode to false to disable this message):
Unexpected Exception caught setting 'node' on 'class com.sx.rbac.action.MenuAction: Error setting expression 'node' with value ['51', ]
  [ERROR]_2014-08-19 23:33:54 :Developer Notification (set struts.devMode to false to disable this message):
Unexpected Exception caught setting 'node' on 'class com.sx.rbac.action.MenuAction: Error setting expression 'node' with value ['48', ]
  [ERROR]_2014-08-19 23:34:24 :==========10,10=========
  [ERROR]_2014-08-19 23:34:24 :1======
  [ERROR]_2014-08-19 23:34:24 :Developer Notification (set struts.devMode to false to disable this message):
Unexpected Exception caught setting 'node' on 'class com.sx.rbac.action.MenuAction: Error setting expression 'node' with value ['47', ]
  [ERROR]_2014-08-19 23:34:24 :Developer Notification (set struts.devMode to false to disable this message):
Unexpected Exception caught setting 'node' on 'class com.sx.rbac.action.MenuAction: Error setting expression 'node' with value ['48', ]
  [ERROR]_2014-08-19 23:34:24 :Developer Notification (set struts.devMode to false to disable this message):
Unexpected Exception caught setting 'node' on 'class com.sx.rbac.action.MenuAction: Error setting expression 'node' with value ['51', ]
  [ERROR]_2014-08-19 23:34:50 :==========10,10=========
  [ERROR]_2014-08-19 23:34:50 :1======
  [ERROR]_2014-08-19 23:34:50 :Developer Notification (set struts.devMode to false to disable this message):
Unexpected Exception caught setting 'node' on 'class com.sx.rbac.action.MenuAction: Error setting expression 'node' with value ['47', ]
  [ERROR]_2014-08-19 23:34:50 :Developer Notification (set struts.devMode to false to disable this message):
Unexpected Exception caught setting 'node' on 'class com.sx.rbac.action.MenuAction: Error setting expression 'node' with value ['48', ]
  [ERROR]_2014-08-19 23:34:50 :Developer Notification (set struts.devMode to false to disable this message):
Unexpected Exception caught setting 'node' on 'class com.sx.rbac.action.MenuAction: Error setting expression 'node' with value ['51', ]
  [ERROR]_2014-08-19 23:34:56 :==========10,10=========
  [ERROR]_2014-08-19 23:34:56 :1======
  [ERROR]_2014-08-19 23:34:56 :Developer Notification (set struts.devMode to false to disable this message):
Unexpected Exception caught setting 'node' on 'class com.sx.rbac.action.MenuAction: Error setting expression 'node' with value ['47', ]
  [ERROR]_2014-08-19 23:34:57 :Developer Notification (set struts.devMode to false to disable this message):
Unexpected Exception caught setting 'node' on 'class com.sx.rbac.action.MenuAction: Error setting expression 'node' with value ['48', ]
  [ERROR]_2014-08-19 23:34:57 :Developer Notification (set struts.devMode to false to disable this message):
Unexpected Exception caught setting 'node' on 'class com.sx.rbac.action.MenuAction: Error setting expression 'node' with value ['51', ]
  [ERROR]_2014-08-19 23:35:12 :==========10,10=========
  [ERROR]_2014-08-19 23:35:12 :1======
  [ERROR]_2014-08-19 23:35:13 :Developer Notification (set struts.devMode to false to disable this message):
Unexpected Exception caught setting 'node' on 'class com.sx.rbac.action.MenuAction: Error setting expression 'node' with value ['47', ]
  [ERROR]_2014-08-19 23:35:13 :Developer Notification (set struts.devMode to false to disable this message):
Unexpected Exception caught setting 'node' on 'class com.sx.rbac.action.MenuAction: Error setting expression 'node' with value ['48', ]
  [ERROR]_2014-08-19 23:35:13 :Developer Notification (set struts.devMode to false to disable this message):
Unexpected Exception caught setting 'node' on 'class com.sx.rbac.action.MenuAction: Error setting expression 'node' with value ['51', ]
  [ERROR]_2014-08-19 23:35:26 :==========10,10=========
  [ERROR]_2014-08-19 23:35:26 :1======
  [ERROR]_2014-08-19 23:35:26 :Developer Notification (set struts.devMode to false to disable this message):
Unexpected Exception caught setting 'node' on 'class com.sx.rbac.action.MenuAction: Error setting expression 'node' with value ['47', ]
  [ERROR]_2014-08-19 23:35:26 :Developer Notification (set struts.devMode to false to disable this message):
Unexpected Exception caught setting 'node' on 'class com.sx.rbac.action.MenuAction: Error setting expression 'node' with value ['48', ]
  [ERROR]_2014-08-19 23:35:26 :Developer Notification (set struts.devMode to false to disable this message):
Unexpected Exception caught setting 'node' on 'class com.sx.rbac.action.MenuAction: Error setting expression 'node' with value ['51', ]
  [ERROR]_2014-08-19 23:35:38 :执行HTTP Get请求https://www.okcoin.cn/api/trades.do时，发生异常！
  java.net.SocketTimeoutException: Read timed out
	at java.net.SocketInputStream.socketRead0(Native Method)
	at java.net.SocketInputStream.read(SocketInputStream.java:129)
	at com.sun.net.ssl.internal.ssl.InputRecord.readFully(InputRecord.java:293)
	at com.sun.net.ssl.internal.ssl.InputRecord.read(InputRecord.java:331)
	at com.sun.net.ssl.internal.ssl.SSLSocketImpl.readRecord(SSLSocketImpl.java:798)
	at com.sun.net.ssl.internal.ssl.SSLSocketImpl.readDataRecord(SSLSocketImpl.java:755)
	at com.sun.net.ssl.internal.ssl.AppInputStream.read(AppInputStream.java:75)
	at java.io.BufferedInputStream.fill(BufferedInputStream.java:218)
	at java.io.BufferedInputStream.read(BufferedInputStream.java:237)
	at org.apache.commons.httpclient.HttpParser.readRawLine(HttpParser.java:78)
	at org.apache.commons.httpclient.HttpParser.readLine(HttpParser.java:106)
	at org.apache.commons.httpclient.HttpConnection.readLine(HttpConnection.java:1116)
	at org.apache.commons.httpclient.HttpMethodBase.readStatusLine(HttpMethodBase.java:1973)
	at org.apache.commons.httpclient.HttpMethodBase.readResponse(HttpMethodBase.java:1735)
	at org.apache.commons.httpclient.HttpMethodBase.execute(HttpMethodBase.java:1098)
	at org.apache.commons.httpclient.HttpMethodDirector.executeWithRetry(HttpMethodDirector.java:398)
	at org.apache.commons.httpclient.HttpMethodDirector.executeMethod(HttpMethodDirector.java:171)
	at org.apache.commons.httpclient.HttpClient.executeMethod(HttpClient.java:397)
	at org.apache.commons.httpclient.HttpClient.executeMethod(HttpClient.java:323)
	at com.sx.btccoin.util.balance.OKCoinBalanceUtil.getInfos(OKCoinBalanceUtil.java:82)
	at com.sx.btccoin.util.analyse.OKCoinAnalyseUtil.getOKCoinMarketBTCDepthEntity(OKCoinAnalyseUtil.java:34)
	at com.sx.btccoin.action.BtcAction.makeAnalyseCoinEntity(BtcAction.java:141)
	at com.sx.btccoin.action.BtcAction.addAnalysisBtcPoint(BtcAction.java:223)
	at sun.reflect.GeneratedMethodAccessor59.invoke(Unknown Source)
	at sun.reflect.DelegatingMethodAccessorImpl.invoke(DelegatingMethodAccessorImpl.java:25)
	at java.lang.reflect.Method.invoke(Method.java:597)
	at com.opensymphony.xwork2.DefaultActionInvocation.invokeAction(DefaultActionInvocation.java:446)
	at com.opensymphony.xwork2.DefaultActionInvocation.invokeActionOnly(DefaultActionInvocation.java:285)
	at com.opensymphony.xwork2.DefaultActionInvocation.invoke(DefaultActionInvocation.java:248)
	at com.sx.core.interceptor.LoginfoForHTTPInterceptor.doIntercept(LoginfoForHTTPInterceptor.java:62)
	at com.opensymphony.xwork2.interceptor.MethodFilterInterceptor.intercept(MethodFilterInterceptor.java:98)
	at com.opensymphony.xwork2.DefaultActionInvocation.invoke(DefaultActionInvocation.java:242)
	at org.apache.struts2.interceptor.debugging.DebuggingInterceptor.intercept(DebuggingInterceptor.java:256)
	at com.opensymphony.xwork2.DefaultActionInvocation.invoke(DefaultActionInvocation.java:242)
	at com.opensymphony.xwork2.interceptor.DefaultWorkflowInterceptor.doIntercept(DefaultWorkflowInterceptor.java:176)
	at com.opensymphony.xwork2.interceptor.MethodFilterInterceptor.intercept(MethodFilterInterceptor.java:98)
	at com.opensymphony.xwork2.DefaultActionInvocation.invoke(DefaultActionInvocation.java:242)
	at com.opensymphony.xwork2.validator.ValidationInterceptor.doIntercept(ValidationInterceptor.java:265)
	at org.apache.struts2.interceptor.validation.AnnotationValidationInterceptor.doIntercept(AnnotationValidationInterceptor.java:68)
	at com.opensymphony.xwork2.interceptor.MethodFilterInterceptor.intercept(MethodFilterInterceptor.java:98)
	at com.opensymphony.xwork2.DefaultActionInvocation.invoke(DefaultActionInvocation.java:242)
	at com.opensymphony.xwork2.interceptor.ConversionErrorInterceptor.intercept(ConversionErrorInterceptor.java:138)
	at com.opensymphony.xwork2.DefaultActionInvocation.invoke(DefaultActionInvocation.java:242)
	at com.opensymphony.xwork2.interceptor.ParametersInterceptor.doIntercept(ParametersInterceptor.java:238)
	at com.opensymphony.xwork2.interceptor.MethodFilterInterceptor.intercept(MethodFilterInterceptor.java:98)
	at com.opensymphony.xwork2.DefaultActionInvocation.invoke(DefaultActionInvocation.java:242)
	at com.opensymphony.xwork2.interceptor.ParametersInterceptor.doIntercept(ParametersInterceptor.java:238)
	at com.opensymphony.xwork2.interceptor.MethodFilterInterceptor.intercept(MethodFilterInterceptor.java:98)
	at com.opensymphony.xwork2.DefaultActionInvocation.invoke(DefaultActionInvocation.java:242)
	at com.opensymphony.xwork2.interceptor.StaticParametersInterceptor.intercept(StaticParametersInterceptor.java:191)
	at com.opensymphony.xwork2.DefaultActionInvocation.invoke(DefaultActionInvocation.java:242)
	at org.apache.struts2.interceptor.MultiselectInterceptor.intercept(MultiselectInterceptor.java:73)
	at com.opensymphony.xwork2.DefaultActionInvocation.invoke(DefaultActionInvocation.java:242)
	at org.apache.struts2.interceptor.CheckboxInterceptor.intercept(CheckboxInterceptor.java:91)
	at com.opensymphony.xwork2.DefaultActionInvocation.invoke(DefaultActionInvocation.java:242)
	at org.apache.struts2.interceptor.FileUploadInterceptor.intercept(FileUploadInterceptor.java:252)
	at com.opensymphony.xwork2.DefaultActionInvocation.invoke(DefaultActionInvocation.java:242)
	at com.opensymphony.xwork2.interceptor.ModelDrivenInterceptor.intercept(ModelDrivenInterceptor.java:100)
	at com.opensymphony.xwork2.DefaultActionInvocation.invoke(DefaultActionInvocation.java:242)
	at com.opensymphony.xwork2.interceptor.ScopedModelDrivenInterceptor.intercept(ScopedModelDrivenInterceptor.java:141)
	at com.opensymphony.xwork2.DefaultActionInvocation.invoke(DefaultActionInvocation.java:242)
	at com.opensymphony.xwork2.interceptor.ChainingInterceptor.intercept(ChainingInterceptor.java:145)
	at com.opensymphony.xwork2.DefaultActionInvocation.invoke(DefaultActionInvocation.java:242)
	at com.opensymphony.xwork2.interceptor.PrepareInterceptor.doIntercept(PrepareInterceptor.java:171)
	at com.opensymphony.xwork2.interceptor.MethodFilterInterceptor.intercept(MethodFilterInterceptor.java:98)
	at com.opensymphony.xwork2.DefaultActionInvocation.invoke(DefaultActionInvocation.java:242)
	at com.opensymphony.xwork2.interceptor.I18nInterceptor.intercept(I18nInterceptor.java:176)
	at com.opensymphony.xwork2.DefaultActionInvocation.invoke(DefaultActionInvocation.java:242)
	at org.apache.struts2.interceptor.ServletConfigInterceptor.intercept(ServletConfigInterceptor.java:164)
	at com.opensymphony.xwork2.DefaultActionInvocation.invoke(DefaultActionInvocation.java:242)
	at com.opensymphony.xwork2.interceptor.AliasInterceptor.intercept(AliasInterceptor.java:193)
	at com.opensymphony.xwork2.DefaultActionInvocation.invoke(DefaultActionInvocation.java:242)
	at com.opensymphony.xwork2.interceptor.ExceptionMappingInterceptor.intercept(ExceptionMappingInterceptor.java:187)
	at com.opensymphony.xwork2.DefaultActionInvocation.invoke(DefaultActionInvocation.java:242)
	at org.apache.struts2.impl.StrutsActionProxy.execute(StrutsActionProxy.java:54)
	at org.apache.struts2.dispatcher.Dispatcher.serviceAction(Dispatcher.java:544)
	at org.apache.struts2.dispatcher.ng.ExecuteOperations.executeAction(ExecuteOperations.java:77)
	at org.apache.struts2.dispatcher.ng.filter.StrutsPrepareAndExecuteFilter.doFilter(StrutsPrepareAndExecuteFilter.java:91)
	at org.apache.catalina.core.ApplicationFilterChain.internalDoFilter(ApplicationFilterChain.java:235)
	at org.apache.catalina.core.ApplicationFilterChain.doFilter(ApplicationFilterChain.java:206)
	at org.apache.catalina.core.StandardWrapperValve.invoke(StandardWrapperValve.java:233)
	at org.apache.catalina.core.StandardContextValve.invoke(StandardContextValve.java:191)
	at org.apache.catalina.core.StandardHostValve.invoke(StandardHostValve.java:127)
	at org.apache.catalina.valves.ErrorReportValve.invoke(ErrorReportValve.java:102)
	at org.apache.catalina.core.StandardEngineValve.invoke(StandardEngineValve.java:109)
	at org.apache.catalina.connector.CoyoteAdapter.service(CoyoteAdapter.java:298)
	at org.apache.coyote.http11.Http11AprProcessor.process(Http11AprProcessor.java:864)
	at org.apache.coyote.http11.Http11AprProtocol$Http11ConnectionHandler.process(Http11AprProtocol.java:579)
	at org.apache.tomcat.util.net.AprEndpoint$Worker.run(AprEndpoint.java:1665)
	at java.lang.Thread.run(Thread.java:662)
[ERROR]_2014-08-19 23:35:38 :获取主动买BTC的数量
  com.alibaba.fastjson.JSONException: exepct '[', but EOF
	at com.alibaba.fastjson.parser.DefaultJSONParser.parseArray(DefaultJSONParser.java:535)
	at com.alibaba.fastjson.parser.DefaultJSONParser.parseArray(DefaultJSONParser.java:525)
	at com.alibaba.fastjson.parser.DefaultJSONParser.parseArray(DefaultJSONParser.java:520)
	at com.alibaba.fastjson.JSON.parseArray(JSON.java:335)
	at com.sx.btccoin.action.BtcAction.makeAnalyseOKCoinBtcMapForSale(BtcAction.java:104)
	at com.sx.btccoin.action.BtcAction.makeAnalyseCoinEntity(BtcAction.java:146)
	at com.sx.btccoin.action.BtcAction.addAnalysisBtcPoint(BtcAction.java:223)
	at sun.reflect.GeneratedMethodAccessor59.invoke(Unknown Source)
	at sun.reflect.DelegatingMethodAccessorImpl.invoke(DelegatingMethodAccessorImpl.java:25)
	at java.lang.reflect.Method.invoke(Method.java:597)
	at com.opensymphony.xwork2.DefaultActionInvocation.invokeAction(DefaultActionInvocation.java:446)
	at com.opensymphony.xwork2.DefaultActionInvocation.invokeActionOnly(DefaultActionInvocation.java:285)
	at com.opensymphony.xwork2.DefaultActionInvocation.invoke(DefaultActionInvocation.java:248)
	at com.sx.core.interceptor.LoginfoForHTTPInterceptor.doIntercept(LoginfoForHTTPInterceptor.java:62)
	at com.opensymphony.xwork2.interceptor.MethodFilterInterceptor.intercept(MethodFilterInterceptor.java:98)
	at com.opensymphony.xwork2.DefaultActionInvocation.invoke(DefaultActionInvocation.java:242)
	at org.apache.struts2.interceptor.debugging.DebuggingInterceptor.intercept(DebuggingInterceptor.java:256)
	at com.opensymphony.xwork2.DefaultActionInvocation.invoke(DefaultActionInvocation.java:242)
	at com.opensymphony.xwork2.interceptor.DefaultWorkflowInterceptor.doIntercept(DefaultWorkflowInterceptor.java:176)
	at com.opensymphony.xwork2.interceptor.MethodFilterInterceptor.intercept(MethodFilterInterceptor.java:98)
	at com.opensymphony.xwork2.DefaultActionInvocation.invoke(DefaultActionInvocation.java:242)
	at com.opensymphony.xwork2.validator.ValidationInterceptor.doIntercept(ValidationInterceptor.java:265)
	at org.apache.struts2.interceptor.validation.AnnotationValidationInterceptor.doIntercept(AnnotationValidationInterceptor.java:68)
	at com.opensymphony.xwork2.interceptor.MethodFilterInterceptor.intercept(MethodFilterInterceptor.java:98)
	at com.opensymphony.xwork2.DefaultActionInvocation.invoke(DefaultActionInvocation.java:242)
	at com.opensymphony.xwork2.interceptor.ConversionErrorInterceptor.intercept(ConversionErrorInterceptor.java:138)
	at com.opensymphony.xwork2.DefaultActionInvocation.invoke(DefaultActionInvocation.java:242)
	at com.opensymphony.xwork2.interceptor.ParametersInterceptor.doIntercept(ParametersInterceptor.java:238)
	at com.opensymphony.xwork2.interceptor.MethodFilterInterceptor.intercept(MethodFilterInterceptor.java:98)
	at com.opensymphony.xwork2.DefaultActionInvocation.invoke(DefaultActionInvocation.java:242)
	at com.opensymphony.xwork2.interceptor.ParametersInterceptor.doIntercept(ParametersInterceptor.java:238)
	at com.opensymphony.xwork2.interceptor.MethodFilterInterceptor.intercept(MethodFilterInterceptor.java:98)
	at com.opensymphony.xwork2.DefaultActionInvocation.invoke(DefaultActionInvocation.java:242)
	at com.opensymphony.xwork2.interceptor.StaticParametersInterceptor.intercept(StaticParametersInterceptor.java:191)
	at com.opensymphony.xwork2.DefaultActionInvocation.invoke(DefaultActionInvocation.java:242)
	at org.apache.struts2.interceptor.MultiselectInterceptor.intercept(MultiselectInterceptor.java:73)
	at com.opensymphony.xwork2.DefaultActionInvocation.invoke(DefaultActionInvocation.java:242)
	at org.apache.struts2.interceptor.CheckboxInterceptor.intercept(CheckboxInterceptor.java:91)
	at com.opensymphony.xwork2.DefaultActionInvocation.invoke(DefaultActionInvocation.java:242)
	at org.apache.struts2.interceptor.FileUploadInterceptor.intercept(FileUploadInterceptor.java:252)
	at com.opensymphony.xwork2.DefaultActionInvocation.invoke(DefaultActionInvocation.java:242)
	at com.opensymphony.xwork2.interceptor.ModelDrivenInterceptor.intercept(ModelDrivenInterceptor.java:100)
	at com.opensymphony.xwork2.DefaultActionInvocation.invoke(DefaultActionInvocation.java:242)
	at com.opensymphony.xwork2.interceptor.ScopedModelDrivenInterceptor.intercept(ScopedModelDrivenInterceptor.java:141)
	at com.opensymphony.xwork2.DefaultActionInvocation.invoke(DefaultActionInvocation.java:242)
	at com.opensymphony.xwork2.interceptor.ChainingInterceptor.intercept(ChainingInterceptor.java:145)
	at com.opensymphony.xwork2.DefaultActionInvocation.invoke(DefaultActionInvocation.java:242)
	at com.opensymphony.xwork2.interceptor.PrepareInterceptor.doIntercept(PrepareInterceptor.java:171)
	at com.opensymphony.xwork2.interceptor.MethodFilterInterceptor.intercept(MethodFilterInterceptor.java:98)
	at com.opensymphony.xwork2.DefaultActionInvocation.invoke(DefaultActionInvocation.java:242)
	at com.opensymphony.xwork2.interceptor.I18nInterceptor.intercept(I18nInterceptor.java:176)
	at com.opensymphony.xwork2.DefaultActionInvocation.invoke(DefaultActionInvocation.java:242)
	at org.apache.struts2.interceptor.ServletConfigInterceptor.intercept(ServletConfigInterceptor.java:164)
	at com.opensymphony.xwork2.DefaultActionInvocation.invoke(DefaultActionInvocation.java:242)
	at com.opensymphony.xwork2.interceptor.AliasInterceptor.intercept(AliasInterceptor.java:193)
	at com.opensymphony.xwork2.DefaultActionInvocation.invoke(DefaultActionInvocation.java:242)
	at com.opensymphony.xwork2.interceptor.ExceptionMappingInterceptor.intercept(ExceptionMappingInterceptor.java:187)
	at com.opensymphony.xwork2.DefaultActionInvocation.invoke(DefaultActionInvocation.java:242)
	at org.apache.struts2.impl.StrutsActionProxy.execute(StrutsActionProxy.java:54)
	at org.apache.struts2.dispatcher.Dispatcher.serviceAction(Dispatcher.java:544)
	at org.apache.struts2.dispatcher.ng.ExecuteOperations.executeAction(ExecuteOperations.java:77)
	at org.apache.struts2.dispatcher.ng.filter.StrutsPrepareAndExecuteFilter.doFilter(StrutsPrepareAndExecuteFilter.java:91)
	at org.apache.catalina.core.ApplicationFilterChain.internalDoFilter(ApplicationFilterChain.java:235)
	at org.apache.catalina.core.ApplicationFilterChain.doFilter(ApplicationFilterChain.java:206)
	at org.apache.catalina.core.StandardWrapperValve.invoke(StandardWrapperValve.java:233)
	at org.apache.catalina.core.StandardContextValve.invoke(StandardContextValve.java:191)
	at org.apache.catalina.core.StandardHostValve.invoke(StandardHostValve.java:127)
	at org.apache.catalina.valves.ErrorReportValve.invoke(ErrorReportValve.java:102)
	at org.apache.catalina.core.StandardEngineValve.invoke(StandardEngineValve.java:109)
	at org.apache.catalina.connector.CoyoteAdapter.service(CoyoteAdapter.java:298)
	at org.apache.coyote.http11.Http11AprProcessor.process(Http11AprProcessor.java:864)
	at org.apache.coyote.http11.Http11AprProtocol$Http11ConnectionHandler.process(Http11AprProtocol.java:579)
	at org.apache.tomcat.util.net.AprEndpoint$Worker.run(AprEndpoint.java:1665)
	at java.lang.Thread.run(Thread.java:662)
[ERROR]_2014-08-19 23:35:38 :获取交易BTC数据出现错误
  com.sx.util.exception.SXException: 
	at com.sx.btccoin.action.BtcAction.makeAnalyseCoinEntity(BtcAction.java:167)
	at com.sx.btccoin.action.BtcAction.addAnalysisBtcPoint(BtcAction.java:223)
	at sun.reflect.GeneratedMethodAccessor59.invoke(Unknown Source)
	at sun.reflect.DelegatingMethodAccessorImpl.invoke(DelegatingMethodAccessorImpl.java:25)
	at java.lang.reflect.Method.invoke(Method.java:597)
	at com.opensymphony.xwork2.DefaultActionInvocation.invokeAction(DefaultActionInvocation.java:446)
	at com.opensymphony.xwork2.DefaultActionInvocation.invokeActionOnly(DefaultActionInvocation.java:285)
	at com.opensymphony.xwork2.DefaultActionInvocation.invoke(DefaultActionInvocation.java:248)
	at com.sx.core.interceptor.LoginfoForHTTPInterceptor.doIntercept(LoginfoForHTTPInterceptor.java:62)
	at com.opensymphony.xwork2.interceptor.MethodFilterInterceptor.intercept(MethodFilterInterceptor.java:98)
	at com.opensymphony.xwork2.DefaultActionInvocation.invoke(DefaultActionInvocation.java:242)
	at org.apache.struts2.interceptor.debugging.DebuggingInterceptor.intercept(DebuggingInterceptor.java:256)
	at com.opensymphony.xwork2.DefaultActionInvocation.invoke(DefaultActionInvocation.java:242)
	at com.opensymphony.xwork2.interceptor.DefaultWorkflowInterceptor.doIntercept(DefaultWorkflowInterceptor.java:176)
	at com.opensymphony.xwork2.interceptor.MethodFilterInterceptor.intercept(MethodFilterInterceptor.java:98)
	at com.opensymphony.xwork2.DefaultActionInvocation.invoke(DefaultActionInvocation.java:242)
	at com.opensymphony.xwork2.validator.ValidationInterceptor.doIntercept(ValidationInterceptor.java:265)
	at org.apache.struts2.interceptor.validation.AnnotationValidationInterceptor.doIntercept(AnnotationValidationInterceptor.java:68)
	at com.opensymphony.xwork2.interceptor.MethodFilterInterceptor.intercept(MethodFilterInterceptor.java:98)
	at com.opensymphony.xwork2.DefaultActionInvocation.invoke(DefaultActionInvocation.java:242)
	at com.opensymphony.xwork2.interceptor.ConversionErrorInterceptor.intercept(ConversionErrorInterceptor.java:138)
	at com.opensymphony.xwork2.DefaultActionInvocation.invoke(DefaultActionInvocation.java:242)
	at com.opensymphony.xwork2.interceptor.ParametersInterceptor.doIntercept(ParametersInterceptor.java:238)
	at com.opensymphony.xwork2.interceptor.MethodFilterInterceptor.intercept(MethodFilterInterceptor.java:98)
	at com.opensymphony.xwork2.DefaultActionInvocation.invoke(DefaultActionInvocation.java:242)
	at com.opensymphony.xwork2.interceptor.ParametersInterceptor.doIntercept(ParametersInterceptor.java:238)
	at com.opensymphony.xwork2.interceptor.MethodFilterInterceptor.intercept(MethodFilterInterceptor.java:98)
	at com.opensymphony.xwork2.DefaultActionInvocation.invoke(DefaultActionInvocation.java:242)
	at com.opensymphony.xwork2.interceptor.StaticParametersInterceptor.intercept(StaticParametersInterceptor.java:191)
	at com.opensymphony.xwork2.DefaultActionInvocation.invoke(DefaultActionInvocation.java:242)
	at org.apache.struts2.interceptor.MultiselectInterceptor.intercept(MultiselectInterceptor.java:73)
	at com.opensymphony.xwork2.DefaultActionInvocation.invoke(DefaultActionInvocation.java:242)
	at org.apache.struts2.interceptor.CheckboxInterceptor.intercept(CheckboxInterceptor.java:91)
	at com.opensymphony.xwork2.DefaultActionInvocation.invoke(DefaultActionInvocation.java:242)
	at org.apache.struts2.interceptor.FileUploadInterceptor.intercept(FileUploadInterceptor.java:252)
	at com.opensymphony.xwork2.DefaultActionInvocation.invoke(DefaultActionInvocation.java:242)
	at com.opensymphony.xwork2.interceptor.ModelDrivenInterceptor.intercept(ModelDrivenInterceptor.java:100)
	at com.opensymphony.xwork2.DefaultActionInvocation.invoke(DefaultActionInvocation.java:242)
	at com.opensymphony.xwork2.interceptor.ScopedModelDrivenInterceptor.intercept(ScopedModelDrivenInterceptor.java:141)
	at com.opensymphony.xwork2.DefaultActionInvocation.invoke(DefaultActionInvocation.java:242)
	at com.opensymphony.xwork2.interceptor.ChainingInterceptor.intercept(ChainingInterceptor.java:145)
	at com.opensymphony.xwork2.DefaultActionInvocation.invoke(DefaultActionInvocation.java:242)
	at com.opensymphony.xwork2.interceptor.PrepareInterceptor.doIntercept(PrepareInterceptor.java:171)
	at com.opensymphony.xwork2.interceptor.MethodFilterInterceptor.intercept(MethodFilterInterceptor.java:98)
	at com.opensymphony.xwork2.DefaultActionInvocation.invoke(DefaultActionInvocation.java:242)
	at com.opensymphony.xwork2.interceptor.I18nInterceptor.intercept(I18nInterceptor.java:176)
	at com.opensymphony.xwork2.DefaultActionInvocation.invoke(DefaultActionInvocation.java:242)
	at org.apache.struts2.interceptor.ServletConfigInterceptor.intercept(ServletConfigInterceptor.java:164)
	at com.opensymphony.xwork2.DefaultActionInvocation.invoke(DefaultActionInvocation.java:242)
	at com.opensymphony.xwork2.interceptor.AliasInterceptor.intercept(AliasInterceptor.java:193)
	at com.opensymphony.xwork2.DefaultActionInvocation.invoke(DefaultActionInvocation.java:242)
	at com.opensymphony.xwork2.interceptor.ExceptionMappingInterceptor.intercept(ExceptionMappingInterceptor.java:187)
	at com.opensymphony.xwork2.DefaultActionInvocation.invoke(DefaultActionInvocation.java:242)
	at org.apache.struts2.impl.StrutsActionProxy.execute(StrutsActionProxy.java:54)
	at org.apache.struts2.dispatcher.Dispatcher.serviceAction(Dispatcher.java:544)
	at org.apache.struts2.dispatcher.ng.ExecuteOperations.executeAction(ExecuteOperations.java:77)
	at org.apache.struts2.dispatcher.ng.filter.StrutsPrepareAndExecuteFilter.doFilter(StrutsPrepareAndExecuteFilter.java:91)
	at org.apache.catalina.core.ApplicationFilterChain.internalDoFilter(ApplicationFilterChain.java:235)
	at org.apache.catalina.core.ApplicationFilterChain.doFilter(ApplicationFilterChain.java:206)
	at org.apache.catalina.core.StandardWrapperValve.invoke(StandardWrapperValve.java:233)
	at org.apache.catalina.core.StandardContextValve.invoke(StandardContextValve.java:191)
	at org.apache.catalina.core.StandardHostValve.invoke(StandardHostValve.java:127)
	at org.apache.catalina.valves.ErrorReportValve.invoke(ErrorReportValve.java:102)
	at org.apache.catalina.core.StandardEngineValve.invoke(StandardEngineValve.java:109)
	at org.apache.catalina.connector.CoyoteAdapter.service(CoyoteAdapter.java:298)
	at org.apache.coyote.http11.Http11AprProcessor.process(Http11AprProcessor.java:864)
	at org.apache.coyote.http11.Http11AprProtocol$Http11ConnectionHandler.process(Http11AprProtocol.java:579)
	at org.apache.tomcat.util.net.AprEndpoint$Worker.run(AprEndpoint.java:1665)
	at java.lang.Thread.run(Thread.java:662)
Caused by: com.alibaba.fastjson.JSONException: exepct '[', but EOF
	at com.alibaba.fastjson.parser.DefaultJSONParser.parseArray(DefaultJSONParser.java:535)
	at com.alibaba.fastjson.parser.DefaultJSONParser.parseArray(DefaultJSONParser.java:525)
	at com.alibaba.fastjson.parser.DefaultJSONParser.parseArray(DefaultJSONParser.java:520)
	at com.alibaba.fastjson.JSON.parseArray(JSON.java:335)
	at com.sx.btccoin.action.BtcAction.makeAnalyseOKCoinBtcMapForSale(BtcAction.java:104)
	at com.sx.btccoin.action.BtcAction.makeAnalyseCoinEntity(BtcAction.java:146)
	... 68 more
[ERROR]_2014-08-19 23:35:38 :在拦截信息时出现异常情况
  com.sx.util.exception.SXException: 
	at com.sx.btccoin.action.BtcAction.addAnalysisBtcPoint(BtcAction.java:229)
	at sun.reflect.GeneratedMethodAccessor59.invoke(Unknown Source)
	at sun.reflect.DelegatingMethodAccessorImpl.invoke(DelegatingMethodAccessorImpl.java:25)
	at java.lang.reflect.Method.invoke(Method.java:597)
	at com.opensymphony.xwork2.DefaultActionInvocation.invokeAction(DefaultActionInvocation.java:446)
	at com.opensymphony.xwork2.DefaultActionInvocation.invokeActionOnly(DefaultActionInvocation.java:285)
	at com.opensymphony.xwork2.DefaultActionInvocation.invoke(DefaultActionInvocation.java:248)
	at com.sx.core.interceptor.LoginfoForHTTPInterceptor.doIntercept(LoginfoForHTTPInterceptor.java:62)
	at com.opensymphony.xwork2.interceptor.MethodFilterInterceptor.intercept(MethodFilterInterceptor.java:98)
	at com.opensymphony.xwork2.DefaultActionInvocation.invoke(DefaultActionInvocation.java:242)
	at org.apache.struts2.interceptor.debugging.DebuggingInterceptor.intercept(DebuggingInterceptor.java:256)
	at com.opensymphony.xwork2.DefaultActionInvocation.invoke(DefaultActionInvocation.java:242)
	at com.opensymphony.xwork2.interceptor.DefaultWorkflowInterceptor.doIntercept(DefaultWorkflowInterceptor.java:176)
	at com.opensymphony.xwork2.interceptor.MethodFilterInterceptor.intercept(MethodFilterInterceptor.java:98)
	at com.opensymphony.xwork2.DefaultActionInvocation.invoke(DefaultActionInvocation.java:242)
	at com.opensymphony.xwork2.validator.ValidationInterceptor.doIntercept(ValidationInterceptor.java:265)
	at org.apache.struts2.interceptor.validation.AnnotationValidationInterceptor.doIntercept(AnnotationValidationInterceptor.java:68)
	at com.opensymphony.xwork2.interceptor.MethodFilterInterceptor.intercept(MethodFilterInterceptor.java:98)
	at com.opensymphony.xwork2.DefaultActionInvocation.invoke(DefaultActionInvocation.java:242)
	at com.opensymphony.xwork2.interceptor.ConversionErrorInterceptor.intercept(ConversionErrorInterceptor.java:138)
	at com.opensymphony.xwork2.DefaultActionInvocation.invoke(DefaultActionInvocation.java:242)
	at com.opensymphony.xwork2.interceptor.ParametersInterceptor.doIntercept(ParametersInterceptor.java:238)
	at com.opensymphony.xwork2.interceptor.MethodFilterInterceptor.intercept(MethodFilterInterceptor.java:98)
	at com.opensymphony.xwork2.DefaultActionInvocation.invoke(DefaultActionInvocation.java:242)
	at com.opensymphony.xwork2.interceptor.ParametersInterceptor.doIntercept(ParametersInterceptor.java:238)
	at com.opensymphony.xwork2.interceptor.MethodFilterInterceptor.intercept(MethodFilterInterceptor.java:98)
	at com.opensymphony.xwork2.DefaultActionInvocation.invoke(DefaultActionInvocation.java:242)
	at com.opensymphony.xwork2.interceptor.StaticParametersInterceptor.intercept(StaticParametersInterceptor.java:191)
	at com.opensymphony.xwork2.DefaultActionInvocation.invoke(DefaultActionInvocation.java:242)
	at org.apache.struts2.interceptor.MultiselectInterceptor.intercept(MultiselectInterceptor.java:73)
	at com.opensymphony.xwork2.DefaultActionInvocation.invoke(DefaultActionInvocation.java:242)
	at org.apache.struts2.interceptor.CheckboxInterceptor.intercept(CheckboxInterceptor.java:91)
	at com.opensymphony.xwork2.DefaultActionInvocation.invoke(DefaultActionInvocation.java:242)
	at org.apache.struts2.interceptor.FileUploadInterceptor.intercept(FileUploadInterceptor.java:252)
	at com.opensymphony.xwork2.DefaultActionInvocation.invoke(DefaultActionInvocation.java:242)
	at com.opensymphony.xwork2.interceptor.ModelDrivenInterceptor.intercept(ModelDrivenInterceptor.java:100)
	at com.opensymphony.xwork2.DefaultActionInvocation.invoke(DefaultActionInvocation.java:242)
	at com.opensymphony.xwork2.interceptor.ScopedModelDrivenInterceptor.intercept(ScopedModelDrivenInterceptor.java:141)
	at com.opensymphony.xwork2.DefaultActionInvocation.invoke(DefaultActionInvocation.java:242)
	at com.opensymphony.xwork2.interceptor.ChainingInterceptor.intercept(ChainingInterceptor.java:145)
	at com.opensymphony.xwork2.DefaultActionInvocation.invoke(DefaultActionInvocation.java:242)
	at com.opensymphony.xwork2.interceptor.PrepareInterceptor.doIntercept(PrepareInterceptor.java:171)
	at com.opensymphony.xwork2.interceptor.MethodFilterInterceptor.intercept(MethodFilterInterceptor.java:98)
	at com.opensymphony.xwork2.DefaultActionInvocation.invoke(DefaultActionInvocation.java:242)
	at com.opensymphony.xwork2.interceptor.I18nInterceptor.intercept(I18nInterceptor.java:176)
	at com.opensymphony.xwork2.DefaultActionInvocation.invoke(DefaultActionInvocation.java:242)
	at org.apache.struts2.interceptor.ServletConfigInterceptor.intercept(ServletConfigInterceptor.java:164)
	at com.opensymphony.xwork2.DefaultActionInvocation.invoke(DefaultActionInvocation.java:242)
	at com.opensymphony.xwork2.interceptor.AliasInterceptor.intercept(AliasInterceptor.java:193)
	at com.opensymphony.xwork2.DefaultActionInvocation.invoke(DefaultActionInvocation.java:242)
	at com.opensymphony.xwork2.interceptor.ExceptionMappingInterceptor.intercept(ExceptionMappingInterceptor.java:187)
	at com.opensymphony.xwork2.DefaultActionInvocation.invoke(DefaultActionInvocation.java:242)
	at org.apache.struts2.impl.StrutsActionProxy.execute(StrutsActionProxy.java:54)
	at org.apache.struts2.dispatcher.Dispatcher.serviceAction(Dispatcher.java:544)
	at org.apache.struts2.dispatcher.ng.ExecuteOperations.executeAction(ExecuteOperations.java:77)
	at org.apache.struts2.dispatcher.ng.filter.StrutsPrepareAndExecuteFilter.doFilter(StrutsPrepareAndExecuteFilter.java:91)
	at org.apache.catalina.core.ApplicationFilterChain.internalDoFilter(ApplicationFilterChain.java:235)
	at org.apache.catalina.core.ApplicationFilterChain.doFilter(ApplicationFilterChain.java:206)
	at org.apache.catalina.core.StandardWrapperValve.invoke(StandardWrapperValve.java:233)
	at org.apache.catalina.core.StandardContextValve.invoke(StandardContextValve.java:191)
	at org.apache.catalina.core.StandardHostValve.invoke(StandardHostValve.java:127)
	at org.apache.catalina.valves.ErrorReportValve.invoke(ErrorReportValve.java:102)
	at org.apache.catalina.core.StandardEngineValve.invoke(StandardEngineValve.java:109)
	at org.apache.catalina.connector.CoyoteAdapter.service(CoyoteAdapter.java:298)
	at org.apache.coyote.http11.Http11AprProcessor.process(Http11AprProcessor.java:864)
	at org.apache.coyote.http11.Http11AprProtocol$Http11ConnectionHandler.process(Http11AprProtocol.java:579)
	at org.apache.tomcat.util.net.AprEndpoint$Worker.run(AprEndpoint.java:1665)
	at java.lang.Thread.run(Thread.java:662)
Caused by: com.sx.util.exception.SXException: 
	at com.sx.btccoin.action.BtcAction.makeAnalyseCoinEntity(BtcAction.java:167)
	at com.sx.btccoin.action.BtcAction.addAnalysisBtcPoint(BtcAction.java:223)
	... 67 more
Caused by: com.alibaba.fastjson.JSONException: exepct '[', but EOF
	at com.alibaba.fastjson.parser.DefaultJSONParser.parseArray(DefaultJSONParser.java:535)
	at com.alibaba.fastjson.parser.DefaultJSONParser.parseArray(DefaultJSONParser.java:525)
	at com.alibaba.fastjson.parser.DefaultJSONParser.parseArray(DefaultJSONParser.java:520)
	at com.alibaba.fastjson.JSON.parseArray(JSON.java:335)
	at com.sx.btccoin.action.BtcAction.makeAnalyseOKCoinBtcMapForSale(BtcAction.java:104)
	at com.sx.btccoin.action.BtcAction.makeAnalyseCoinEntity(BtcAction.java:146)
	... 68 more
[ERROR]_2014-08-19 23:35:38 :Could not find action or result
/summer/back/btc/addanalysisbtcpoint.jspx
  No result defined for action com.sx.btccoin.action.BtcAction and result exception
	at com.opensymphony.xwork2.DefaultActionInvocation.executeResult(DefaultActionInvocation.java:369)
	at com.opensymphony.xwork2.DefaultActionInvocation.invoke(DefaultActionInvocation.java:271)
	at org.apache.struts2.impl.StrutsActionProxy.execute(StrutsActionProxy.java:54)
	at org.apache.struts2.dispatcher.Dispatcher.serviceAction(Dispatcher.java:544)
	at org.apache.struts2.dispatcher.ng.ExecuteOperations.executeAction(ExecuteOperations.java:77)
	at org.apache.struts2.dispatcher.ng.filter.StrutsPrepareAndExecuteFilter.doFilter(StrutsPrepareAndExecuteFilter.java:91)
	at org.apache.catalina.core.ApplicationFilterChain.internalDoFilter(ApplicationFilterChain.java:235)
	at org.apache.catalina.core.ApplicationFilterChain.doFilter(ApplicationFilterChain.java:206)
	at org.apache.catalina.core.StandardWrapperValve.invoke(StandardWrapperValve.java:233)
	at org.apache.catalina.core.StandardContextValve.invoke(StandardContextValve.java:191)
	at org.apache.catalina.core.StandardHostValve.invoke(StandardHostValve.java:127)
	at org.apache.catalina.valves.ErrorReportValve.invoke(ErrorReportValve.java:102)
	at org.apache.catalina.core.StandardEngineValve.invoke(StandardEngineValve.java:109)
	at org.apache.catalina.connector.CoyoteAdapter.service(CoyoteAdapter.java:298)
	at org.apache.coyote.http11.Http11AprProcessor.process(Http11AprProcessor.java:864)
	at org.apache.coyote.http11.Http11AprProtocol$Http11ConnectionHandler.process(Http11AprProtocol.java:579)
	at org.apache.tomcat.util.net.AprEndpoint$Worker.run(AprEndpoint.java:1665)
	at java.lang.Thread.run(Thread.java:662)
[ERROR]_2014-08-19 23:35:46 :==========10,10=========
  [ERROR]_2014-08-19 23:35:46 :1======
  [ERROR]_2014-08-19 23:35:46 :Developer Notification (set struts.devMode to false to disable this message):
Unexpected Exception caught setting 'node' on 'class com.sx.rbac.action.MenuAction: Error setting expression 'node' with value ['47', ]
  [ERROR]_2014-08-19 23:35:46 :Developer Notification (set struts.devMode to false to disable this message):
Unexpected Exception caught setting 'node' on 'class com.sx.rbac.action.MenuAction: Error setting expression 'node' with value ['48', ]
  [ERROR]_2014-08-19 23:35:46 :Developer Notification (set struts.devMode to false to disable this message):
Unexpected Exception caught setting 'node' on 'class com.sx.rbac.action.MenuAction: Error setting expression 'node' with value ['51', ]
  [ERROR]_2014-08-19 23:35:55 :==========10,10=========
  [ERROR]_2014-08-19 23:35:55 :1======
  [ERROR]_2014-08-19 23:35:56 :Developer Notification (set struts.devMode to false to disable this message):
Unexpected Exception caught setting 'node' on 'class com.sx.rbac.action.MenuAction: Error setting expression 'node' with value ['47', ]
  [ERROR]_2014-08-19 23:35:56 :Developer Notification (set struts.devMode to false to disable this message):
Unexpected Exception caught setting 'node' on 'class com.sx.rbac.action.MenuAction: Error setting expression 'node' with value ['51', ]
  [ERROR]_2014-08-19 23:35:56 :Developer Notification (set struts.devMode to false to disable this message):
Unexpected Exception caught setting 'node' on 'class com.sx.rbac.action.MenuAction: Error setting expression 'node' with value ['48', ]
  [ERROR]_2014-08-19 23:41:38 :==========10,10=========
  [ERROR]_2014-08-19 23:41:38 :1======
  [ERROR]_2014-08-19 23:41:39 :Developer Notification (set struts.devMode to false to disable this message):
Unexpected Exception caught setting 'node' on 'class com.sx.rbac.action.MenuAction: Error setting expression 'node' with value ['47', ]
  [ERROR]_2014-08-19 23:41:39 :Developer Notification (set struts.devMode to false to disable this message):
Unexpected Exception caught setting 'node' on 'class com.sx.rbac.action.MenuAction: Error setting expression 'node' with value ['51', ]
  [ERROR]_2014-08-19 23:41:39 :Developer Notification (set struts.devMode to false to disable this message):
Unexpected Exception caught setting 'node' on 'class com.sx.rbac.action.MenuAction: Error setting expression 'node' with value ['48', ]
  [ERROR]_2014-08-19 23:42:43 :==========10,10=========
  [ERROR]_2014-08-19 23:42:43 :1======
  [ERROR]_2014-08-19 23:42:43 :Developer Notification (set struts.devMode to false to disable this message):
Unexpected Exception caught setting 'node' on 'class com.sx.rbac.action.MenuAction: Error setting expression 'node' with value ['47', ]
  [ERROR]_2014-08-19 23:42:43 :Developer Notification (set struts.devMode to false to disable this message):
Unexpected Exception caught setting 'node' on 'class com.sx.rbac.action.MenuAction: Error setting expression 'node' with value ['51', ]
  [ERROR]_2014-08-19 23:42:43 :Developer Notification (set struts.devMode to false to disable this message):
Unexpected Exception caught setting 'node' on 'class com.sx.rbac.action.MenuAction: Error setting expression 'node' with value ['48', ]
  [ERROR]_2014-08-19 23:43:37 :==========10,10=========
  [ERROR]_2014-08-19 23:43:37 :1======
  [ERROR]_2014-08-19 23:43:37 :Developer Notification (set struts.devMode to false to disable this message):
Unexpected Exception caught setting 'node' on 'class com.sx.rbac.action.MenuAction: Error setting expression 'node' with value ['47', ]
  [ERROR]_2014-08-19 23:43:37 :Developer Notification (set struts.devMode to false to disable this message):
Unexpected Exception caught setting 'node' on 'class com.sx.rbac.action.MenuAction: Error setting expression 'node' with value ['48', ]
  [ERROR]_2014-08-19 23:43:37 :Developer Notification (set struts.devMode to false to disable this message):
Unexpected Exception caught setting 'node' on 'class com.sx.rbac.action.MenuAction: Error setting expression 'node' with value ['51', ]
  [ERROR]_2014-08-19 23:44:13 :==========10,10=========
  [ERROR]_2014-08-19 23:44:13 :1======
  [ERROR]_2014-08-19 23:44:13 :Developer Notification (set struts.devMode to false to disable this message):
Unexpected Exception caught setting 'node' on 'class com.sx.rbac.action.MenuAction: Error setting expression 'node' with value ['47', ]
  [ERROR]_2014-08-19 23:44:13 :Developer Notification (set struts.devMode to false to disable this message):
Unexpected Exception caught setting 'node' on 'class com.sx.rbac.action.MenuAction: Error setting expression 'node' with value ['51', ]
  [ERROR]_2014-08-19 23:44:13 :Developer Notification (set struts.devMode to false to disable this message):
Unexpected Exception caught setting 'node' on 'class com.sx.rbac.action.MenuAction: Error setting expression 'node' with value ['48', ]
  [ERROR]_2014-08-19 23:44:45 :==========10,10=========
  [ERROR]_2014-08-19 23:44:45 :1======
  [ERROR]_2014-08-19 23:44:45 :Developer Notification (set struts.devMode to false to disable this message):
Unexpected Exception caught setting 'node' on 'class com.sx.rbac.action.MenuAction: Error setting expression 'node' with value ['47', ]
  [ERROR]_2014-08-19 23:44:45 :Developer Notification (set struts.devMode to false to disable this message):
Unexpected Exception caught setting 'node' on 'class com.sx.rbac.action.MenuAction: Error setting expression 'node' with value ['48', ]
  [ERROR]_2014-08-19 23:44:45 :Developer Notification (set struts.devMode to false to disable this message):
Unexpected Exception caught setting 'node' on 'class com.sx.rbac.action.MenuAction: Error setting expression 'node' with value ['51', ]
  